CRITICAL - 2022-06-27 02:29:30 --> syntax error, unexpected token "echo"
in APPPATH\Controllers\Agences.php on line 179.
 1 SYSTEMPATH\Router\Router.php(499): CodeIgniter\Router\AutoRouter->getRoute('Agences/modifier_une_agence/1')
 2 SYSTEMPATH\Router\Router.php(205): CodeIgniter\Router\Router->autoRoute('Agences/modifier_une_agence/1')
 3 SYSTEMPATH\CodeIgniter.php(771): CodeIgniter\Router\Router->handle('Agences/modifier_une_agence/1')
 4 SYSTEMPATH\CodeIgniter.php(415): CodeIgniter\CodeIgniter->tryToRouteIt(Object(CodeIgniter\Router\RouteCollection))
 5 SYSTEMPATH\CodeIgniter.php(349): CodeIgniter\CodeIgniter->handleRequest(null, Object(Config\Cache), false)
 6 FCPATH\index.php(55): CodeIgniter\CodeIgniter->run()
CRITICAL - 2022-06-27 02:29:41 --> CodeIgniter\Validation\Validation::setRules(): Argument #1 ($rules) must be of type array, bool given, called in C:\xampp\htdocs\rtw\system\Controller.php on line 184
in SYSTEMPATH\Validation\Validation.php on line 425.
 1 SYSTEMPATH\Controller.php(184): CodeIgniter\Validation\Validation->setRules(false, [])
 2 SYSTEMPATH\Controller.php(138): CodeIgniter\Controller->setValidator(false, [])
 3 APPPATH\Controllers\Agences.php(177): CodeIgniter\Controller->validate(false)
 4 SYSTEMPATH\CodeIgniter.php(896): App\Controllers\Agences->modifier_une_agence('1')
 5 SYSTEMPATH\CodeIgniter.php(466): CodeIgniter\CodeIgniter->runController(Object(App\Controllers\Agences))
 6 SYSTEMPATH\CodeIgniter.php(349): CodeIgniter\CodeIgniter->handleRequest(null, Object(Config\Cache), false)
 7 FCPATH\index.php(55): CodeIgniter\CodeIgniter->run()
CRITICAL - 2022-06-27 02:42:57 --> Undefined variable $agence_nom
in APPPATH\Views\agences\modification-agence.php on line 8.
 1 APPPATH\Views\agences\modification-agence.php(8): CodeIgniter\Debug\Exceptions->errorHandler(2, 'Undefined variable $agence_nom', 'APPPATH\\Views\\agences\\modification-agence.php', 8)
 2 SYSTEMPATH\View\View.php(213): include('APPPATH\\Views\\agences\\modification-agence.php')
 3 SYSTEMPATH\View\View.php(216): CodeIgniter\View\View->CodeIgniter\View\{closure}()
 4 SYSTEMPATH\Common.php(1135): CodeIgniter\View\View->render('agences/modification-agence', [], true)
 5 APPPATH\Controllers\Agences.php(188): view('agences/modification-agence', [...])
 6 SYSTEMPATH\CodeIgniter.php(896): App\Controllers\Agences->modifier_une_agence('1')
 7 SYSTEMPATH\CodeIgniter.php(466): CodeIgniter\CodeIgniter->runController(Object(App\Controllers\Agences))
 8 SYSTEMPATH\CodeIgniter.php(349): CodeIgniter\CodeIgniter->handleRequest(null, Object(Config\Cache), false)
 9 FCPATH\index.php(55): CodeIgniter\CodeIgniter->run()
CRITICAL - 2022-06-27 02:47:42 --> Attempt to read property "agence_nom" on array
in APPPATH\Controllers\Agences.php on line 191.
 1 APPPATH\Controllers\Agences.php(191): CodeIgniter\Debug\Exceptions->errorHandler(2, 'Attempt to read property "agence_nom" on array', 'APPPATH\\Controllers\\Agences.php', 191)
 2 SYSTEMPATH\CodeIgniter.php(896): App\Controllers\Agences->modifier_une_agence('1')
 3 SYSTEMPATH\CodeIgniter.php(466): CodeIgniter\CodeIgniter->runController(Object(App\Controllers\Agences))
 4 SYSTEMPATH\CodeIgniter.php(349): CodeIgniter\CodeIgniter->handleRequest(null, Object(Config\Cache), false)
 5 FCPATH\index.php(55): CodeIgniter\CodeIgniter->run()
CRITICAL - 2022-06-27 03:08:44 --> syntax error, unexpected token "}", expecting ";" or "{"
in APPPATH\Models\AgencesModel.php on line 33.
 1 SYSTEMPATH\Autoloader\Autoloader.php(261): CodeIgniter\Autoloader\Autoloader->includeFile('APPPATH\\Models\\AgencesModel.php')
 2 SYSTEMPATH\Autoloader\Autoloader.php(239): CodeIgniter\Autoloader\Autoloader->loadInNamespace('App\\Models\\AgencesModel')
 3 APPPATH\Controllers\Agences.php(172): CodeIgniter\Autoloader\Autoloader->loadClass('App\\Models\\AgencesModel')
 4 SYSTEMPATH\CodeIgniter.php(896): App\Controllers\Agences->modifier_une_agence('1')
 5 SYSTEMPATH\CodeIgniter.php(466): CodeIgniter\CodeIgniter->runController(Object(App\Controllers\Agences))
 6 SYSTEMPATH\CodeIgniter.php(349): CodeIgniter\CodeIgniter->handleRequest(null, Object(Config\Cache), false)
 7 FCPATH\index.php(55): CodeIgniter\CodeIgniter->run()
CRITICAL - 2022-06-27 03:12:55 --> Attempt to read property "agence_nom" on array
in APPPATH\Controllers\Agences.php on line 191.
 1 APPPATH\Controllers\Agences.php(191): CodeIgniter\Debug\Exceptions->errorHandler(2, 'Attempt to read property "agence_nom" on array', 'APPPATH\\Controllers\\Agences.php', 191)
 2 SYSTEMPATH\CodeIgniter.php(896): App\Controllers\Agences->modifier_une_agence('1')
 3 SYSTEMPATH\CodeIgniter.php(466): CodeIgniter\CodeIgniter->runController(Object(App\Controllers\Agences))
 4 SYSTEMPATH\CodeIgniter.php(349): CodeIgniter\CodeIgniter->handleRequest(null, Object(Config\Cache), false)
 5 FCPATH\index.php(55): CodeIgniter\CodeIgniter->run()
CRITICAL - 2022-06-27 03:16:09 --> Undefined variable $parametre
in APPPATH\Views\agences\modification-agence.php on line 8.
 1 APPPATH\Views\agences\modification-agence.php(8): CodeIgniter\Debug\Exceptions->errorHandler(2, 'Undefined variable $parametre', 'APPPATH\\Views\\agences\\modification-agence.php', 8)
 2 SYSTEMPATH\View\View.php(213): include('APPPATH\\Views\\agences\\modification-agence.php')
 3 SYSTEMPATH\View\View.php(216): CodeIgniter\View\View->CodeIgniter\View\{closure}()
 4 SYSTEMPATH\Common.php(1135): CodeIgniter\View\View->render('agences/modification-agence', [], true)
 5 APPPATH\Controllers\Agences.php(188): view('agences/modification-agence', [...])
 6 SYSTEMPATH\CodeIgniter.php(896): App\Controllers\Agences->modifier_une_agence('1')
 7 SYSTEMPATH\CodeIgniter.php(466): CodeIgniter\CodeIgniter->runController(Object(App\Controllers\Agences))
 8 SYSTEMPATH\CodeIgniter.php(349): CodeIgniter\CodeIgniter->handleRequest(null, Object(Config\Cache), false)
 9 FCPATH\index.php(55): CodeIgniter\CodeIgniter->run()
CRITICAL - 2022-06-27 03:38:52 --> Attempt to read property "agence_nom" on array
in APPPATH\Controllers\Agences.php on line 190.
 1 APPPATH\Controllers\Agences.php(190): CodeIgniter\Debug\Exceptions->errorHandler(2, 'Attempt to read property "agence_nom" on array', 'APPPATH\\Controllers\\Agences.php', 190)
 2 SYSTEMPATH\CodeIgniter.php(896): App\Controllers\Agences->modifier_une_agence('1')
 3 SYSTEMPATH\CodeIgniter.php(466): CodeIgniter\CodeIgniter->runController(Object(App\Controllers\Agences))
 4 SYSTEMPATH\CodeIgniter.php(349): CodeIgniter\CodeIgniter->handleRequest(null, Object(Config\Cache), false)
 5 FCPATH\index.php(55): CodeIgniter\CodeIgniter->run()
CRITICAL - 2022-06-27 04:06:37 --> Undefined array key "etat"
in APPPATH\Views\agences\modification-agence.php on line 49.
 1 APPPATH\Views\agences\modification-agence.php(49): CodeIgniter\Debug\Exceptions->errorHandler(2, 'Undefined array key "etat"', 'APPPATH\\Views\\agences\\modification-agence.php', 49)
 2 SYSTEMPATH\View\View.php(213): include('APPPATH\\Views\\agences\\modification-agence.php')
 3 SYSTEMPATH\View\View.php(216): CodeIgniter\View\View->CodeIgniter\View\{closure}()
 4 SYSTEMPATH\Common.php(1135): CodeIgniter\View\View->render('agences/modification-agence', [], true)
 5 APPPATH\Controllers\Agences.php(190): view('agences/modification-agence', [...])
 6 SYSTEMPATH\CodeIgniter.php(896): App\Controllers\Agences->modifier_une_agence('1')
 7 SYSTEMPATH\CodeIgniter.php(466): CodeIgniter\CodeIgniter->runController(Object(App\Controllers\Agences))
 8 SYSTEMPATH\CodeIgniter.php(349): CodeIgniter\CodeIgniter->handleRequest(null, Object(Config\Cache), false)
 9 FCPATH\index.php(55): CodeIgniter\CodeIgniter->run()
CRITICAL - 2022-06-27 04:10:42 --> Undefined array key "etat"
in APPPATH\Views\agences\modification-agence.php on line 4.
 1 APPPATH\Views\agences\modification-agence.php(4): CodeIgniter\Debug\Exceptions->errorHandler(2, 'Undefined array key "etat"', 'APPPATH\\Views\\agences\\modification-agence.php', 4)
 2 SYSTEMPATH\View\View.php(213): include('APPPATH\\Views\\agences\\modification-agence.php')
 3 SYSTEMPATH\View\View.php(216): CodeIgniter\View\View->CodeIgniter\View\{closure}()
 4 SYSTEMPATH\Common.php(1135): CodeIgniter\View\View->render('agences/modification-agence', [], true)
 5 APPPATH\Controllers\Agences.php(190): view('agences/modification-agence', [...])
 6 SYSTEMPATH\CodeIgniter.php(896): App\Controllers\Agences->modifier_une_agence('1')
 7 SYSTEMPATH\CodeIgniter.php(466): CodeIgniter\CodeIgniter->runController(Object(App\Controllers\Agences))
 8 SYSTEMPATH\CodeIgniter.php(349): CodeIgniter\CodeIgniter->handleRequest(null, Object(Config\Cache), false)
 9 FCPATH\index.php(55): CodeIgniter\CodeIgniter->run()
CRITICAL - 2022-06-27 04:13:57 --> Undefined constant "checked"
in APPPATH\Views\agences\modification-agence.php on line 5.
 1 SYSTEMPATH\View\View.php(213): include()
 2 SYSTEMPATH\View\View.php(216): CodeIgniter\View\View->CodeIgniter\View\{closure}()
 3 SYSTEMPATH\Common.php(1135): CodeIgniter\View\View->render('agences/modification-agence', [], true)
 4 APPPATH\Controllers\Agences.php(190): view('agences/modification-agence', [...])
 5 SYSTEMPATH\CodeIgniter.php(896): App\Controllers\Agences->modifier_une_agence('1')
 6 SYSTEMPATH\CodeIgniter.php(466): CodeIgniter\CodeIgniter->runController(Object(App\Controllers\Agences))
 7 SYSTEMPATH\CodeIgniter.php(349): CodeIgniter\CodeIgniter->handleRequest(null, Object(Config\Cache), false)
 8 FCPATH\index.php(55): CodeIgniter\CodeIgniter->run()
CRITICAL - 2022-06-27 04:14:28 --> Undefined variable $etat
in APPPATH\Views\agences\modification-agence.php on line 54.
 1 APPPATH\Views\agences\modification-agence.php(54): CodeIgniter\Debug\Exceptions->errorHandler(2, 'Undefined variable $etat', 'APPPATH\\Views\\agences\\modification-agence.php', 54)
 2 SYSTEMPATH\View\View.php(213): include('APPPATH\\Views\\agences\\modification-agence.php')
 3 SYSTEMPATH\View\View.php(216): CodeIgniter\View\View->CodeIgniter\View\{closure}()
 4 SYSTEMPATH\Common.php(1135): CodeIgniter\View\View->render('agences/modification-agence', [], true)
 5 APPPATH\Controllers\Agences.php(190): view('agences/modification-agence', [...])
 6 SYSTEMPATH\CodeIgniter.php(896): App\Controllers\Agences->modifier_une_agence('2')
 7 SYSTEMPATH\CodeIgniter.php(466): CodeIgniter\CodeIgniter->runController(Object(App\Controllers\Agences))
 8 SYSTEMPATH\CodeIgniter.php(349): CodeIgniter\CodeIgniter->handleRequest(null, Object(Config\Cache), false)
 9 FCPATH\index.php(55): CodeIgniter\CodeIgniter->run()
CRITICAL - 2022-06-27 04:43:49 --> Undefined variable $di
in APPPATH\Controllers\Agences.php on line 178.
 1 APPPATH\Controllers\Agences.php(178): CodeIgniter\Debug\Exceptions->errorHandler(2, 'Undefined variable $di', 'APPPATH\\Controllers\\Agences.php', 178)
 2 SYSTEMPATH\CodeIgniter.php(896): App\Controllers\Agences->modifier_une_agence()
 3 SYSTEMPATH\CodeIgniter.php(466): CodeIgniter\CodeIgniter->runController(Object(App\Controllers\Agences))
 4 SYSTEMPATH\CodeIgniter.php(349): CodeIgniter\CodeIgniter->handleRequest(null, Object(Config\Cache), false)
 5 FCPATH\index.php(55): CodeIgniter\CodeIgniter->run()
CRITICAL - 2022-06-27 04:44:42 --> Undefined variable $Titre
in APPPATH\Views\agences\modification-agence.php on line 1.
 1 APPPATH\Views\agences\modification-agence.php(1): CodeIgniter\Debug\Exceptions->errorHandler(2, 'Undefined variable $Titre', 'APPPATH\\Views\\agences\\modification-agence.php', 1)
 2 SYSTEMPATH\View\View.php(213): include('APPPATH\\Views\\agences\\modification-agence.php')
 3 SYSTEMPATH\View\View.php(216): CodeIgniter\View\View->CodeIgniter\View\{closure}()
 4 SYSTEMPATH\Common.php(1135): CodeIgniter\View\View->render('agences/modification-agence', [], true)
 5 APPPATH\Controllers\Agences.php(181): view('agences/modification-agence', [...])
 6 SYSTEMPATH\CodeIgniter.php(896): App\Controllers\Agences->modifier_une_agence()
 7 SYSTEMPATH\CodeIgniter.php(466): CodeIgniter\CodeIgniter->runController(Object(App\Controllers\Agences))
 8 SYSTEMPATH\CodeIgniter.php(349): CodeIgniter\CodeIgniter->handleRequest(null, Object(Config\Cache), false)
 9 FCPATH\index.php(55): CodeIgniter\CodeIgniter->run()
CRITICAL - 2022-06-27 04:44:43 --> Undefined variable $Titre
in APPPATH\Views\agences\modification-agence.php on line 1.
 1 APPPATH\Views\agences\modification-agence.php(1): CodeIgniter\Debug\Exceptions->errorHandler(2, 'Undefined variable $Titre', 'APPPATH\\Views\\agences\\modification-agence.php', 1)
 2 SYSTEMPATH\View\View.php(213): include('APPPATH\\Views\\agences\\modification-agence.php')
 3 SYSTEMPATH\View\View.php(216): CodeIgniter\View\View->CodeIgniter\View\{closure}()
 4 SYSTEMPATH\Common.php(1135): CodeIgniter\View\View->render('agences/modification-agence', [], true)
 5 APPPATH\Controllers\Agences.php(181): view('agences/modification-agence', [...])
 6 SYSTEMPATH\CodeIgniter.php(896): App\Controllers\Agences->modifier_une_agence()
 7 SYSTEMPATH\CodeIgniter.php(466): CodeIgniter\CodeIgniter->runController(Object(App\Controllers\Agences))
 8 SYSTEMPATH\CodeIgniter.php(349): CodeIgniter\CodeIgniter->handleRequest(null, Object(Config\Cache), false)
 9 FCPATH\index.php(55): CodeIgniter\CodeIgniter->run()
CRITICAL - 2022-06-27 04:45:14 --> Undefined variable $Titre
in APPPATH\Views\agences\modification-agence.php on line 1.
 1 APPPATH\Views\agences\modification-agence.php(1): CodeIgniter\Debug\Exceptions->errorHandler(2, 'Undefined variable $Titre', 'APPPATH\\Views\\agences\\modification-agence.php', 1)
 2 SYSTEMPATH\View\View.php(213): include('APPPATH\\Views\\agences\\modification-agence.php')
 3 SYSTEMPATH\View\View.php(216): CodeIgniter\View\View->CodeIgniter\View\{closure}()
 4 SYSTEMPATH\Common.php(1135): CodeIgniter\View\View->render('agences/modification-agence', [], true)
 5 APPPATH\Controllers\Agences.php(181): view('agences/modification-agence', [...])
 6 SYSTEMPATH\CodeIgniter.php(896): App\Controllers\Agences->modifier_une_agence()
 7 SYSTEMPATH\CodeIgniter.php(466): CodeIgniter\CodeIgniter->runController(Object(App\Controllers\Agences))
 8 SYSTEMPATH\CodeIgniter.php(349): CodeIgniter\CodeIgniter->handleRequest(null, Object(Config\Cache), false)
 9 FCPATH\index.php(55): CodeIgniter\CodeIgniter->run()
CRITICAL - 2022-06-27 04:45:16 --> Undefined variable $Titre
in APPPATH\Views\agences\modification-agence.php on line 1.
 1 APPPATH\Views\agences\modification-agence.php(1): CodeIgniter\Debug\Exceptions->errorHandler(2, 'Undefined variable $Titre', 'APPPATH\\Views\\agences\\modification-agence.php', 1)
 2 SYSTEMPATH\View\View.php(213): include('APPPATH\\Views\\agences\\modification-agence.php')
 3 SYSTEMPATH\View\View.php(216): CodeIgniter\View\View->CodeIgniter\View\{closure}()
 4 SYSTEMPATH\Common.php(1135): CodeIgniter\View\View->render('agences/modification-agence', [], true)
 5 APPPATH\Controllers\Agences.php(181): view('agences/modification-agence', [...])
 6 SYSTEMPATH\CodeIgniter.php(896): App\Controllers\Agences->modifier_une_agence()
 7 SYSTEMPATH\CodeIgniter.php(466): CodeIgniter\CodeIgniter->runController(Object(App\Controllers\Agences))
 8 SYSTEMPATH\CodeIgniter.php(349): CodeIgniter\CodeIgniter->handleRequest(null, Object(Config\Cache), false)
 9 FCPATH\index.php(55): CodeIgniter\CodeIgniter->run()
CRITICAL - 2022-06-27 04:45:18 --> Undefined variable $Titre
in APPPATH\Views\agences\modification-agence.php on line 1.
 1 APPPATH\Views\agences\modification-agence.php(1): CodeIgniter\Debug\Exceptions->errorHandler(2, 'Undefined variable $Titre', 'APPPATH\\Views\\agences\\modification-agence.php', 1)
 2 SYSTEMPATH\View\View.php(213): include('APPPATH\\Views\\agences\\modification-agence.php')
 3 SYSTEMPATH\View\View.php(216): CodeIgniter\View\View->CodeIgniter\View\{closure}()
 4 SYSTEMPATH\Common.php(1135): CodeIgniter\View\View->render('agences/modification-agence', [], true)
 5 APPPATH\Controllers\Agences.php(181): view('agences/modification-agence', [...])
 6 SYSTEMPATH\CodeIgniter.php(896): App\Controllers\Agences->modifier_une_agence()
 7 SYSTEMPATH\CodeIgniter.php(466): CodeIgniter\CodeIgniter->runController(Object(App\Controllers\Agences))
 8 SYSTEMPATH\CodeIgniter.php(349): CodeIgniter\CodeIgniter->handleRequest(null, Object(Config\Cache), false)
 9 FCPATH\index.php(55): CodeIgniter\CodeIgniter->run()
CRITICAL - 2022-06-27 04:48:32 --> Trying to access array offset on value of type null
in APPPATH\Views\agences\modification-agence.php on line 4.
 1 APPPATH\Views\agences\modification-agence.php(4): CodeIgniter\Debug\Exceptions->errorHandler(2, 'Trying to access array offset on value of type null', 'APPPATH\\Views\\agences\\modification-agence.php', 4)
 2 SYSTEMPATH\View\View.php(213): include('APPPATH\\Views\\agences\\modification-agence.php')
 3 SYSTEMPATH\View\View.php(216): CodeIgniter\View\View->CodeIgniter\View\{closure}()
 4 SYSTEMPATH\Common.php(1135): CodeIgniter\View\View->render('agences/modification-agence', [], true)
 5 APPPATH\Controllers\Agences.php(181): view('agences/modification-agence', [...])
 6 SYSTEMPATH\CodeIgniter.php(896): App\Controllers\Agences->modifier_une_agence()
 7 SYSTEMPATH\CodeIgniter.php(466): CodeIgniter\CodeIgniter->runController(Object(App\Controllers\Agences))
 8 SYSTEMPATH\CodeIgniter.php(349): CodeIgniter\CodeIgniter->handleRequest(null, Object(Config\Cache), false)
 9 FCPATH\index.php(55): CodeIgniter\CodeIgniter->run()
CRITICAL - 2022-06-27 07:08:07 --> Undefined variable $Titre
in APPPATH\Views\agences\modification-agence.php on line 1.
 1 APPPATH\Views\agences\modification-agence.php(1): CodeIgniter\Debug\Exceptions->errorHandler(2, 'Undefined variable $Titre', 'APPPATH\\Views\\agences\\modification-agence.php', 1)
 2 SYSTEMPATH\View\View.php(213): include('APPPATH\\Views\\agences\\modification-agence.php')
 3 SYSTEMPATH\View\View.php(216): CodeIgniter\View\View->CodeIgniter\View\{closure}()
 4 SYSTEMPATH\Common.php(1135): CodeIgniter\View\View->render('agences/modification-agence', [], true)
 5 APPPATH\Controllers\Agences.php(190): view('agences/modification-agence', [...])
 6 SYSTEMPATH\CodeIgniter.php(896): App\Controllers\Agences->modifier_une_agence('2')
 7 SYSTEMPATH\CodeIgniter.php(466): CodeIgniter\CodeIgniter->runController(Object(App\Controllers\Agences))
 8 SYSTEMPATH\CodeIgniter.php(349): CodeIgniter\CodeIgniter->handleRequest(null, Object(Config\Cache), false)
 9 FCPATH\index.php(55): CodeIgniter\CodeIgniter->run()
CRITICAL - 2022-06-27 07:12:18 --> Undefined variable $uneAgence
in APPPATH\Views\agences\modification-agence.php on line 4.
 1 APPPATH\Views\agences\modification-agence.php(4): CodeIgniter\Debug\Exceptions->errorHandler(2, 'Undefined variable $uneAgence', 'APPPATH\\Views\\agences\\modification-agence.php', 4)
 2 SYSTEMPATH\View\View.php(213): include('APPPATH\\Views\\agences\\modification-agence.php')
 3 SYSTEMPATH\View\View.php(216): CodeIgniter\View\View->CodeIgniter\View\{closure}()
 4 SYSTEMPATH\Common.php(1135): CodeIgniter\View\View->render('agences/modification-agence', [], true)
 5 APPPATH\Controllers\Agences.php(190): view('agences/modification-agence', [...])
 6 SYSTEMPATH\CodeIgniter.php(896): App\Controllers\Agences->modifier_une_agence('2')
 7 SYSTEMPATH\CodeIgniter.php(466): CodeIgniter\CodeIgniter->runController(Object(App\Controllers\Agences))
 8 SYSTEMPATH\CodeIgniter.php(349): CodeIgniter\CodeIgniter->handleRequest(null, Object(Config\Cache), false)
 9 FCPATH\index.php(55): CodeIgniter\CodeIgniter->run()
CRITICAL - 2022-06-27 07:16:54 --> Undefined variable $Titre
in APPPATH\Views\agences\modification-agence.php on line 1.
 1 APPPATH\Views\agences\modification-agence.php(1): CodeIgniter\Debug\Exceptions->errorHandler(2, 'Undefined variable $Titre', 'APPPATH\\Views\\agences\\modification-agence.php', 1)
 2 SYSTEMPATH\View\View.php(213): include('APPPATH\\Views\\agences\\modification-agence.php')
 3 SYSTEMPATH\View\View.php(216): CodeIgniter\View\View->CodeIgniter\View\{closure}()
 4 SYSTEMPATH\Common.php(1135): CodeIgniter\View\View->render('agences/modification-agence', [], true)
 5 APPPATH\Controllers\Agences.php(187): view('agences/modification-agence', [...])
 6 SYSTEMPATH\CodeIgniter.php(896): App\Controllers\Agences->modifier_une_agence('1')
 7 SYSTEMPATH\CodeIgniter.php(466): CodeIgniter\CodeIgniter->runController(Object(App\Controllers\Agences))
 8 SYSTEMPATH\CodeIgniter.php(349): CodeIgniter\CodeIgniter->handleRequest(null, Object(Config\Cache), false)
 9 FCPATH\index.php(55): CodeIgniter\CodeIgniter->run()
CRITICAL - 2022-06-27 07:17:18 --> Undefined variable $di
in APPPATH\Controllers\Agences.php on line 187.
 1 APPPATH\Controllers\Agences.php(187): CodeIgniter\Debug\Exceptions->errorHandler(2, 'Undefined variable $di', 'APPPATH\\Controllers\\Agences.php', 187)
 2 SYSTEMPATH\CodeIgniter.php(896): App\Controllers\Agences->modifier_une_agence('1')
 3 SYSTEMPATH\CodeIgniter.php(466): CodeIgniter\CodeIgniter->runController(Object(App\Controllers\Agences))
 4 SYSTEMPATH\CodeIgniter.php(349): CodeIgniter\CodeIgniter->handleRequest(null, Object(Config\Cache), false)
 5 FCPATH\index.php(55): CodeIgniter\CodeIgniter->run()
CRITICAL - 2022-06-27 07:24:45 --> Invalid file: agences/modification-agence/2.php
in SYSTEMPATH\Exceptions\FrameworkException.php on line 33.
 1 SYSTEMPATH\View\View.php(201): CodeIgniter\Exceptions\FrameworkException::forInvalidFile('agences/modification-agence/2.php')
 2 SYSTEMPATH\Common.php(1135): CodeIgniter\View\View->render('agences/modification-agence/2', [], true)
 3 APPPATH\Controllers\Agences.php(189): view('agences/modification-agence/2', [...])
 4 SYSTEMPATH\CodeIgniter.php(896): App\Controllers\Agences->modifier_une_agence('2')
 5 SYSTEMPATH\CodeIgniter.php(466): CodeIgniter\CodeIgniter->runController(Object(App\Controllers\Agences))
 6 SYSTEMPATH\CodeIgniter.php(349): CodeIgniter\CodeIgniter->handleRequest(null, Object(Config\Cache), false)
 7 FCPATH\index.php(55): CodeIgniter\CodeIgniter->run()
CRITICAL - 2022-06-27 07:24:52 --> Invalid file: agences/modification-agence/1.php
in SYSTEMPATH\Exceptions\FrameworkException.php on line 33.
 1 SYSTEMPATH\View\View.php(201): CodeIgniter\Exceptions\FrameworkException::forInvalidFile('agences/modification-agence/1.php')
 2 SYSTEMPATH\Common.php(1135): CodeIgniter\View\View->render('agences/modification-agence/1', [], true)
 3 APPPATH\Controllers\Agences.php(189): view('agences/modification-agence/1', [...])
 4 SYSTEMPATH\CodeIgniter.php(896): App\Controllers\Agences->modifier_une_agence('1')
 5 SYSTEMPATH\CodeIgniter.php(466): CodeIgniter\CodeIgniter->runController(Object(App\Controllers\Agences))
 6 SYSTEMPATH\CodeIgniter.php(349): CodeIgniter\CodeIgniter->handleRequest(null, Object(Config\Cache), false)
 7 FCPATH\index.php(55): CodeIgniter\CodeIgniter->run()
CRITICAL - 2022-06-27 07:24:53 --> Invalid file: agences/modification-agence/2.php
in SYSTEMPATH\Exceptions\FrameworkException.php on line 33.
 1 SYSTEMPATH\View\View.php(201): CodeIgniter\Exceptions\FrameworkException::forInvalidFile('agences/modification-agence/2.php')
 2 SYSTEMPATH\Common.php(1135): CodeIgniter\View\View->render('agences/modification-agence/2', [], true)
 3 APPPATH\Controllers\Agences.php(189): view('agences/modification-agence/2', [...])
 4 SYSTEMPATH\CodeIgniter.php(896): App\Controllers\Agences->modifier_une_agence('2')
 5 SYSTEMPATH\CodeIgniter.php(466): CodeIgniter\CodeIgniter->runController(Object(App\Controllers\Agences))
 6 SYSTEMPATH\CodeIgniter.php(349): CodeIgniter\CodeIgniter->handleRequest(null, Object(Config\Cache), false)
 7 FCPATH\index.php(55): CodeIgniter\CodeIgniter->run()
CRITICAL - 2022-06-27 07:24:56 --> Invalid file: agences/modification-agence/1.php
in SYSTEMPATH\Exceptions\FrameworkException.php on line 33.
 1 SYSTEMPATH\View\View.php(201): CodeIgniter\Exceptions\FrameworkException::forInvalidFile('agences/modification-agence/1.php')
 2 SYSTEMPATH\Common.php(1135): CodeIgniter\View\View->render('agences/modification-agence/1', [], true)
 3 APPPATH\Controllers\Agences.php(189): view('agences/modification-agence/1', [...])
 4 SYSTEMPATH\CodeIgniter.php(896): App\Controllers\Agences->modifier_une_agence('1')
 5 SYSTEMPATH\CodeIgniter.php(466): CodeIgniter\CodeIgniter->runController(Object(App\Controllers\Agences))
 6 SYSTEMPATH\CodeIgniter.php(349): CodeIgniter\CodeIgniter->handleRequest(null, Object(Config\Cache), false)
 7 FCPATH\index.php(55): CodeIgniter\CodeIgniter->run()
CRITICAL - 2022-06-27 07:25:04 --> syntax error, unexpected variable "$AgenceID", expecting ")"
in APPPATH\Controllers\Agences.php on line 189.
 1 SYSTEMPATH\Router\Router.php(499): CodeIgniter\Router\AutoRouter->getRoute('Agences/modifier_une_agence/1')
 2 SYSTEMPATH\Router\Router.php(205): CodeIgniter\Router\Router->autoRoute('Agences/modifier_une_agence/1')
 3 SYSTEMPATH\CodeIgniter.php(771): CodeIgniter\Router\Router->handle('Agences/modifier_une_agence/1')
 4 SYSTEMPATH\CodeIgniter.php(415): CodeIgniter\CodeIgniter->tryToRouteIt(Object(CodeIgniter\Router\RouteCollection))
 5 SYSTEMPATH\CodeIgniter.php(349): CodeIgniter\CodeIgniter->handleRequest(null, Object(Config\Cache), false)
 6 FCPATH\index.php(55): CodeIgniter\CodeIgniter->run()
CRITICAL - 2022-06-27 07:25:32 --> Invalid file: agences/modification-agence/.php
in SYSTEMPATH\Exceptions\FrameworkException.php on line 33.
 1 SYSTEMPATH\View\View.php(201): CodeIgniter\Exceptions\FrameworkException::forInvalidFile('agences/modification-agence/.php')
 2 SYSTEMPATH\Common.php(1135): CodeIgniter\View\View->render('agences/modification-agence/', [], true)
 3 APPPATH\Controllers\Agences.php(189): view('agences/modification-agence/', [...])
 4 SYSTEMPATH\CodeIgniter.php(896): App\Controllers\Agences->modifier_une_agence('1')
 5 SYSTEMPATH\CodeIgniter.php(466): CodeIgniter\CodeIgniter->runController(Object(App\Controllers\Agences))
 6 SYSTEMPATH\CodeIgniter.php(349): CodeIgniter\CodeIgniter->handleRequest(null, Object(Config\Cache), false)
 7 FCPATH\index.php(55): CodeIgniter\CodeIgniter->run()
CRITICAL - 2022-06-27 07:27:46 --> Invalid file: agences/modification-agence/$AgenceID.php
in SYSTEMPATH\Exceptions\FrameworkException.php on line 33.
 1 SYSTEMPATH\View\View.php(201): CodeIgniter\Exceptions\FrameworkException::forInvalidFile('agences/modification-agence/$AgenceID.php')
 2 SYSTEMPATH\Common.php(1135): CodeIgniter\View\View->render('agences/modification-agence/$AgenceID', [], true)
 3 APPPATH\Controllers\Agences.php(189): view('agences/modification-agence/$AgenceID', [...])
 4 SYSTEMPATH\CodeIgniter.php(896): App\Controllers\Agences->modifier_une_agence('1')
 5 SYSTEMPATH\CodeIgniter.php(466): CodeIgniter\CodeIgniter->runController(Object(App\Controllers\Agences))
 6 SYSTEMPATH\CodeIgniter.php(349): CodeIgniter\CodeIgniter->handleRequest(null, Object(Config\Cache), false)
 7 FCPATH\index.php(55): CodeIgniter\CodeIgniter->run()
CRITICAL - 2022-06-27 07:27:52 --> Invalid file: agences/modification-agence/$AgenceID.php
in SYSTEMPATH\Exceptions\FrameworkException.php on line 33.
 1 SYSTEMPATH\View\View.php(201): CodeIgniter\Exceptions\FrameworkException::forInvalidFile('agences/modification-agence/$AgenceID.php')
 2 SYSTEMPATH\Common.php(1135): CodeIgniter\View\View->render('agences/modification-agence/$AgenceID', [], true)
 3 APPPATH\Controllers\Agences.php(189): view('agences/modification-agence/$AgenceID', [...])
 4 SYSTEMPATH\CodeIgniter.php(896): App\Controllers\Agences->modifier_une_agence('1')
 5 SYSTEMPATH\CodeIgniter.php(466): CodeIgniter\CodeIgniter->runController(Object(App\Controllers\Agences))
 6 SYSTEMPATH\CodeIgniter.php(349): CodeIgniter\CodeIgniter->handleRequest(null, Object(Config\Cache), false)
 7 FCPATH\index.php(55): CodeIgniter\CodeIgniter->run()
CRITICAL - 2022-06-27 07:28:40 --> view(): Argument #2 ($data) must be of type array, string given, called in C:\xampp\htdocs\rtw\app\Controllers\Agences.php on line 189
in SYSTEMPATH\Common.php on line 1121.
 1 APPPATH\Controllers\Agences.php(189): view('agences/modification-agence/', '1', [...])
 2 SYSTEMPATH\CodeIgniter.php(896): App\Controllers\Agences->modifier_une_agence('1')
 3 SYSTEMPATH\CodeIgniter.php(466): CodeIgniter\CodeIgniter->runController(Object(App\Controllers\Agences))
 4 SYSTEMPATH\CodeIgniter.php(349): CodeIgniter\CodeIgniter->handleRequest(null, Object(Config\Cache), false)
 5 FCPATH\index.php(55): CodeIgniter\CodeIgniter->run()
CRITICAL - 2022-06-27 07:28:57 --> syntax error, unexpected variable "$AgenceID", expecting ")"
in APPPATH\Controllers\Agences.php on line 189.
 1 SYSTEMPATH\Router\Router.php(499): CodeIgniter\Router\AutoRouter->getRoute('Agences/modifier_une_agence/1')
 2 SYSTEMPATH\Router\Router.php(205): CodeIgniter\Router\Router->autoRoute('Agences/modifier_une_agence/1')
 3 SYSTEMPATH\CodeIgniter.php(771): CodeIgniter\Router\Router->handle('Agences/modifier_une_agence/1')
 4 SYSTEMPATH\CodeIgniter.php(415): CodeIgniter\CodeIgniter->tryToRouteIt(Object(CodeIgniter\Router\RouteCollection))
 5 SYSTEMPATH\CodeIgniter.php(349): CodeIgniter\CodeIgniter->handleRequest(null, Object(Config\Cache), false)
 6 FCPATH\index.php(55): CodeIgniter\CodeIgniter->run()
CRITICAL - 2022-06-27 07:34:59 --> Invalid file: agences/modification-agence/1.php
in SYSTEMPATH\Exceptions\FrameworkException.php on line 33.
 1 SYSTEMPATH\View\View.php(201): CodeIgniter\Exceptions\FrameworkException::forInvalidFile('agences/modification-agence/1.php')
 2 SYSTEMPATH\Common.php(1135): CodeIgniter\View\View->render('agences/modification-agence/1', [], true)
 3 APPPATH\Controllers\Agences.php(189): view('agences/modification-agence/1', [...])
 4 SYSTEMPATH\CodeIgniter.php(896): App\Controllers\Agences->modifier_une_agence('1')
 5 SYSTEMPATH\CodeIgniter.php(466): CodeIgniter\CodeIgniter->runController(Object(App\Controllers\Agences))
 6 SYSTEMPATH\CodeIgniter.php(349): CodeIgniter\CodeIgniter->handleRequest(null, Object(Config\Cache), false)
 7 FCPATH\index.php(55): CodeIgniter\CodeIgniter->run()
CRITICAL - 2022-06-27 07:35:02 --> Invalid file: agences/modification-agence/1.php
in SYSTEMPATH\Exceptions\FrameworkException.php on line 33.
 1 SYSTEMPATH\View\View.php(201): CodeIgniter\Exceptions\FrameworkException::forInvalidFile('agences/modification-agence/1.php')
 2 SYSTEMPATH\Common.php(1135): CodeIgniter\View\View->render('agences/modification-agence/1', [], true)
 3 APPPATH\Controllers\Agences.php(189): view('agences/modification-agence/1', [...])
 4 SYSTEMPATH\CodeIgniter.php(896): App\Controllers\Agences->modifier_une_agence('1')
 5 SYSTEMPATH\CodeIgniter.php(466): CodeIgniter\CodeIgniter->runController(Object(App\Controllers\Agences))
 6 SYSTEMPATH\CodeIgniter.php(349): CodeIgniter\CodeIgniter->handleRequest(null, Object(Config\Cache), false)
 7 FCPATH\index.php(55): CodeIgniter\CodeIgniter->run()
CRITICAL - 2022-06-27 07:35:23 --> Invalid file: agences/modification-agence/2.php
in SYSTEMPATH\Exceptions\FrameworkException.php on line 33.
 1 SYSTEMPATH\View\View.php(201): CodeIgniter\Exceptions\FrameworkException::forInvalidFile('agences/modification-agence/2.php')
 2 SYSTEMPATH\Common.php(1135): CodeIgniter\View\View->render('agences/modification-agence/2', [], true)
 3 APPPATH\Controllers\Agences.php(189): view('agences/modification-agence/2', [...])
 4 SYSTEMPATH\CodeIgniter.php(896): App\Controllers\Agences->modifier_une_agence('2')
 5 SYSTEMPATH\CodeIgniter.php(466): CodeIgniter\CodeIgniter->runController(Object(App\Controllers\Agences))
 6 SYSTEMPATH\CodeIgniter.php(349): CodeIgniter\CodeIgniter->handleRequest(null, Object(Config\Cache), false)
 7 FCPATH\index.php(55): CodeIgniter\CodeIgniter->run()
CRITICAL - 2022-06-27 07:35:35 --> Undefined constant "App\Controllers\test"
in APPPATH\Controllers\Agences.php on line 189.
 1 SYSTEMPATH\CodeIgniter.php(896): App\Controllers\Agences->modifier_une_agence('2')
 2 SYSTEMPATH\CodeIgniter.php(466): CodeIgniter\CodeIgniter->runController(Object(App\Controllers\Agences))
 3 SYSTEMPATH\CodeIgniter.php(349): CodeIgniter\CodeIgniter->handleRequest(null, Object(Config\Cache), false)
 4 FCPATH\index.php(55): CodeIgniter\CodeIgniter->run()
CRITICAL - 2022-06-27 07:35:39 --> Undefined constant "App\Controllers\test"
in APPPATH\Controllers\Agences.php on line 189.
 1 SYSTEMPATH\CodeIgniter.php(896): App\Controllers\Agences->modifier_une_agence('2')
 2 SYSTEMPATH\CodeIgniter.php(466): CodeIgniter\CodeIgniter->runController(Object(App\Controllers\Agences))
 3 SYSTEMPATH\CodeIgniter.php(349): CodeIgniter\CodeIgniter->handleRequest(null, Object(Config\Cache), false)
 4 FCPATH\index.php(55): CodeIgniter\CodeIgniter->run()
CRITICAL - 2022-06-27 07:39:03 --> Invalid file: agences/modification-agence/2.php
in SYSTEMPATH\Exceptions\FrameworkException.php on line 33.
 1 SYSTEMPATH\View\View.php(201): CodeIgniter\Exceptions\FrameworkException::forInvalidFile('agences/modification-agence/2.php')
 2 SYSTEMPATH\Common.php(1135): CodeIgniter\View\View->render('agences/modification-agence/2', [], true)
 3 APPPATH\Controllers\Agences.php(189): view('agences/modification-agence/2', [...])
 4 SYSTEMPATH\CodeIgniter.php(896): App\Controllers\Agences->modifier_une_agence('2')
 5 SYSTEMPATH\CodeIgniter.php(466): CodeIgniter\CodeIgniter->runController(Object(App\Controllers\Agences))
 6 SYSTEMPATH\CodeIgniter.php(349): CodeIgniter\CodeIgniter->handleRequest(null, Object(Config\Cache), false)
 7 FCPATH\index.php(55): CodeIgniter\CodeIgniter->run()
CRITICAL - 2022-06-27 07:40:12 --> Invalid file: agences/modification-agence/1.php
in SYSTEMPATH\Exceptions\FrameworkException.php on line 33.
 1 SYSTEMPATH\View\View.php(201): CodeIgniter\Exceptions\FrameworkException::forInvalidFile('agences/modification-agence/1.php')
 2 SYSTEMPATH\Common.php(1135): CodeIgniter\View\View->render('agences/modification-agence/1', [], true)
 3 APPPATH\Controllers\Agences.php(189): view('agences/modification-agence/1', [...])
 4 SYSTEMPATH\CodeIgniter.php(896): App\Controllers\Agences->modifier_une_agence('2')
 5 SYSTEMPATH\CodeIgniter.php(466): CodeIgniter\CodeIgniter->runController(Object(App\Controllers\Agences))
 6 SYSTEMPATH\CodeIgniter.php(349): CodeIgniter\CodeIgniter->handleRequest(null, Object(Config\Cache), false)
 7 FCPATH\index.php(55): CodeIgniter\CodeIgniter->run()
CRITICAL - 2022-06-27 07:40:14 --> Invalid file: agences/modification-agence/1.php
in SYSTEMPATH\Exceptions\FrameworkException.php on line 33.
 1 SYSTEMPATH\View\View.php(201): CodeIgniter\Exceptions\FrameworkException::forInvalidFile('agences/modification-agence/1.php')
 2 SYSTEMPATH\Common.php(1135): CodeIgniter\View\View->render('agences/modification-agence/1', [], true)
 3 APPPATH\Controllers\Agences.php(189): view('agences/modification-agence/1', [...])
 4 SYSTEMPATH\CodeIgniter.php(896): App\Controllers\Agences->modifier_une_agence('1')
 5 SYSTEMPATH\CodeIgniter.php(466): CodeIgniter\CodeIgniter->runController(Object(App\Controllers\Agences))
 6 SYSTEMPATH\CodeIgniter.php(349): CodeIgniter\CodeIgniter->handleRequest(null, Object(Config\Cache), false)
 7 FCPATH\index.php(55): CodeIgniter\CodeIgniter->run()
CRITICAL - 2022-06-27 07:40:43 --> Unsupported operand types: string + string
in APPPATH\Controllers\Agences.php on line 189.
 1 SYSTEMPATH\CodeIgniter.php(896): App\Controllers\Agences->modifier_une_agence('1')
 2 SYSTEMPATH\CodeIgniter.php(466): CodeIgniter\CodeIgniter->runController(Object(App\Controllers\Agences))
 3 SYSTEMPATH\CodeIgniter.php(349): CodeIgniter\CodeIgniter->handleRequest(null, Object(Config\Cache), false)
 4 FCPATH\index.php(55): CodeIgniter\CodeIgniter->run()
CRITICAL - 2022-06-27 07:40:59 --> Invalid file: agences/modification-agence/1.php
in SYSTEMPATH\Exceptions\FrameworkException.php on line 33.
 1 SYSTEMPATH\View\View.php(201): CodeIgniter\Exceptions\FrameworkException::forInvalidFile('agences/modification-agence/1.php')
 2 SYSTEMPATH\Common.php(1135): CodeIgniter\View\View->render('agences/modification-agence/1', [], true)
 3 APPPATH\Controllers\Agences.php(189): view('agences/modification-agence/1', [...])
 4 SYSTEMPATH\CodeIgniter.php(896): App\Controllers\Agences->modifier_une_agence('1')
 5 SYSTEMPATH\CodeIgniter.php(466): CodeIgniter\CodeIgniter->runController(Object(App\Controllers\Agences))
 6 SYSTEMPATH\CodeIgniter.php(349): CodeIgniter\CodeIgniter->handleRequest(null, Object(Config\Cache), false)
 7 FCPATH\index.php(55): CodeIgniter\CodeIgniter->run()
CRITICAL - 2022-06-27 07:43:43 --> Invalid file: agences/liste-des-agences-modification/1.php
in SYSTEMPATH\Exceptions\FrameworkException.php on line 33.
 1 SYSTEMPATH\View\View.php(201): CodeIgniter\Exceptions\FrameworkException::forInvalidFile('agences/liste-des-agences-modification/1.php')
 2 SYSTEMPATH\Common.php(1135): CodeIgniter\View\View->render('agences/liste-des-agences-modification/1', [], true)
 3 APPPATH\Controllers\Agences.php(189): view('agences/liste-des-agences-modification/1', [...])
 4 SYSTEMPATH\CodeIgniter.php(896): App\Controllers\Agences->modifier_une_agence('1')
 5 SYSTEMPATH\CodeIgniter.php(466): CodeIgniter\CodeIgniter->runController(Object(App\Controllers\Agences))
 6 SYSTEMPATH\CodeIgniter.php(349): CodeIgniter\CodeIgniter->handleRequest(null, Object(Config\Cache), false)
 7 FCPATH\index.php(55): CodeIgniter\CodeIgniter->run()
CRITICAL - 2022-06-27 07:43:45 --> Invalid file: agences/liste-des-agences-modification/1.php
in SYSTEMPATH\Exceptions\FrameworkException.php on line 33.
 1 SYSTEMPATH\View\View.php(201): CodeIgniter\Exceptions\FrameworkException::forInvalidFile('agences/liste-des-agences-modification/1.php')
 2 SYSTEMPATH\Common.php(1135): CodeIgniter\View\View->render('agences/liste-des-agences-modification/1', [], true)
 3 APPPATH\Controllers\Agences.php(189): view('agences/liste-des-agences-modification/1', [...])
 4 SYSTEMPATH\CodeIgniter.php(896): App\Controllers\Agences->modifier_une_agence('1')
 5 SYSTEMPATH\CodeIgniter.php(466): CodeIgniter\CodeIgniter->runController(Object(App\Controllers\Agences))
 6 SYSTEMPATH\CodeIgniter.php(349): CodeIgniter\CodeIgniter->handleRequest(null, Object(Config\Cache), false)
 7 FCPATH\index.php(55): CodeIgniter\CodeIgniter->run()
CRITICAL - 2022-06-27 07:43:46 --> Invalid file: agences/liste-des-agences-modification/2.php
in SYSTEMPATH\Exceptions\FrameworkException.php on line 33.
 1 SYSTEMPATH\View\View.php(201): CodeIgniter\Exceptions\FrameworkException::forInvalidFile('agences/liste-des-agences-modification/2.php')
 2 SYSTEMPATH\Common.php(1135): CodeIgniter\View\View->render('agences/liste-des-agences-modification/2', [], true)
 3 APPPATH\Controllers\Agences.php(189): view('agences/liste-des-agences-modification/2', [...])
 4 SYSTEMPATH\CodeIgniter.php(896): App\Controllers\Agences->modifier_une_agence('2')
 5 SYSTEMPATH\CodeIgniter.php(466): CodeIgniter\CodeIgniter->runController(Object(App\Controllers\Agences))
 6 SYSTEMPATH\CodeIgniter.php(349): CodeIgniter\CodeIgniter->handleRequest(null, Object(Config\Cache), false)
 7 FCPATH\index.php(55): CodeIgniter\CodeIgniter->run()
CRITICAL - 2022-06-27 07:45:09 --> Invalid file: agences/modification-agence/1.php
in SYSTEMPATH\Exceptions\FrameworkException.php on line 33.
 1 SYSTEMPATH\View\View.php(201): CodeIgniter\Exceptions\FrameworkException::forInvalidFile('agences/modification-agence/1.php')
 2 SYSTEMPATH\Common.php(1135): CodeIgniter\View\View->render('agences/modification-agence/1', [], true)
 3 APPPATH\Controllers\Agences.php(189): view('agences/modification-agence/1', [...])
 4 SYSTEMPATH\CodeIgniter.php(896): App\Controllers\Agences->modifier_une_agence('1')
 5 SYSTEMPATH\CodeIgniter.php(466): CodeIgniter\CodeIgniter->runController(Object(App\Controllers\Agences))
 6 SYSTEMPATH\CodeIgniter.php(349): CodeIgniter\CodeIgniter->handleRequest(null, Object(Config\Cache), false)
 7 FCPATH\index.php(55): CodeIgniter\CodeIgniter->run()
CRITICAL - 2022-06-27 07:45:16 --> Invalid file: agences/modification-agence/1.php
in SYSTEMPATH\Exceptions\FrameworkException.php on line 33.
 1 SYSTEMPATH\View\View.php(201): CodeIgniter\Exceptions\FrameworkException::forInvalidFile('agences/modification-agence/1.php')
 2 SYSTEMPATH\Common.php(1135): CodeIgniter\View\View->render('agences/modification-agence/1.php', [], true)
 3 APPPATH\Controllers\Agences.php(189): view('agences/modification-agence/1.php', [...])
 4 SYSTEMPATH\CodeIgniter.php(896): App\Controllers\Agences->modifier_une_agence('1.php')
 5 SYSTEMPATH\CodeIgniter.php(466): CodeIgniter\CodeIgniter->runController(Object(App\Controllers\Agences))
 6 SYSTEMPATH\CodeIgniter.php(349): CodeIgniter\CodeIgniter->handleRequest(null, Object(Config\Cache), false)
 7 FCPATH\index.php(55): CodeIgniter\CodeIgniter->run()
CRITICAL - 2022-06-27 07:45:42 --> Invalid file: agences/modifier_une_agence/1.php
in SYSTEMPATH\Exceptions\FrameworkException.php on line 33.
 1 SYSTEMPATH\View\View.php(201): CodeIgniter\Exceptions\FrameworkException::forInvalidFile('agences/modifier_une_agence/1.php')
 2 SYSTEMPATH\Common.php(1135): CodeIgniter\View\View->render('agences/modifier_une_agence/1.php', [], true)
 3 APPPATH\Controllers\Agences.php(189): view('agences/modifier_une_agence/1.php', [...])
 4 SYSTEMPATH\CodeIgniter.php(896): App\Controllers\Agences->modifier_une_agence('1.php')
 5 SYSTEMPATH\CodeIgniter.php(466): CodeIgniter\CodeIgniter->runController(Object(App\Controllers\Agences))
 6 SYSTEMPATH\CodeIgniter.php(349): CodeIgniter\CodeIgniter->handleRequest(null, Object(Config\Cache), false)
 7 FCPATH\index.php(55): CodeIgniter\CodeIgniter->run()
CRITICAL - 2022-06-27 07:45:44 --> Invalid file: agences/modifier_une_agence/2.php
in SYSTEMPATH\Exceptions\FrameworkException.php on line 33.
 1 SYSTEMPATH\View\View.php(201): CodeIgniter\Exceptions\FrameworkException::forInvalidFile('agences/modifier_une_agence/2.php')
 2 SYSTEMPATH\Common.php(1135): CodeIgniter\View\View->render('agences/modifier_une_agence/2', [], true)
 3 APPPATH\Controllers\Agences.php(189): view('agences/modifier_une_agence/2', [...])
 4 SYSTEMPATH\CodeIgniter.php(896): App\Controllers\Agences->modifier_une_agence('2')
 5 SYSTEMPATH\CodeIgniter.php(466): CodeIgniter\CodeIgniter->runController(Object(App\Controllers\Agences))
 6 SYSTEMPATH\CodeIgniter.php(349): CodeIgniter\CodeIgniter->handleRequest(null, Object(Config\Cache), false)
 7 FCPATH\index.php(55): CodeIgniter\CodeIgniter->run()
CRITICAL - 2022-06-27 07:49:19 --> Invalid file: agences/modification-agence/.php
in SYSTEMPATH\Exceptions\FrameworkException.php on line 33.
 1 SYSTEMPATH\View\View.php(201): CodeIgniter\Exceptions\FrameworkException::forInvalidFile('agences/modification-agence/.php')
 2 SYSTEMPATH\Common.php(1135): CodeIgniter\View\View->render('agences/modification-agence/', [], true)
 3 APPPATH\Controllers\Agences.php(189): view('agences/modification-agence/', [...])
 4 SYSTEMPATH\CodeIgniter.php(896): App\Controllers\Agences->modifier_une_agence('1')
 5 SYSTEMPATH\CodeIgniter.php(466): CodeIgniter\CodeIgniter->runController(Object(App\Controllers\Agences))
 6 SYSTEMPATH\CodeIgniter.php(349): CodeIgniter\CodeIgniter->handleRequest(null, Object(Config\Cache), false)
 7 FCPATH\index.php(55): CodeIgniter\CodeIgniter->run()
CRITICAL - 2022-06-27 07:49:21 --> Invalid file: agences/modification-agence/.php
in SYSTEMPATH\Exceptions\FrameworkException.php on line 33.
 1 SYSTEMPATH\View\View.php(201): CodeIgniter\Exceptions\FrameworkException::forInvalidFile('agences/modification-agence/.php')
 2 SYSTEMPATH\Common.php(1135): CodeIgniter\View\View->render('agences/modification-agence/', [], true)
 3 APPPATH\Controllers\Agences.php(189): view('agences/modification-agence/', [...])
 4 SYSTEMPATH\CodeIgniter.php(896): App\Controllers\Agences->modifier_une_agence('2')
 5 SYSTEMPATH\CodeIgniter.php(466): CodeIgniter\CodeIgniter->runController(Object(App\Controllers\Agences))
 6 SYSTEMPATH\CodeIgniter.php(349): CodeIgniter\CodeIgniter->handleRequest(null, Object(Config\Cache), false)
 7 FCPATH\index.php(55): CodeIgniter\CodeIgniter->run()
CRITICAL - 2022-06-27 07:49:22 --> Invalid file: agences/modification-agence/.php
in SYSTEMPATH\Exceptions\FrameworkException.php on line 33.
 1 SYSTEMPATH\View\View.php(201): CodeIgniter\Exceptions\FrameworkException::forInvalidFile('agences/modification-agence/.php')
 2 SYSTEMPATH\Common.php(1135): CodeIgniter\View\View->render('agences/modification-agence/', [], true)
 3 APPPATH\Controllers\Agences.php(189): view('agences/modification-agence/', [...])
 4 SYSTEMPATH\CodeIgniter.php(896): App\Controllers\Agences->modifier_une_agence('1')
 5 SYSTEMPATH\CodeIgniter.php(466): CodeIgniter\CodeIgniter->runController(Object(App\Controllers\Agences))
 6 SYSTEMPATH\CodeIgniter.php(349): CodeIgniter\CodeIgniter->handleRequest(null, Object(Config\Cache), false)
 7 FCPATH\index.php(55): CodeIgniter\CodeIgniter->run()
CRITICAL - 2022-06-27 07:49:23 --> Invalid file: agences/modification-agence/.php
in SYSTEMPATH\Exceptions\FrameworkException.php on line 33.
 1 SYSTEMPATH\View\View.php(201): CodeIgniter\Exceptions\FrameworkException::forInvalidFile('agences/modification-agence/.php')
 2 SYSTEMPATH\Common.php(1135): CodeIgniter\View\View->render('agences/modification-agence/', [], true)
 3 APPPATH\Controllers\Agences.php(189): view('agences/modification-agence/', [...])
 4 SYSTEMPATH\CodeIgniter.php(896): App\Controllers\Agences->modifier_une_agence('2')
 5 SYSTEMPATH\CodeIgniter.php(466): CodeIgniter\CodeIgniter->runController(Object(App\Controllers\Agences))
 6 SYSTEMPATH\CodeIgniter.php(349): CodeIgniter\CodeIgniter->handleRequest(null, Object(Config\Cache), false)
 7 FCPATH\index.php(55): CodeIgniter\CodeIgniter->run()
CRITICAL - 2022-06-27 07:49:51 --> Invalid file: agences/modification-agence2.php
in SYSTEMPATH\Exceptions\FrameworkException.php on line 33.
 1 SYSTEMPATH\View\View.php(201): CodeIgniter\Exceptions\FrameworkException::forInvalidFile('agences/modification-agence2.php')
 2 SYSTEMPATH\Common.php(1135): CodeIgniter\View\View->render('agences/modification-agence2', [], true)
 3 APPPATH\Controllers\Agences.php(189): view('agences/modification-agence2', [...])
 4 SYSTEMPATH\CodeIgniter.php(896): App\Controllers\Agences->modifier_une_agence('2')
 5 SYSTEMPATH\CodeIgniter.php(466): CodeIgniter\CodeIgniter->runController(Object(App\Controllers\Agences))
 6 SYSTEMPATH\CodeIgniter.php(349): CodeIgniter\CodeIgniter->handleRequest(null, Object(Config\Cache), false)
 7 FCPATH\index.php(55): CodeIgniter\CodeIgniter->run()
CRITICAL - 2022-06-27 07:49:57 --> Invalid file: agences/modification-agence/2.php
in SYSTEMPATH\Exceptions\FrameworkException.php on line 33.
 1 SYSTEMPATH\View\View.php(201): CodeIgniter\Exceptions\FrameworkException::forInvalidFile('agences/modification-agence/2.php')
 2 SYSTEMPATH\Common.php(1135): CodeIgniter\View\View->render('agences/modification-agence/2', [], true)
 3 APPPATH\Controllers\Agences.php(189): view('agences/modification-agence/2', [...])
 4 SYSTEMPATH\CodeIgniter.php(896): App\Controllers\Agences->modifier_une_agence('2')
 5 SYSTEMPATH\CodeIgniter.php(466): CodeIgniter\CodeIgniter->runController(Object(App\Controllers\Agences))
 6 SYSTEMPATH\CodeIgniter.php(349): CodeIgniter\CodeIgniter->handleRequest(null, Object(Config\Cache), false)
 7 FCPATH\index.php(55): CodeIgniter\CodeIgniter->run()
CRITICAL - 2022-06-27 07:52:28 --> Invalid file: agences/modification-agence/.php
in SYSTEMPATH\Exceptions\FrameworkException.php on line 33.
 1 SYSTEMPATH\View\View.php(201): CodeIgniter\Exceptions\FrameworkException::forInvalidFile('agences/modification-agence/.php')
 2 SYSTEMPATH\Common.php(1135): CodeIgniter\View\View->render('agences/modification-agence/', [], true)
 3 APPPATH\Controllers\Agences.php(189): view('agences/modification-agence/', [...])
 4 SYSTEMPATH\CodeIgniter.php(896): App\Controllers\Agences->modifier_une_agence('2')
 5 SYSTEMPATH\CodeIgniter.php(466): CodeIgniter\CodeIgniter->runController(Object(App\Controllers\Agences))
 6 SYSTEMPATH\CodeIgniter.php(349): CodeIgniter\CodeIgniter->handleRequest(null, Object(Config\Cache), false)
 7 FCPATH\index.php(55): CodeIgniter\CodeIgniter->run()
CRITICAL - 2022-06-27 08:00:57 --> Invalid file: agences/modification-agence/1.php
in SYSTEMPATH\Exceptions\FrameworkException.php on line 33.
 1 SYSTEMPATH\View\View.php(201): CodeIgniter\Exceptions\FrameworkException::forInvalidFile('agences/modification-agence/1.php')
 2 SYSTEMPATH\Common.php(1135): CodeIgniter\View\View->render('agences/modification-agence/1', [], true)
 3 APPPATH\Controllers\Agences.php(189): view('agences/modification-agence/1', [...])
 4 SYSTEMPATH\CodeIgniter.php(896): App\Controllers\Agences->modifier_une_agence('1')
 5 SYSTEMPATH\CodeIgniter.php(466): CodeIgniter\CodeIgniter->runController(Object(App\Controllers\Agences))
 6 SYSTEMPATH\CodeIgniter.php(349): CodeIgniter\CodeIgniter->handleRequest(null, Object(Config\Cache), false)
 7 FCPATH\index.php(55): CodeIgniter\CodeIgniter->run()
CRITICAL - 2022-06-27 08:05:19 -->  route cannot be found while reverse-routing.
in SYSTEMPATH\HTTP\RedirectResponse.php on line 56.
 1 SYSTEMPATH\HTTP\RedirectResponse.php(56): CodeIgniter\HTTP\Exceptions\HTTPException::forInvalidRedirectRoute('ROOTPATH\\public')
 2 SYSTEMPATH\Common.php(863): CodeIgniter\HTTP\RedirectResponse->route(false)
 3 APPPATH\Controllers\Agences.php(189): redirect('agences/modifier_une_agence/1', [...])
 4 SYSTEMPATH\CodeIgniter.php(896): App\Controllers\Agences->modifier_une_agence('1')
 5 SYSTEMPATH\CodeIgniter.php(466): CodeIgniter\CodeIgniter->runController(Object(App\Controllers\Agences))
 6 SYSTEMPATH\CodeIgniter.php(349): CodeIgniter\CodeIgniter->handleRequest(null, Object(Config\Cache), false)
 7 FCPATH\index.php(55): CodeIgniter\CodeIgniter->run()
CRITICAL - 2022-06-27 08:05:22 -->  route cannot be found while reverse-routing.
in SYSTEMPATH\HTTP\RedirectResponse.php on line 56.
 1 SYSTEMPATH\HTTP\RedirectResponse.php(56): CodeIgniter\HTTP\Exceptions\HTTPException::forInvalidRedirectRoute('ROOTPATH\\public')
 2 SYSTEMPATH\Common.php(863): CodeIgniter\HTTP\RedirectResponse->route(false)
 3 APPPATH\Controllers\Agences.php(189): redirect('agences/modifier_une_agence/1', [...])
 4 SYSTEMPATH\CodeIgniter.php(896): App\Controllers\Agences->modifier_une_agence('1')
 5 SYSTEMPATH\CodeIgniter.php(466): CodeIgniter\CodeIgniter->runController(Object(App\Controllers\Agences))
 6 SYSTEMPATH\CodeIgniter.php(349): CodeIgniter\CodeIgniter->handleRequest(null, Object(Config\Cache), false)
 7 FCPATH\index.php(55): CodeIgniter\CodeIgniter->run()
CRITICAL - 2022-06-27 08:05:23 -->  route cannot be found while reverse-routing.
in SYSTEMPATH\HTTP\RedirectResponse.php on line 56.
 1 SYSTEMPATH\HTTP\RedirectResponse.php(56): CodeIgniter\HTTP\Exceptions\HTTPException::forInvalidRedirectRoute('ROOTPATH\\public')
 2 SYSTEMPATH\Common.php(863): CodeIgniter\HTTP\RedirectResponse->route(false)
 3 APPPATH\Controllers\Agences.php(189): redirect('agences/modifier_une_agence/2', [...])
 4 SYSTEMPATH\CodeIgniter.php(896): App\Controllers\Agences->modifier_une_agence('2')
 5 SYSTEMPATH\CodeIgniter.php(466): CodeIgniter\CodeIgniter->runController(Object(App\Controllers\Agences))
 6 SYSTEMPATH\CodeIgniter.php(349): CodeIgniter\CodeIgniter->handleRequest(null, Object(Config\Cache), false)
 7 FCPATH\index.php(55): CodeIgniter\CodeIgniter->run()
CRITICAL - 2022-06-27 08:05:51 -->  route cannot be found while reverse-routing.
in SYSTEMPATH\HTTP\RedirectResponse.php on line 56.
 1 SYSTEMPATH\HTTP\RedirectResponse.php(56): CodeIgniter\HTTP\Exceptions\HTTPException::forInvalidRedirectRoute('ROOTPATH\\public')
 2 SYSTEMPATH\Common.php(863): CodeIgniter\HTTP\RedirectResponse->route(false)
 3 APPPATH\Controllers\Agences.php(189): redirect('agences/modifier_une_agence/1', [...])
 4 SYSTEMPATH\CodeIgniter.php(896): App\Controllers\Agences->modifier_une_agence('1')
 5 SYSTEMPATH\CodeIgniter.php(466): CodeIgniter\CodeIgniter->runController(Object(App\Controllers\Agences))
 6 SYSTEMPATH\CodeIgniter.php(349): CodeIgniter\CodeIgniter->handleRequest(null, Object(Config\Cache), false)
 7 FCPATH\index.php(55): CodeIgniter\CodeIgniter->run()
CRITICAL - 2022-06-27 08:08:47 --> CodeIgniter\HTTP\RedirectResponse::to(): Argument #2 ($code) must be of type ?int, array given, called in C:\xampp\htdocs\rtw\app\Controllers\Agences.php on line 189
in SYSTEMPATH\HTTP\RedirectResponse.php on line 32.
 1 APPPATH\Controllers\Agences.php(189): CodeIgniter\HTTP\RedirectResponse->to('Agences/modifier_une_agence/1', [...])
 2 SYSTEMPATH\CodeIgniter.php(896): App\Controllers\Agences->modifier_une_agence('1')
 3 SYSTEMPATH\CodeIgniter.php(466): CodeIgniter\CodeIgniter->runController(Object(App\Controllers\Agences))
 4 SYSTEMPATH\CodeIgniter.php(349): CodeIgniter\CodeIgniter->handleRequest(null, Object(Config\Cache), false)
 5 FCPATH\index.php(55): CodeIgniter\CodeIgniter->run()
CRITICAL - 2022-06-27 08:09:44 --> CodeIgniter\HTTP\RedirectResponse::to(): Argument #2 ($code) must be of type ?int, array given, called in C:\xampp\htdocs\rtw\app\Controllers\Agences.php on line 189
in SYSTEMPATH\HTTP\RedirectResponse.php on line 32.
 1 APPPATH\Controllers\Agences.php(189): CodeIgniter\HTTP\RedirectResponse->to('Agences/modifier_une_agence', [...])
 2 SYSTEMPATH\CodeIgniter.php(896): App\Controllers\Agences->modifier_une_agence('1')
 3 SYSTEMPATH\CodeIgniter.php(466): CodeIgniter\CodeIgniter->runController(Object(App\Controllers\Agences))
 4 SYSTEMPATH\CodeIgniter.php(349): CodeIgniter\CodeIgniter->handleRequest(null, Object(Config\Cache), false)
 5 FCPATH\index.php(55): CodeIgniter\CodeIgniter->run()
CRITICAL - 2022-06-27 08:09:47 --> CodeIgniter\HTTP\RedirectResponse::to(): Argument #2 ($code) must be of type ?int, array given, called in C:\xampp\htdocs\rtw\app\Controllers\Agences.php on line 189
in SYSTEMPATH\HTTP\RedirectResponse.php on line 32.
 1 APPPATH\Controllers\Agences.php(189): CodeIgniter\HTTP\RedirectResponse->to('Agences/modifier_une_agence', [...])
 2 SYSTEMPATH\CodeIgniter.php(896): App\Controllers\Agences->modifier_une_agence('1')
 3 SYSTEMPATH\CodeIgniter.php(466): CodeIgniter\CodeIgniter->runController(Object(App\Controllers\Agences))
 4 SYSTEMPATH\CodeIgniter.php(349): CodeIgniter\CodeIgniter->handleRequest(null, Object(Config\Cache), false)
 5 FCPATH\index.php(55): CodeIgniter\CodeIgniter->run()
CRITICAL - 2022-06-27 08:09:49 --> CodeIgniter\HTTP\RedirectResponse::to(): Argument #2 ($code) must be of type ?int, array given, called in C:\xampp\htdocs\rtw\app\Controllers\Agences.php on line 189
in SYSTEMPATH\HTTP\RedirectResponse.php on line 32.
 1 APPPATH\Controllers\Agences.php(189): CodeIgniter\HTTP\RedirectResponse->to('Agences/modifier_une_agence', [...])
 2 SYSTEMPATH\CodeIgniter.php(896): App\Controllers\Agences->modifier_une_agence('2')
 3 SYSTEMPATH\CodeIgniter.php(466): CodeIgniter\CodeIgniter->runController(Object(App\Controllers\Agences))
 4 SYSTEMPATH\CodeIgniter.php(349): CodeIgniter\CodeIgniter->handleRequest(null, Object(Config\Cache), false)
 5 FCPATH\index.php(55): CodeIgniter\CodeIgniter->run()
CRITICAL - 2022-06-27 08:11:37 -->  route cannot be found while reverse-routing.
in SYSTEMPATH\HTTP\RedirectResponse.php on line 56.
 1 SYSTEMPATH\HTTP\RedirectResponse.php(56): CodeIgniter\HTTP\Exceptions\HTTPException::forInvalidRedirectRoute('ROOTPATH\\public')
 2 SYSTEMPATH\Common.php(863): CodeIgniter\HTTP\RedirectResponse->route(false)
 3 APPPATH\Controllers\Agences.php(189): redirect('Agences/modifier_une_agence', [...])
 4 SYSTEMPATH\CodeIgniter.php(896): App\Controllers\Agences->modifier_une_agence('2')
 5 SYSTEMPATH\CodeIgniter.php(466): CodeIgniter\CodeIgniter->runController(Object(App\Controllers\Agences))
 6 SYSTEMPATH\CodeIgniter.php(349): CodeIgniter\CodeIgniter->handleRequest(null, Object(Config\Cache), false)
 7 FCPATH\index.php(55): CodeIgniter\CodeIgniter->run()
CRITICAL - 2022-06-27 08:12:56 --> CodeIgniter\HTTP\RedirectResponse::to(): Argument #2 ($code) must be of type ?int, array given, called in C:\xampp\htdocs\rtw\app\Controllers\Agences.php on line 189
in SYSTEMPATH\HTTP\RedirectResponse.php on line 32.
 1 APPPATH\Controllers\Agences.php(189): CodeIgniter\HTTP\RedirectResponse->to('/modifier_une_agence/2', [...])
 2 SYSTEMPATH\CodeIgniter.php(896): App\Controllers\Agences->modifier_une_agence('2')
 3 SYSTEMPATH\CodeIgniter.php(466): CodeIgniter\CodeIgniter->runController(Object(App\Controllers\Agences))
 4 SYSTEMPATH\CodeIgniter.php(349): CodeIgniter\CodeIgniter->handleRequest(null, Object(Config\Cache), false)
 5 FCPATH\index.php(55): CodeIgniter\CodeIgniter->run()
CRITICAL - 2022-06-27 08:13:15 --> CodeIgniter\HTTP\RedirectResponse::to(): Argument #2 ($code) must be of type ?int, array given, called in C:\xampp\htdocs\rtw\app\Controllers\Agences.php on line 189
in SYSTEMPATH\HTTP\RedirectResponse.php on line 32.
 1 APPPATH\Controllers\Agences.php(189): CodeIgniter\HTTP\RedirectResponse->to('/Agences/modifier_une_agence/2', [...])
 2 SYSTEMPATH\CodeIgniter.php(896): App\Controllers\Agences->modifier_une_agence('2')
 3 SYSTEMPATH\CodeIgniter.php(466): CodeIgniter\CodeIgniter->runController(Object(App\Controllers\Agences))
 4 SYSTEMPATH\CodeIgniter.php(349): CodeIgniter\CodeIgniter->handleRequest(null, Object(Config\Cache), false)
 5 FCPATH\index.php(55): CodeIgniter\CodeIgniter->run()
CRITICAL - 2022-06-27 08:15:38 -->  route cannot be found while reverse-routing.
in SYSTEMPATH\HTTP\RedirectResponse.php on line 56.
 1 SYSTEMPATH\HTTP\RedirectResponse.php(56): CodeIgniter\HTTP\Exceptions\HTTPException::forInvalidRedirectRoute('ROOTPATH\\public')
 2 SYSTEMPATH\Common.php(863): CodeIgniter\HTTP\RedirectResponse->route(false)
 3 APPPATH\Controllers\Agences.php(189): redirect('/Agences/modifier_une_agence/2', 'refresh', [...])
 4 SYSTEMPATH\CodeIgniter.php(896): App\Controllers\Agences->modifier_une_agence('2')
 5 SYSTEMPATH\CodeIgniter.php(466): CodeIgniter\CodeIgniter->runController(Object(App\Controllers\Agences))
 6 SYSTEMPATH\CodeIgniter.php(349): CodeIgniter\CodeIgniter->handleRequest(null, Object(Config\Cache), false)
 7 FCPATH\index.php(55): CodeIgniter\CodeIgniter->run()
CRITICAL - 2022-06-27 08:17:28 --> CodeIgniter\HTTP\RedirectResponse::to(): Argument #2 ($code) must be of type ?int, array given, called in C:\xampp\htdocs\rtw\app\Controllers\Agences.php on line 189
in SYSTEMPATH\HTTP\RedirectResponse.php on line 32.
 1 APPPATH\Controllers\Agences.php(189): CodeIgniter\HTTP\RedirectResponse->to('Agences/accueil', [...])
 2 SYSTEMPATH\CodeIgniter.php(896): App\Controllers\Agences->modifier_une_agence('2')
 3 SYSTEMPATH\CodeIgniter.php(466): CodeIgniter\CodeIgniter->runController(Object(App\Controllers\Agences))
 4 SYSTEMPATH\CodeIgniter.php(349): CodeIgniter\CodeIgniter->handleRequest(null, Object(Config\Cache), false)
 5 FCPATH\index.php(55): CodeIgniter\CodeIgniter->run()
CRITICAL - 2022-06-27 08:17:38 --> Undefined variable $Titre
in APPPATH\Views\accueil.php on line 1.
 1 APPPATH\Views\accueil.php(1): CodeIgniter\Debug\Exceptions->errorHandler(2, 'Undefined variable $Titre', 'APPPATH\\Views\\accueil.php', 1)
 2 SYSTEMPATH\View\View.php(213): include('APPPATH\\Views\\accueil.php')
 3 SYSTEMPATH\View\View.php(216): CodeIgniter\View\View->CodeIgniter\View\{closure}()
 4 SYSTEMPATH\Common.php(1135): CodeIgniter\View\View->render('accueil', [], true)
 5 APPPATH\Controllers\Agences.php(13): view('accueil')
 6 SYSTEMPATH\CodeIgniter.php(896): App\Controllers\Agences->accueil()
 7 SYSTEMPATH\CodeIgniter.php(466): CodeIgniter\CodeIgniter->runController(Object(App\Controllers\Agences))
 8 SYSTEMPATH\CodeIgniter.php(349): CodeIgniter\CodeIgniter->handleRequest(null, Object(Config\Cache), false)
 9 FCPATH\index.php(55): CodeIgniter\CodeIgniter->run()
CRITICAL - 2022-06-27 08:20:02 --> Undefined variable $uneAgence
in APPPATH\Views\agences\modification-agence.php on line 4.
 1 APPPATH\Views\agences\modification-agence.php(4): CodeIgniter\Debug\Exceptions->errorHandler(2, 'Undefined variable $uneAgence', 'APPPATH\\Views\\agences\\modification-agence.php', 4)
 2 SYSTEMPATH\View\View.php(213): include('APPPATH\\Views\\agences\\modification-agence.php')
 3 SYSTEMPATH\View\View.php(216): CodeIgniter\View\View->CodeIgniter\View\{closure}()
 4 SYSTEMPATH\Common.php(1135): CodeIgniter\View\View->render('agences/modification-agence', [], true)
 5 APPPATH\Controllers\Agences.php(184): view('agences/modification-agence', [...])
 6 SYSTEMPATH\CodeIgniter.php(896): App\Controllers\Agences->modifier_une_agence('2')
 7 SYSTEMPATH\CodeIgniter.php(466): CodeIgniter\CodeIgniter->runController(Object(App\Controllers\Agences))
 8 SYSTEMPATH\CodeIgniter.php(349): CodeIgniter\CodeIgniter->handleRequest(null, Object(Config\Cache), false)
 9 FCPATH\index.php(55): CodeIgniter\CodeIgniter->run()
CRITICAL - 2022-06-27 08:23:08 --> Undefined variable $agence_id
in APPPATH\Views\agences\modification-agence.php on line 13.
 1 APPPATH\Views\agences\modification-agence.php(13): CodeIgniter\Debug\Exceptions->errorHandler(2, 'Undefined variable $agence_id', 'APPPATH\\Views\\agences\\modification-agence.php', 13)
 2 SYSTEMPATH\View\View.php(213): include('APPPATH\\Views\\agences\\modification-agence.php')
 3 SYSTEMPATH\View\View.php(216): CodeIgniter\View\View->CodeIgniter\View\{closure}()
 4 SYSTEMPATH\Common.php(1135): CodeIgniter\View\View->render('agences/modification-agence', [], true)
 5 APPPATH\Controllers\Agences.php(186): view('agences/modification-agence', [...])
 6 SYSTEMPATH\CodeIgniter.php(896): App\Controllers\Agences->modifier_une_agence('1')
 7 SYSTEMPATH\CodeIgniter.php(466): CodeIgniter\CodeIgniter->runController(Object(App\Controllers\Agences))
 8 SYSTEMPATH\CodeIgniter.php(349): CodeIgniter\CodeIgniter->handleRequest(null, Object(Config\Cache), false)
 9 FCPATH\index.php(55): CodeIgniter\CodeIgniter->run()
CRITICAL - 2022-06-27 08:25:07 --> There is no data to update.
in SYSTEMPATH\BaseModel.php on line 1576.
 1 SYSTEMPATH\BaseModel.php(1576): CodeIgniter\Database\Exceptions\DataException::forEmptyDataset('update')
 2 SYSTEMPATH\BaseModel.php(832): CodeIgniter\BaseModel->transformDataToArray(null, 'update')
 3 SYSTEMPATH\Model.php(692): CodeIgniter\BaseModel->update([...], null)
 4 APPPATH\Controllers\Agences.php(215): CodeIgniter\Model->update([...])
 5 SYSTEMPATH\CodeIgniter.php(896): App\Controllers\Agences->modifier_une_agence('1')
 6 SYSTEMPATH\CodeIgniter.php(466): CodeIgniter\CodeIgniter->runController(Object(App\Controllers\Agences))
 7 SYSTEMPATH\CodeIgniter.php(349): CodeIgniter\CodeIgniter->handleRequest(null, Object(Config\Cache), false)
 8 FCPATH\index.php(55): CodeIgniter\CodeIgniter->run()
CRITICAL - 2022-06-27 08:25:16 --> There is no data to update.
in SYSTEMPATH\BaseModel.php on line 1576.
 1 SYSTEMPATH\BaseModel.php(1576): CodeIgniter\Database\Exceptions\DataException::forEmptyDataset('update')
 2 SYSTEMPATH\BaseModel.php(832): CodeIgniter\BaseModel->transformDataToArray(null, 'update')
 3 SYSTEMPATH\Model.php(692): CodeIgniter\BaseModel->update([...], null)
 4 APPPATH\Controllers\Agences.php(215): CodeIgniter\Model->update([...])
 5 SYSTEMPATH\CodeIgniter.php(896): App\Controllers\Agences->modifier_une_agence('1')
 6 SYSTEMPATH\CodeIgniter.php(466): CodeIgniter\CodeIgniter->runController(Object(App\Controllers\Agences))
 7 SYSTEMPATH\CodeIgniter.php(349): CodeIgniter\CodeIgniter->handleRequest(null, Object(Config\Cache), false)
 8 FCPATH\index.php(55): CodeIgniter\CodeIgniter->run()
CRITICAL - 2022-06-27 08:31:25 --> There is no data to update.
in SYSTEMPATH\BaseModel.php on line 1576.
 1 SYSTEMPATH\BaseModel.php(1576): CodeIgniter\Database\Exceptions\DataException::forEmptyDataset('update')
 2 SYSTEMPATH\BaseModel.php(832): CodeIgniter\BaseModel->transformDataToArray(null, 'update')
 3 SYSTEMPATH\Model.php(692): CodeIgniter\BaseModel->update([...], null)
 4 APPPATH\Controllers\Agences.php(215): CodeIgniter\Model->update([...])
 5 SYSTEMPATH\CodeIgniter.php(896): App\Controllers\Agences->modifier_une_agence('0')
 6 SYSTEMPATH\CodeIgniter.php(466): CodeIgniter\CodeIgniter->runController(Object(App\Controllers\Agences))
 7 SYSTEMPATH\CodeIgniter.php(349): CodeIgniter\CodeIgniter->handleRequest(null, Object(Config\Cache), false)
 8 FCPATH\index.php(55): CodeIgniter\CodeIgniter->run()
CRITICAL - 2022-06-27 08:33:10 --> CodeIgniter\BaseModel::doProtectFields(): Argument #1 ($data) must be of type array, string given, called in C:\xampp\htdocs\rtw\system\BaseModel.php on line 918
in SYSTEMPATH\BaseModel.php on line 1131.
 1 SYSTEMPATH\BaseModel.php(918): CodeIgniter\BaseModel->doProtectFields('RTW MULTIMEDIA')
 2 APPPATH\Controllers\Agences.php(215): CodeIgniter\BaseModel->updateBatch([...])
 3 SYSTEMPATH\CodeIgniter.php(896): App\Controllers\Agences->modifier_une_agence('0')
 4 SYSTEMPATH\CodeIgniter.php(466): CodeIgniter\CodeIgniter->runController(Object(App\Controllers\Agences))
 5 SYSTEMPATH\CodeIgniter.php(349): CodeIgniter\CodeIgniter->handleRequest(null, Object(Config\Cache), false)
 6 FCPATH\index.php(55): CodeIgniter\CodeIgniter->run()
CRITICAL - 2022-06-27 08:35:46 --> There is no data to update.
in SYSTEMPATH\BaseModel.php on line 1576.
 1 SYSTEMPATH\BaseModel.php(1576): CodeIgniter\Database\Exceptions\DataException::forEmptyDataset('update')
 2 SYSTEMPATH\BaseModel.php(832): CodeIgniter\BaseModel->transformDataToArray(null, 'update')
 3 SYSTEMPATH\Model.php(692): CodeIgniter\BaseModel->update([...], null)
 4 APPPATH\Controllers\Agences.php(215): CodeIgniter\Model->update([...])
 5 SYSTEMPATH\CodeIgniter.php(896): App\Controllers\Agences->modifier_une_agence('0')
 6 SYSTEMPATH\CodeIgniter.php(466): CodeIgniter\CodeIgniter->runController(Object(App\Controllers\Agences))
 7 SYSTEMPATH\CodeIgniter.php(349): CodeIgniter\CodeIgniter->handleRequest(null, Object(Config\Cache), false)
 8 FCPATH\index.php(55): CodeIgniter\CodeIgniter->run()
CRITICAL - 2022-06-27 08:36:52 --> There is no data to update.
in SYSTEMPATH\BaseModel.php on line 1576.
 1 SYSTEMPATH\BaseModel.php(1576): CodeIgniter\Database\Exceptions\DataException::forEmptyDataset('update')
 2 SYSTEMPATH\BaseModel.php(832): CodeIgniter\BaseModel->transformDataToArray(null, 'update')
 3 SYSTEMPATH\Model.php(692): CodeIgniter\BaseModel->update([...], null)
 4 APPPATH\Controllers\Agences.php(216): CodeIgniter\Model->update([...])
 5 SYSTEMPATH\CodeIgniter.php(896): App\Controllers\Agences->modifier_une_agence('0')
 6 SYSTEMPATH\CodeIgniter.php(466): CodeIgniter\CodeIgniter->runController(Object(App\Controllers\Agences))
 7 SYSTEMPATH\CodeIgniter.php(349): CodeIgniter\CodeIgniter->handleRequest(null, Object(Config\Cache), false)
 8 FCPATH\index.php(55): CodeIgniter\CodeIgniter->run()
CRITICAL - 2022-06-27 09:13:35 --> There is no data to update.
in SYSTEMPATH\BaseModel.php on line 1576.
 1 SYSTEMPATH\BaseModel.php(1576): CodeIgniter\Database\Exceptions\DataException::forEmptyDataset('update')
 2 SYSTEMPATH\BaseModel.php(832): CodeIgniter\BaseModel->transformDataToArray(null, 'update')
 3 SYSTEMPATH\Model.php(692): CodeIgniter\BaseModel->update([...], null)
 4 APPPATH\Controllers\Agences.php(216): CodeIgniter\Model->update([...])
 5 SYSTEMPATH\CodeIgniter.php(896): App\Controllers\Agences->modifier_une_agence('0')
 6 SYSTEMPATH\CodeIgniter.php(466): CodeIgniter\CodeIgniter->runController(Object(App\Controllers\Agences))
 7 SYSTEMPATH\CodeIgniter.php(349): CodeIgniter\CodeIgniter->handleRequest(null, Object(Config\Cache), false)
 8 FCPATH\index.php(55): CodeIgniter\CodeIgniter->run()
ERROR - 2022-06-27 09:20:11 --> Unknown column 'agences.id' in 'where clause'
CRITICAL - 2022-06-27 09:20:11 --> Unknown column 'agences.id' in 'where clause'
in SYSTEMPATH\Database\MySQLi\Connection.php on line 292.
 1 SYSTEMPATH\Database\MySQLi\Connection.php(292): mysqli->query('UPDATE `agences` SET `agence_nom` = \'RTW MULTIMEDIA\', `agence_nom_normalise` = \'rtwmultimedia\', `agence_sigle` = \'RTW\', `agence_tel` = \'02 96 40 17 17\', `agence_email` = \'contact@rtw-multimedia.com\', `agence_adresse1` = \'29 boulevard Marne\', `agence_adresse2` = \'\', `agence_code_postal` = \'22200\', `agence_ville` = \'GUINGAMP\', `agence_horaires` = \'Lundi-vendredi 9h-12h 14h-18h. Samedi 10h-12h 14h-17h\', `agence_etat` = 1
WHERE `agences`.`id` IN (\'0\')', 0)
 2 SYSTEMPATH\Database\BaseConnection.php(695): CodeIgniter\Database\MySQLi\Connection->execute('UPDATE `agences` SET `agence_nom` = \'RTW MULTIMEDIA\', `agence_nom_normalise` = \'rtwmultimedia\', `agence_sigle` = \'RTW\', `agence_tel` = \'02 96 40 17 17\', `agence_email` = \'contact@rtw-multimedia.com\', `agence_adresse1` = \'29 boulevard Marne\', `agence_adresse2` = \'\', `agence_code_postal` = \'22200\', `agence_ville` = \'GUINGAMP\', `agence_horaires` = \'Lundi-vendredi 9h-12h 14h-18h. Samedi 10h-12h 14h-17h\', `agence_etat` = 1
WHERE `agences`.`id` IN (\'0\')')
 3 SYSTEMPATH\Database\BaseConnection.php(609): CodeIgniter\Database\BaseConnection->simpleQuery('UPDATE `agences` SET `agence_nom` = \'RTW MULTIMEDIA\', `agence_nom_normalise` = \'rtwmultimedia\', `agence_sigle` = \'RTW\', `agence_tel` = \'02 96 40 17 17\', `agence_email` = \'contact@rtw-multimedia.com\', `agence_adresse1` = \'29 boulevard Marne\', `agence_adresse2` = \'\', `agence_code_postal` = \'22200\', `agence_ville` = \'GUINGAMP\', `agence_horaires` = \'Lundi-vendredi 9h-12h 14h-18h. Samedi 10h-12h 14h-17h\', `agence_etat` = 1
WHERE `agences`.`id` IN (\'0\')')
 4 SYSTEMPATH\Database\BaseBuilder.php(2046): CodeIgniter\Database\BaseConnection->query('UPDATE `agences` SET `agence_nom` = :agence_nom:, `agence_nom_normalise` = :agence_nom_normalise:, `agence_sigle` = :agence_sigle:, `agence_tel` = :agence_tel:, `agence_email` = :agence_email:, `agence_adresse1` = :agence_adresse1:, `agence_adresse2` = :agence_adresse2:, `agence_code_postal` = :agence_code_postal:, `agence_ville` = :agence_ville:, `agence_horaires` = :agence_horaires:, `agence_etat` = :agence_etat:
WHERE `agences`.`id` IN :agences.id:', [...], false)
 5 SYSTEMPATH\Model.php(337): CodeIgniter\Database\BaseBuilder->update()
 6 SYSTEMPATH\BaseModel.php(865): CodeIgniter\Model->doUpdate([...], [...])
 7 SYSTEMPATH\Model.php(692): CodeIgniter\BaseModel->update([...], [...])
 8 APPPATH\Controllers\Agences.php(215): CodeIgniter\Model->update('0', [...])
 9 SYSTEMPATH\CodeIgniter.php(896): App\Controllers\Agences->modifier_une_agence('0')
10 SYSTEMPATH\CodeIgniter.php(466): CodeIgniter\CodeIgniter->runController(Object(App\Controllers\Agences))
11 SYSTEMPATH\CodeIgniter.php(349): CodeIgniter\CodeIgniter->handleRequest(null, Object(Config\Cache), false)
12 FCPATH\index.php(55): CodeIgniter\CodeIgniter->run()
CRITICAL - 2022-06-27 09:25:23 --> Allowed fields must be specified for model: App\Models\AgencesModel
in SYSTEMPATH\BaseModel.php on line 1138.
 1 SYSTEMPATH\BaseModel.php(1138): CodeIgniter\Database\Exceptions\DataException::forInvalidAllowedFields('App\\Models\\AgencesModel')
 2 SYSTEMPATH\BaseModel.php(841): CodeIgniter\BaseModel->doProtectFields([...])
 3 SYSTEMPATH\Model.php(692): CodeIgniter\BaseModel->update([...], [...])
 4 APPPATH\Controllers\Agences.php(215): CodeIgniter\Model->update('0', [...])
 5 SYSTEMPATH\CodeIgniter.php(896): App\Controllers\Agences->modifier_une_agence('0')
 6 SYSTEMPATH\CodeIgniter.php(466): CodeIgniter\CodeIgniter->runController(Object(App\Controllers\Agences))
 7 SYSTEMPATH\CodeIgniter.php(349): CodeIgniter\CodeIgniter->handleRequest(null, Object(Config\Cache), false)
 8 FCPATH\index.php(55): CodeIgniter\CodeIgniter->run()
ERROR - 2022-06-27 09:25:32 --> Unknown column 'agences.id' in 'where clause'
CRITICAL - 2022-06-27 09:25:32 --> Unknown column 'agences.id' in 'where clause'
in SYSTEMPATH\Database\MySQLi\Connection.php on line 292.
 1 SYSTEMPATH\Database\MySQLi\Connection.php(292): mysqli->query('UPDATE `agences` SET `agence_nom` = \'RTW MULTIMEDIA\', `agence_nom_normalise` = \'rtwmultimedia\', `agence_sigle` = \'RTW\', `agence_tel` = \'02 96 40 17 17\', `agence_email` = \'contact@rtw-multimedia.com\', `agence_adresse1` = \'29 boulevard Marne\', `agence_adresse2` = \'\', `agence_code_postal` = \'22200\', `agence_ville` = \'GUINGAMP\', `agence_horaires` = \'Lundi-vendredi 9h-12h 14h-18h. Samedi 10h-12h 14h-17h\', `agence_etat` = 1
WHERE `agences`.`id` IN (\'0\')', 0)
 2 SYSTEMPATH\Database\BaseConnection.php(695): CodeIgniter\Database\MySQLi\Connection->execute('UPDATE `agences` SET `agence_nom` = \'RTW MULTIMEDIA\', `agence_nom_normalise` = \'rtwmultimedia\', `agence_sigle` = \'RTW\', `agence_tel` = \'02 96 40 17 17\', `agence_email` = \'contact@rtw-multimedia.com\', `agence_adresse1` = \'29 boulevard Marne\', `agence_adresse2` = \'\', `agence_code_postal` = \'22200\', `agence_ville` = \'GUINGAMP\', `agence_horaires` = \'Lundi-vendredi 9h-12h 14h-18h. Samedi 10h-12h 14h-17h\', `agence_etat` = 1
WHERE `agences`.`id` IN (\'0\')')
 3 SYSTEMPATH\Database\BaseConnection.php(609): CodeIgniter\Database\BaseConnection->simpleQuery('UPDATE `agences` SET `agence_nom` = \'RTW MULTIMEDIA\', `agence_nom_normalise` = \'rtwmultimedia\', `agence_sigle` = \'RTW\', `agence_tel` = \'02 96 40 17 17\', `agence_email` = \'contact@rtw-multimedia.com\', `agence_adresse1` = \'29 boulevard Marne\', `agence_adresse2` = \'\', `agence_code_postal` = \'22200\', `agence_ville` = \'GUINGAMP\', `agence_horaires` = \'Lundi-vendredi 9h-12h 14h-18h. Samedi 10h-12h 14h-17h\', `agence_etat` = 1
WHERE `agences`.`id` IN (\'0\')')
 4 SYSTEMPATH\Database\BaseBuilder.php(2046): CodeIgniter\Database\BaseConnection->query('UPDATE `agences` SET `agence_nom` = :agence_nom:, `agence_nom_normalise` = :agence_nom_normalise:, `agence_sigle` = :agence_sigle:, `agence_tel` = :agence_tel:, `agence_email` = :agence_email:, `agence_adresse1` = :agence_adresse1:, `agence_adresse2` = :agence_adresse2:, `agence_code_postal` = :agence_code_postal:, `agence_ville` = :agence_ville:, `agence_horaires` = :agence_horaires:, `agence_etat` = :agence_etat:
WHERE `agences`.`id` IN :agences.id:', [...], false)
 5 SYSTEMPATH\Model.php(337): CodeIgniter\Database\BaseBuilder->update()
 6 SYSTEMPATH\BaseModel.php(865): CodeIgniter\Model->doUpdate([...], [...])
 7 SYSTEMPATH\Model.php(692): CodeIgniter\BaseModel->update([...], [...])
 8 APPPATH\Controllers\Agences.php(215): CodeIgniter\Model->update('0', [...])
 9 SYSTEMPATH\CodeIgniter.php(896): App\Controllers\Agences->modifier_une_agence('0')
10 SYSTEMPATH\CodeIgniter.php(466): CodeIgniter\CodeIgniter->runController(Object(App\Controllers\Agences))
11 SYSTEMPATH\CodeIgniter.php(349): CodeIgniter\CodeIgniter->handleRequest(null, Object(Config\Cache), false)
12 FCPATH\index.php(55): CodeIgniter\CodeIgniter->run()
CRITICAL - 2022-06-27 09:33:29 --> There is no data to update.
in SYSTEMPATH\BaseModel.php on line 1576.
 1 SYSTEMPATH\BaseModel.php(1576): CodeIgniter\Database\Exceptions\DataException::forEmptyDataset('update')
 2 SYSTEMPATH\BaseModel.php(832): CodeIgniter\BaseModel->transformDataToArray(null, 'update')
 3 SYSTEMPATH\Model.php(692): CodeIgniter\BaseModel->update([...], null)
 4 APPPATH\Controllers\Agences.php(216): CodeIgniter\Model->update([...])
 5 SYSTEMPATH\CodeIgniter.php(896): App\Controllers\Agences->modifier_une_agence('0')
 6 SYSTEMPATH\CodeIgniter.php(466): CodeIgniter\CodeIgniter->runController(Object(App\Controllers\Agences))
 7 SYSTEMPATH\CodeIgniter.php(349): CodeIgniter\CodeIgniter->handleRequest(null, Object(Config\Cache), false)
 8 FCPATH\index.php(55): CodeIgniter\CodeIgniter->run()
CRITICAL - 2022-06-27 09:34:49 --> There is no data to update.
in SYSTEMPATH\BaseModel.php on line 1576.
 1 SYSTEMPATH\BaseModel.php(1576): CodeIgniter\Database\Exceptions\DataException::forEmptyDataset('update')
 2 SYSTEMPATH\BaseModel.php(832): CodeIgniter\BaseModel->transformDataToArray(null, 'update')
 3 SYSTEMPATH\Model.php(692): CodeIgniter\BaseModel->update([...], null)
 4 APPPATH\Controllers\Agences.php(216): CodeIgniter\Model->update([...])
 5 SYSTEMPATH\CodeIgniter.php(896): App\Controllers\Agences->modifier_une_agence('2')
 6 SYSTEMPATH\CodeIgniter.php(466): CodeIgniter\CodeIgniter->runController(Object(App\Controllers\Agences))
 7 SYSTEMPATH\CodeIgniter.php(349): CodeIgniter\CodeIgniter->handleRequest(null, Object(Config\Cache), false)
 8 FCPATH\index.php(55): CodeIgniter\CodeIgniter->run()
CRITICAL - 2022-06-27 09:35:49 --> Undefined variable $id
in APPPATH\Controllers\Agences.php on line 191.
 1 APPPATH\Controllers\Agences.php(191): CodeIgniter\Debug\Exceptions->errorHandler(2, 'Undefined variable $id', 'APPPATH\\Controllers\\Agences.php', 191)
 2 SYSTEMPATH\CodeIgniter.php(896): App\Controllers\Agences->modifier_une_agence('2')
 3 SYSTEMPATH\CodeIgniter.php(466): CodeIgniter\CodeIgniter->runController(Object(App\Controllers\Agences))
 4 SYSTEMPATH\CodeIgniter.php(349): CodeIgniter\CodeIgniter->handleRequest(null, Object(Config\Cache), false)
 5 FCPATH\index.php(55): CodeIgniter\CodeIgniter->run()
CRITICAL - 2022-06-27 09:36:10 --> Undefined variable $uneAgence
in APPPATH\Controllers\Agences.php on line 191.
 1 APPPATH\Controllers\Agences.php(191): CodeIgniter\Debug\Exceptions->errorHandler(2, 'Undefined variable $uneAgence', 'APPPATH\\Controllers\\Agences.php', 191)
 2 SYSTEMPATH\CodeIgniter.php(896): App\Controllers\Agences->modifier_une_agence('2')
 3 SYSTEMPATH\CodeIgniter.php(466): CodeIgniter\CodeIgniter->runController(Object(App\Controllers\Agences))
 4 SYSTEMPATH\CodeIgniter.php(349): CodeIgniter\CodeIgniter->handleRequest(null, Object(Config\Cache), false)
 5 FCPATH\index.php(55): CodeIgniter\CodeIgniter->run()
CRITICAL - 2022-06-27 09:37:42 --> There is no data to update.
in SYSTEMPATH\BaseModel.php on line 1576.
 1 SYSTEMPATH\BaseModel.php(1576): CodeIgniter\Database\Exceptions\DataException::forEmptyDataset('update')
 2 SYSTEMPATH\BaseModel.php(832): CodeIgniter\BaseModel->transformDataToArray(null, 'update')
 3 SYSTEMPATH\Model.php(692): CodeIgniter\BaseModel->update([...], null)
 4 APPPATH\Controllers\Agences.php(216): CodeIgniter\Model->update([...])
 5 SYSTEMPATH\CodeIgniter.php(896): App\Controllers\Agences->modifier_une_agence('2')
 6 SYSTEMPATH\CodeIgniter.php(466): CodeIgniter\CodeIgniter->runController(Object(App\Controllers\Agences))
 7 SYSTEMPATH\CodeIgniter.php(349): CodeIgniter\CodeIgniter->handleRequest(null, Object(Config\Cache), false)
 8 FCPATH\index.php(55): CodeIgniter\CodeIgniter->run()
CRITICAL - 2022-06-27 09:40:29 --> There is no data to update.
in SYSTEMPATH\BaseModel.php on line 1576.
 1 SYSTEMPATH\BaseModel.php(1576): CodeIgniter\Database\Exceptions\DataException::forEmptyDataset('update')
 2 SYSTEMPATH\BaseModel.php(832): CodeIgniter\BaseModel->transformDataToArray(null, 'update')
 3 SYSTEMPATH\Model.php(692): CodeIgniter\BaseModel->update([...], null)
 4 APPPATH\Controllers\Agences.php(216): CodeIgniter\Model->update([...])
 5 SYSTEMPATH\CodeIgniter.php(896): App\Controllers\Agences->modifier_une_agence('2')
 6 SYSTEMPATH\CodeIgniter.php(466): CodeIgniter\CodeIgniter->runController(Object(App\Controllers\Agences))
 7 SYSTEMPATH\CodeIgniter.php(349): CodeIgniter\CodeIgniter->handleRequest(null, Object(Config\Cache), false)
 8 FCPATH\index.php(55): CodeIgniter\CodeIgniter->run()
CRITICAL - 2022-06-27 09:41:39 --> There is no data to update.
in SYSTEMPATH\BaseModel.php on line 1576.
 1 SYSTEMPATH\BaseModel.php(1576): CodeIgniter\Database\Exceptions\DataException::forEmptyDataset('update')
 2 SYSTEMPATH\BaseModel.php(832): CodeIgniter\BaseModel->transformDataToArray(null, 'update')
 3 SYSTEMPATH\Model.php(692): CodeIgniter\BaseModel->update([...], null)
 4 APPPATH\Controllers\Agences.php(216): CodeIgniter\Model->update([...])
 5 SYSTEMPATH\CodeIgniter.php(896): App\Controllers\Agences->modifier_une_agence('2')
 6 SYSTEMPATH\CodeIgniter.php(466): CodeIgniter\CodeIgniter->runController(Object(App\Controllers\Agences))
 7 SYSTEMPATH\CodeIgniter.php(349): CodeIgniter\CodeIgniter->handleRequest(null, Object(Config\Cache), false)
 8 FCPATH\index.php(55): CodeIgniter\CodeIgniter->run()
CRITICAL - 2022-06-27 09:45:03 --> There is no data to update.
in SYSTEMPATH\BaseModel.php on line 1576.
 1 SYSTEMPATH\BaseModel.php(1576): CodeIgniter\Database\Exceptions\DataException::forEmptyDataset('update')
 2 SYSTEMPATH\BaseModel.php(832): CodeIgniter\BaseModel->transformDataToArray(null, 'update')
 3 SYSTEMPATH\Model.php(692): CodeIgniter\BaseModel->update([...], null)
 4 APPPATH\Controllers\Agences.php(216): CodeIgniter\Model->update([...])
 5 SYSTEMPATH\CodeIgniter.php(896): App\Controllers\Agences->modifier_une_agence('2')
 6 SYSTEMPATH\CodeIgniter.php(466): CodeIgniter\CodeIgniter->runController(Object(App\Controllers\Agences))
 7 SYSTEMPATH\CodeIgniter.php(349): CodeIgniter\CodeIgniter->handleRequest(null, Object(Config\Cache), false)
 8 FCPATH\index.php(55): CodeIgniter\CodeIgniter->run()
