ERROR - 2022-06-30 04:47:16 --> Cannot delete or update a parent row: a foreign key constraint fails (`script_bdd_projet_a`.`utilisateurs`, CONSTRAINT `utilisateurs_ibfk1` FOREIGN KEY (`agence_id`) REFERENCES `agences` (`agence_id`))
CRITICAL - 2022-06-30 04:47:16 --> Cannot delete or update a parent row: a foreign key constraint fails (`script_bdd_projet_a`.`utilisateurs`, CONSTRAINT `utilisateurs_ibfk1` FOREIGN KEY (`agence_id`) REFERENCES `agences` (`agence_id`))
in SYSTEMPATH\Database\MySQLi\Connection.php on line 292.
 1 SYSTEMPATH\Database\MySQLi\Connection.php(292): mysqli->query('DELETE FROM `agences`
WHERE `agence_id` IN (\'1\')', 0)
 2 SYSTEMPATH\Database\BaseConnection.php(695): CodeIgniter\Database\MySQLi\Connection->execute('DELETE FROM `agences`
WHERE `agence_id` IN (\'1\')')
 3 SYSTEMPATH\Database\BaseConnection.php(609): CodeIgniter\Database\BaseConnection->simpleQuery('DELETE FROM `agences`
WHERE `agence_id` IN (\'1\')')
 4 SYSTEMPATH\Database\BaseBuilder.php(2358): CodeIgniter\Database\BaseConnection->query('DELETE FROM `agences`
WHERE `agence_id` IN :agence_id:', [...], false)
 5 SYSTEMPATH\Model.php(400): CodeIgniter\Database\BaseBuilder->delete()
 6 SYSTEMPATH\BaseModel.php(963): CodeIgniter\Model->doDelete([...], false)
 7 APPPATH\Controllers\Agences.php(227): CodeIgniter\BaseModel->delete([...])
 8 SYSTEMPATH\CodeIgniter.php(896): App\Controllers\Agences->supprimer_une_agence('1')
 9 SYSTEMPATH\CodeIgniter.php(466): CodeIgniter\CodeIgniter->runController(Object(App\Controllers\Agences))
10 SYSTEMPATH\CodeIgniter.php(349): CodeIgniter\CodeIgniter->handleRequest(null, Object(Config\Cache), false)
11 FCPATH\index.php(55): CodeIgniter\CodeIgniter->run()
CRITICAL - 2022-06-30 04:47:38 --> Uninitialized string offset 0
in SYSTEMPATH\CodeIgniter.php on line 846.
 1 SYSTEMPATH\CodeIgniter.php(846): CodeIgniter\Debug\Exceptions->errorHandler(2, 'Uninitialized string offset 0', 'SYSTEMPATH\\CodeIgniter.php', 846)
 2 SYSTEMPATH\CodeIgniter.php(453): CodeIgniter\CodeIgniter->startController()
 3 SYSTEMPATH\CodeIgniter.php(349): CodeIgniter\CodeIgniter->handleRequest(null, Object(Config\Cache), false)
 4 FCPATH\index.php(55): CodeIgniter\CodeIgniter->run()
