CRITICAL - 2022-07-01 02:05:32 --> Attempt to read property "utilisateur_login" on string
in APPPATH\Views\utilisateurs\ajout-utilisateur.php on line 86.
 1 APPPATH\Views\utilisateurs\ajout-utilisateur.php(86): CodeIgniter\Debug\Exceptions->errorHandler(2, 'Attempt to read property "utilisateur_login" on string', 'APPPATH\\Views\\utilisateurs\\ajout-utilisateur.php', 86)
 2 SYSTEMPATH\View\View.php(213): include('APPPATH\\Views\\utilisateurs\\ajout-utilisateur.php')
 3 SYSTEMPATH\View\View.php(216): CodeIgniter\View\View->CodeIgniter\View\{closure}()
 4 SYSTEMPATH\Common.php(1135): CodeIgniter\View\View->render('utilisateurs/ajout-utilisateur', [], true)
 5 APPPATH\Controllers\Utilisateurs.php(68): view('utilisateurs/ajout-utilisateur', [...])
 6 SYSTEMPATH\CodeIgniter.php(896): App\Controllers\Utilisateurs->ajouter_un_utilisateur()
 7 SYSTEMPATH\CodeIgniter.php(466): CodeIgniter\CodeIgniter->runController(Object(App\Controllers\Utilisateurs))
 8 SYSTEMPATH\CodeIgniter.php(349): CodeIgniter\CodeIgniter->handleRequest(null, Object(Config\Cache), false)
 9 FCPATH\index.php(55): CodeIgniter\CodeIgniter->run()
CRITICAL - 2022-07-01 02:05:58 --> Undefined variable $uneUtilisateur
in APPPATH\Views\utilisateurs\ajout-utilisateur.php on line 86.
 1 APPPATH\Views\utilisateurs\ajout-utilisateur.php(86): CodeIgniter\Debug\Exceptions->errorHandler(2, 'Undefined variable $uneUtilisateur', 'APPPATH\\Views\\utilisateurs\\ajout-utilisateur.php', 86)
 2 SYSTEMPATH\View\View.php(213): include('APPPATH\\Views\\utilisateurs\\ajout-utilisateur.php')
 3 SYSTEMPATH\View\View.php(216): CodeIgniter\View\View->CodeIgniter\View\{closure}()
 4 SYSTEMPATH\Common.php(1135): CodeIgniter\View\View->render('utilisateurs/ajout-utilisateur', [], true)
 5 APPPATH\Controllers\Utilisateurs.php(68): view('utilisateurs/ajout-utilisateur', [...])
 6 SYSTEMPATH\CodeIgniter.php(896): App\Controllers\Utilisateurs->ajouter_un_utilisateur()
 7 SYSTEMPATH\CodeIgniter.php(466): CodeIgniter\CodeIgniter->runController(Object(App\Controllers\Utilisateurs))
 8 SYSTEMPATH\CodeIgniter.php(349): CodeIgniter\CodeIgniter->handleRequest(null, Object(Config\Cache), false)
 9 FCPATH\index.php(55): CodeIgniter\CodeIgniter->run()
CRITICAL - 2022-07-01 02:06:09 --> Attempt to read property "utilisateur_login" on string
in APPPATH\Views\utilisateurs\ajout-utilisateur.php on line 86.
 1 APPPATH\Views\utilisateurs\ajout-utilisateur.php(86): CodeIgniter\Debug\Exceptions->errorHandler(2, 'Attempt to read property "utilisateur_login" on string', 'APPPATH\\Views\\utilisateurs\\ajout-utilisateur.php', 86)
 2 SYSTEMPATH\View\View.php(213): include('APPPATH\\Views\\utilisateurs\\ajout-utilisateur.php')
 3 SYSTEMPATH\View\View.php(216): CodeIgniter\View\View->CodeIgniter\View\{closure}()
 4 SYSTEMPATH\Common.php(1135): CodeIgniter\View\View->render('utilisateurs/ajout-utilisateur', [], true)
 5 APPPATH\Controllers\Utilisateurs.php(68): view('utilisateurs/ajout-utilisateur', [...])
 6 SYSTEMPATH\CodeIgniter.php(896): App\Controllers\Utilisateurs->ajouter_un_utilisateur()
 7 SYSTEMPATH\CodeIgniter.php(466): CodeIgniter\CodeIgniter->runController(Object(App\Controllers\Utilisateurs))
 8 SYSTEMPATH\CodeIgniter.php(349): CodeIgniter\CodeIgniter->handleRequest(null, Object(Config\Cache), false)
 9 FCPATH\index.php(55): CodeIgniter\CodeIgniter->run()
CRITICAL - 2022-07-01 02:07:10 --> Cannot access offset of type string on string
in APPPATH\Views\utilisateurs\ajout-utilisateur.php on line 86.
 1 SYSTEMPATH\View\View.php(213): include()
 2 SYSTEMPATH\View\View.php(216): CodeIgniter\View\View->CodeIgniter\View\{closure}()
 3 SYSTEMPATH\Common.php(1135): CodeIgniter\View\View->render('utilisateurs/ajout-utilisateur', [], true)
 4 APPPATH\Controllers\Utilisateurs.php(68): view('utilisateurs/ajout-utilisateur', [...])
 5 SYSTEMPATH\CodeIgniter.php(896): App\Controllers\Utilisateurs->ajouter_un_utilisateur()
 6 SYSTEMPATH\CodeIgniter.php(466): CodeIgniter\CodeIgniter->runController(Object(App\Controllers\Utilisateurs))
 7 SYSTEMPATH\CodeIgniter.php(349): CodeIgniter\CodeIgniter->handleRequest(null, Object(Config\Cache), false)
 8 FCPATH\index.php(55): CodeIgniter\CodeIgniter->run()
CRITICAL - 2022-07-01 02:07:47 --> syntax error, unexpected token "echo"
in APPPATH\Views\utilisateurs\ajout-utilisateur.php on line 86.
 1 SYSTEMPATH\View\View.php(216): CodeIgniter\View\View->CodeIgniter\View\{closure}()
 2 SYSTEMPATH\Common.php(1135): CodeIgniter\View\View->render('utilisateurs/ajout-utilisateur', [], true)
 3 APPPATH\Controllers\Utilisateurs.php(68): view('utilisateurs/ajout-utilisateur', [...])
 4 SYSTEMPATH\CodeIgniter.php(896): App\Controllers\Utilisateurs->ajouter_un_utilisateur()
 5 SYSTEMPATH\CodeIgniter.php(466): CodeIgniter\CodeIgniter->runController(Object(App\Controllers\Utilisateurs))
 6 SYSTEMPATH\CodeIgniter.php(349): CodeIgniter\CodeIgniter->handleRequest(null, Object(Config\Cache), false)
 7 FCPATH\index.php(55): CodeIgniter\CodeIgniter->run()
CRITICAL - 2022-07-01 02:08:24 --> Cannot access offset of type string on string
in APPPATH\Views\utilisateurs\ajout-utilisateur.php on line 86.
 1 SYSTEMPATH\View\View.php(213): include()
 2 SYSTEMPATH\View\View.php(216): CodeIgniter\View\View->CodeIgniter\View\{closure}()
 3 SYSTEMPATH\Common.php(1135): CodeIgniter\View\View->render('utilisateurs/ajout-utilisateur', [], true)
 4 APPPATH\Controllers\Utilisateurs.php(68): view('utilisateurs/ajout-utilisateur', [...])
 5 SYSTEMPATH\CodeIgniter.php(896): App\Controllers\Utilisateurs->ajouter_un_utilisateur()
 6 SYSTEMPATH\CodeIgniter.php(466): CodeIgniter\CodeIgniter->runController(Object(App\Controllers\Utilisateurs))
 7 SYSTEMPATH\CodeIgniter.php(349): CodeIgniter\CodeIgniter->handleRequest(null, Object(Config\Cache), false)
 8 FCPATH\index.php(55): CodeIgniter\CodeIgniter->run()
CRITICAL - 2022-07-01 02:23:11 --> Cannot access offset of type string on string
in APPPATH\Views\utilisateurs\ajout-utilisateur.php on line 83.
 1 SYSTEMPATH\View\View.php(213): include()
 2 SYSTEMPATH\View\View.php(216): CodeIgniter\View\View->CodeIgniter\View\{closure}()
 3 SYSTEMPATH\Common.php(1135): CodeIgniter\View\View->render('utilisateurs/ajout-utilisateur', [], true)
 4 APPPATH\Controllers\Utilisateurs.php(68): view('utilisateurs/ajout-utilisateur', [...])
 5 SYSTEMPATH\CodeIgniter.php(896): App\Controllers\Utilisateurs->ajouter_un_utilisateur()
 6 SYSTEMPATH\CodeIgniter.php(466): CodeIgniter\CodeIgniter->runController(Object(App\Controllers\Utilisateurs))
 7 SYSTEMPATH\CodeIgniter.php(349): CodeIgniter\CodeIgniter->handleRequest(null, Object(Config\Cache), false)
 8 FCPATH\index.php(55): CodeIgniter\CodeIgniter->run()
CRITICAL - 2022-07-01 02:23:41 --> Cannot access offset of type string on string
in APPPATH\Views\utilisateurs\ajout-utilisateur.php on line 83.
 1 SYSTEMPATH\View\View.php(213): include()
 2 SYSTEMPATH\View\View.php(216): CodeIgniter\View\View->CodeIgniter\View\{closure}()
 3 SYSTEMPATH\Common.php(1135): CodeIgniter\View\View->render('utilisateurs/ajout-utilisateur', [], true)
 4 APPPATH\Controllers\Utilisateurs.php(68): view('utilisateurs/ajout-utilisateur', [...])
 5 SYSTEMPATH\CodeIgniter.php(896): App\Controllers\Utilisateurs->ajouter_un_utilisateur()
 6 SYSTEMPATH\CodeIgniter.php(466): CodeIgniter\CodeIgniter->runController(Object(App\Controllers\Utilisateurs))
 7 SYSTEMPATH\CodeIgniter.php(349): CodeIgniter\CodeIgniter->handleRequest(null, Object(Config\Cache), false)
 8 FCPATH\index.php(55): CodeIgniter\CodeIgniter->run()
CRITICAL - 2022-07-01 02:23:49 --> Attempt to read property "utilisateur_login" on string
in APPPATH\Views\utilisateurs\ajout-utilisateur.php on line 83.
 1 APPPATH\Views\utilisateurs\ajout-utilisateur.php(83): CodeIgniter\Debug\Exceptions->errorHandler(2, 'Attempt to read property "utilisateur_login" on string', 'APPPATH\\Views\\utilisateurs\\ajout-utilisateur.php', 83)
 2 SYSTEMPATH\View\View.php(213): include('APPPATH\\Views\\utilisateurs\\ajout-utilisateur.php')
 3 SYSTEMPATH\View\View.php(216): CodeIgniter\View\View->CodeIgniter\View\{closure}()
 4 SYSTEMPATH\Common.php(1135): CodeIgniter\View\View->render('utilisateurs/ajout-utilisateur', [], true)
 5 APPPATH\Controllers\Utilisateurs.php(68): view('utilisateurs/ajout-utilisateur', [...])
 6 SYSTEMPATH\CodeIgniter.php(896): App\Controllers\Utilisateurs->ajouter_un_utilisateur()
 7 SYSTEMPATH\CodeIgniter.php(466): CodeIgniter\CodeIgniter->runController(Object(App\Controllers\Utilisateurs))
 8 SYSTEMPATH\CodeIgniter.php(349): CodeIgniter\CodeIgniter->handleRequest(null, Object(Config\Cache), false)
 9 FCPATH\index.php(55): CodeIgniter\CodeIgniter->run()
CRITICAL - 2022-07-01 02:38:26 --> Undefined variable $unUtilisateurti
in APPPATH\Views\utilisateurs\ajout-utilisateur.php on line 83.
 1 APPPATH\Views\utilisateurs\ajout-utilisateur.php(83): CodeIgniter\Debug\Exceptions->errorHandler(2, 'Undefined variable $unUtilisateurti', 'APPPATH\\Views\\utilisateurs\\ajout-utilisateur.php', 83)
 2 SYSTEMPATH\View\View.php(213): include('APPPATH\\Views\\utilisateurs\\ajout-utilisateur.php')
 3 SYSTEMPATH\View\View.php(216): CodeIgniter\View\View->CodeIgniter\View\{closure}()
 4 SYSTEMPATH\Common.php(1135): CodeIgniter\View\View->render('utilisateurs/ajout-utilisateur', [], true)
 5 APPPATH\Controllers\Utilisateurs.php(68): view('utilisateurs/ajout-utilisateur', [...])
 6 SYSTEMPATH\CodeIgniter.php(896): App\Controllers\Utilisateurs->ajouter_un_utilisateur()
 7 SYSTEMPATH\CodeIgniter.php(466): CodeIgniter\CodeIgniter->runController(Object(App\Controllers\Utilisateurs))
 8 SYSTEMPATH\CodeIgniter.php(349): CodeIgniter\CodeIgniter->handleRequest(null, Object(Config\Cache), false)
 9 FCPATH\index.php(55): CodeIgniter\CodeIgniter->run()
CRITICAL - 2022-07-01 02:38:30 --> Cannot use object of type stdClass as array
in APPPATH\Views\utilisateurs\ajout-utilisateur.php on line 83.
 1 SYSTEMPATH\View\View.php(213): include()
 2 SYSTEMPATH\View\View.php(216): CodeIgniter\View\View->CodeIgniter\View\{closure}()
 3 SYSTEMPATH\Common.php(1135): CodeIgniter\View\View->render('utilisateurs/ajout-utilisateur', [], true)
 4 APPPATH\Controllers\Utilisateurs.php(68): view('utilisateurs/ajout-utilisateur', [...])
 5 SYSTEMPATH\CodeIgniter.php(896): App\Controllers\Utilisateurs->ajouter_un_utilisateur()
 6 SYSTEMPATH\CodeIgniter.php(466): CodeIgniter\CodeIgniter->runController(Object(App\Controllers\Utilisateurs))
 7 SYSTEMPATH\CodeIgniter.php(349): CodeIgniter\CodeIgniter->handleRequest(null, Object(Config\Cache), false)
 8 FCPATH\index.php(55): CodeIgniter\CodeIgniter->run()
CRITICAL - 2022-07-01 02:45:38 --> Invalid file: agences/liste-des-utilisateurs.php
in SYSTEMPATH\Exceptions\FrameworkException.php on line 33.
 1 SYSTEMPATH\View\View.php(201): CodeIgniter\Exceptions\FrameworkException::forInvalidFile('agences/liste-des-utilisateurs.php')
 2 SYSTEMPATH\Common.php(1135): CodeIgniter\View\View->render('agences/liste-des-utilisateurs', [], true)
 3 APPPATH\Controllers\Utilisateurs.php(108): view('agences/liste-des-utilisateurs', [...])
 4 SYSTEMPATH\CodeIgniter.php(896): App\Controllers\Utilisateurs->liste_des_utilisateurs()
 5 SYSTEMPATH\CodeIgniter.php(466): CodeIgniter\CodeIgniter->runController(Object(App\Controllers\Utilisateurs))
 6 SYSTEMPATH\CodeIgniter.php(349): CodeIgniter\CodeIgniter->handleRequest(null, Object(Config\Cache), false)
 7 FCPATH\index.php(55): CodeIgniter\CodeIgniter->run()
CRITICAL - 2022-07-01 02:48:19 --> Invalid file: agences/liste-des-utilisateurs.php
in SYSTEMPATH\Exceptions\FrameworkException.php on line 33.
 1 SYSTEMPATH\View\View.php(201): CodeIgniter\Exceptions\FrameworkException::forInvalidFile('agences/liste-des-utilisateurs.php')
 2 SYSTEMPATH\Common.php(1135): CodeIgniter\View\View->render('agences/liste-des-utilisateurs', [], true)
 3 APPPATH\Controllers\Utilisateurs.php(108): view('agences/liste-des-utilisateurs', [...])
 4 SYSTEMPATH\CodeIgniter.php(896): App\Controllers\Utilisateurs->liste_des_utilisateurs()
 5 SYSTEMPATH\CodeIgniter.php(466): CodeIgniter\CodeIgniter->runController(Object(App\Controllers\Utilisateurs))
 6 SYSTEMPATH\CodeIgniter.php(349): CodeIgniter\CodeIgniter->handleRequest(null, Object(Config\Cache), false)
 7 FCPATH\index.php(55): CodeIgniter\CodeIgniter->run()
CRITICAL - 2022-07-01 02:48:57 --> Undefined variable $lesUtilisateurs
in APPPATH\Views\utilisateurs\liste-des-utilisateurs.php on line 21.
 1 APPPATH\Views\utilisateurs\liste-des-utilisateurs.php(21): CodeIgniter\Debug\Exceptions->errorHandler(2, 'Undefined variable $lesUtilisateurs', 'APPPATH\\Views\\utilisateurs\\liste-des-utilisateurs.php', 21)
 2 SYSTEMPATH\View\View.php(213): include('APPPATH\\Views\\utilisateurs\\liste-des-utilisateurs.php')
 3 SYSTEMPATH\View\View.php(216): CodeIgniter\View\View->CodeIgniter\View\{closure}()
 4 SYSTEMPATH\Common.php(1135): CodeIgniter\View\View->render('utilisateurs/liste-des-utilisateurs', [], true)
 5 APPPATH\Controllers\Utilisateurs.php(108): view('utilisateurs/liste-des-utilisateurs', [...])
 6 SYSTEMPATH\CodeIgniter.php(896): App\Controllers\Utilisateurs->liste_des_utilisateurs()
 7 SYSTEMPATH\CodeIgniter.php(466): CodeIgniter\CodeIgniter->runController(Object(App\Controllers\Utilisateurs))
 8 SYSTEMPATH\CodeIgniter.php(349): CodeIgniter\CodeIgniter->handleRequest(null, Object(Config\Cache), false)
 9 FCPATH\index.php(55): CodeIgniter\CodeIgniter->run()
CRITICAL - 2022-07-01 02:49:09 --> Undefined variable $lesAgences
in APPPATH\Views\utilisateurs\liste-des-utilisateurs.php on line 29.
 1 APPPATH\Views\utilisateurs\liste-des-utilisateurs.php(29): CodeIgniter\Debug\Exceptions->errorHandler(2, 'Undefined variable $lesAgences', 'APPPATH\\Views\\utilisateurs\\liste-des-utilisateurs.php', 29)
 2 SYSTEMPATH\View\View.php(213): include('APPPATH\\Views\\utilisateurs\\liste-des-utilisateurs.php')
 3 SYSTEMPATH\View\View.php(216): CodeIgniter\View\View->CodeIgniter\View\{closure}()
 4 SYSTEMPATH\Common.php(1135): CodeIgniter\View\View->render('utilisateurs/liste-des-utilisateurs', [], true)
 5 APPPATH\Controllers\Utilisateurs.php(108): view('utilisateurs/liste-des-utilisateurs', [...])
 6 SYSTEMPATH\CodeIgniter.php(896): App\Controllers\Utilisateurs->liste_des_utilisateurs()
 7 SYSTEMPATH\CodeIgniter.php(466): CodeIgniter\CodeIgniter->runController(Object(App\Controllers\Utilisateurs))
 8 SYSTEMPATH\CodeIgniter.php(349): CodeIgniter\CodeIgniter->handleRequest(null, Object(Config\Cache), false)
 9 FCPATH\index.php(55): CodeIgniter\CodeIgniter->run()
CRITICAL - 2022-07-01 02:50:43 --> Undefined variable $lesAgences
in APPPATH\Views\utilisateurs\liste-des-utilisateurs.php on line 29.
 1 APPPATH\Views\utilisateurs\liste-des-utilisateurs.php(29): CodeIgniter\Debug\Exceptions->errorHandler(2, 'Undefined variable $lesAgences', 'APPPATH\\Views\\utilisateurs\\liste-des-utilisateurs.php', 29)
 2 SYSTEMPATH\View\View.php(213): include('APPPATH\\Views\\utilisateurs\\liste-des-utilisateurs.php')
 3 SYSTEMPATH\View\View.php(216): CodeIgniter\View\View->CodeIgniter\View\{closure}()
 4 SYSTEMPATH\Common.php(1135): CodeIgniter\View\View->render('utilisateurs/liste-des-utilisateurs', [], true)
 5 APPPATH\Controllers\Utilisateurs.php(108): view('utilisateurs/liste-des-utilisateurs', [...])
 6 SYSTEMPATH\CodeIgniter.php(896): App\Controllers\Utilisateurs->liste_des_utilisateurs()
 7 SYSTEMPATH\CodeIgniter.php(466): CodeIgniter\CodeIgniter->runController(Object(App\Controllers\Utilisateurs))
 8 SYSTEMPATH\CodeIgniter.php(349): CodeIgniter\CodeIgniter->handleRequest(null, Object(Config\Cache), false)
 9 FCPATH\index.php(55): CodeIgniter\CodeIgniter->run()
CRITICAL - 2022-07-01 02:53:15 --> CodeIgniter\Database\BaseResult::getResult(): Argument #1 ($type) must be of type string, null given, called in C:\xampp\htdocs\rtw\system\Model.php on line 223
in SYSTEMPATH\Database\BaseResult.php on line 96.
 1 SYSTEMPATH\Model.php(223): CodeIgniter\Database\BaseResult->getResult(null)
 2 SYSTEMPATH\BaseModel.php(584): CodeIgniter\Model->doFindAll(0, 0)
 3 APPPATH\Models\AgencesModel.php(33): CodeIgniter\BaseModel->findAll()
 4 APPPATH\Controllers\Agences.php(105): App\Models\AgencesModel->retournerAgences()
 5 SYSTEMPATH\CodeIgniter.php(896): App\Controllers\Agences->liste_des_agences()
 6 SYSTEMPATH\CodeIgniter.php(466): CodeIgniter\CodeIgniter->runController(Object(App\Controllers\Agences))
 7 SYSTEMPATH\CodeIgniter.php(349): CodeIgniter\CodeIgniter->handleRequest(null, Object(Config\Cache), false)
 8 FCPATH\index.php(55): CodeIgniter\CodeIgniter->run()
CRITICAL - 2022-07-01 02:53:35 --> CodeIgniter\Database\BaseResult::getResult(): Argument #1 ($type) must be of type string, null given, called in C:\xampp\htdocs\rtw\system\Model.php on line 223
in SYSTEMPATH\Database\BaseResult.php on line 96.
 1 SYSTEMPATH\Model.php(223): CodeIgniter\Database\BaseResult->getResult(null)
 2 SYSTEMPATH\BaseModel.php(584): CodeIgniter\Model->doFindAll(0, 0)
 3 APPPATH\Models\AgencesModel.php(33): CodeIgniter\BaseModel->findAll()
 4 APPPATH\Controllers\Agences.php(175): App\Models\AgencesModel->retournerAgences()
 5 SYSTEMPATH\CodeIgniter.php(896): App\Controllers\Agences->modifier_une_agence()
 6 SYSTEMPATH\CodeIgniter.php(466): CodeIgniter\CodeIgniter->runController(Object(App\Controllers\Agences))
 7 SYSTEMPATH\CodeIgniter.php(349): CodeIgniter\CodeIgniter->handleRequest(null, Object(Config\Cache), false)
 8 FCPATH\index.php(55): CodeIgniter\CodeIgniter->run()
CRITICAL - 2022-07-01 02:53:43 --> CodeIgniter\Database\BaseResult::getResult(): Argument #1 ($type) must be of type string, null given, called in C:\xampp\htdocs\rtw\system\Model.php on line 223
in SYSTEMPATH\Database\BaseResult.php on line 96.
 1 SYSTEMPATH\Model.php(223): CodeIgniter\Database\BaseResult->getResult(null)
 2 SYSTEMPATH\BaseModel.php(584): CodeIgniter\Model->doFindAll(0, 0)
 3 APPPATH\Models\AgencesModel.php(33): CodeIgniter\BaseModel->findAll()
 4 APPPATH\Controllers\Agences.php(175): App\Models\AgencesModel->retournerAgences()
 5 SYSTEMPATH\CodeIgniter.php(896): App\Controllers\Agences->modifier_une_agence()
 6 SYSTEMPATH\CodeIgniter.php(466): CodeIgniter\CodeIgniter->runController(Object(App\Controllers\Agences))
 7 SYSTEMPATH\CodeIgniter.php(349): CodeIgniter\CodeIgniter->handleRequest(null, Object(Config\Cache), false)
 8 FCPATH\index.php(55): CodeIgniter\CodeIgniter->run()
CRITICAL - 2022-07-01 03:00:07 --> Undefined variable $model
in APPPATH\Controllers\Utilisateurs.php on line 104.
 1 APPPATH\Controllers\Utilisateurs.php(104): CodeIgniter\Debug\Exceptions->errorHandler(2, 'Undefined variable $model', 'APPPATH\\Controllers\\Utilisateurs.php', 104)
 2 SYSTEMPATH\CodeIgniter.php(896): App\Controllers\Utilisateurs->liste_des_utilisateurs()
 3 SYSTEMPATH\CodeIgniter.php(466): CodeIgniter\CodeIgniter->runController(Object(App\Controllers\Utilisateurs))
 4 SYSTEMPATH\CodeIgniter.php(349): CodeIgniter\CodeIgniter->handleRequest(null, Object(Config\Cache), false)
 5 FCPATH\index.php(55): CodeIgniter\CodeIgniter->run()
CRITICAL - 2022-07-01 03:14:55 --> Undefined variable $uneAgence
in APPPATH\Views\agences\details-agence.php on line 7.
 1 APPPATH\Views\agences\details-agence.php(7): CodeIgniter\Debug\Exceptions->errorHandler(2, 'Undefined variable $uneAgence', 'APPPATH\\Views\\agences\\details-agence.php', 7)
 2 SYSTEMPATH\View\View.php(213): include('APPPATH\\Views\\agences\\details-agence.php')
 3 SYSTEMPATH\View\View.php(216): CodeIgniter\View\View->CodeIgniter\View\{closure}()
 4 SYSTEMPATH\Common.php(1135): CodeIgniter\View\View->render('agences/details-agence', [], true)
 5 APPPATH\Controllers\Utilisateurs.php(121): view('agences/details-agence', [...])
 6 SYSTEMPATH\CodeIgniter.php(896): App\Controllers\Utilisateurs->details_utilisateur('3')
 7 SYSTEMPATH\CodeIgniter.php(466): CodeIgniter\CodeIgniter->runController(Object(App\Controllers\Utilisateurs))
 8 SYSTEMPATH\CodeIgniter.php(349): CodeIgniter\CodeIgniter->handleRequest(null, Object(Config\Cache), false)
 9 FCPATH\index.php(55): CodeIgniter\CodeIgniter->run()
CRITICAL - 2022-07-01 03:15:18 --> Invalid file: agences/details-utilisateur.php
in SYSTEMPATH\Exceptions\FrameworkException.php on line 33.
 1 SYSTEMPATH\View\View.php(201): CodeIgniter\Exceptions\FrameworkException::forInvalidFile('agences/details-utilisateur.php')
 2 SYSTEMPATH\Common.php(1135): CodeIgniter\View\View->render('agences/details-utilisateur', [], true)
 3 APPPATH\Controllers\Utilisateurs.php(121): view('agences/details-utilisateur', [...])
 4 SYSTEMPATH\CodeIgniter.php(896): App\Controllers\Utilisateurs->details_utilisateur('3')
 5 SYSTEMPATH\CodeIgniter.php(466): CodeIgniter\CodeIgniter->runController(Object(App\Controllers\Utilisateurs))
 6 SYSTEMPATH\CodeIgniter.php(349): CodeIgniter\CodeIgniter->handleRequest(null, Object(Config\Cache), false)
 7 FCPATH\index.php(55): CodeIgniter\CodeIgniter->run()
CRITICAL - 2022-07-01 03:20:34 --> Invalid file: agences/details-utilisateur.php
in SYSTEMPATH\Exceptions\FrameworkException.php on line 33.
 1 SYSTEMPATH\View\View.php(201): CodeIgniter\Exceptions\FrameworkException::forInvalidFile('agences/details-utilisateur.php')
 2 SYSTEMPATH\Common.php(1135): CodeIgniter\View\View->render('agences/details-utilisateur', [], true)
 3 APPPATH\Controllers\Utilisateurs.php(121): view('agences/details-utilisateur', [...])
 4 SYSTEMPATH\CodeIgniter.php(896): App\Controllers\Utilisateurs->details_utilisateur('3')
 5 SYSTEMPATH\CodeIgniter.php(466): CodeIgniter\CodeIgniter->runController(Object(App\Controllers\Utilisateurs))
 6 SYSTEMPATH\CodeIgniter.php(349): CodeIgniter\CodeIgniter->handleRequest(null, Object(Config\Cache), false)
 7 FCPATH\index.php(55): CodeIgniter\CodeIgniter->run()
CRITICAL - 2022-07-01 03:20:49 --> Undefined array key "utilisateur_pseudo"
in APPPATH\Views\utilisateurs\details-utilisateur.php on line 7.
 1 APPPATH\Views\utilisateurs\details-utilisateur.php(7): CodeIgniter\Debug\Exceptions->errorHandler(2, 'Undefined array key "utilisateur_pseudo"', 'APPPATH\\Views\\utilisateurs\\details-utilisateur.php', 7)
 2 SYSTEMPATH\View\View.php(213): include('APPPATH\\Views\\utilisateurs\\details-utilisateur.php')
 3 SYSTEMPATH\View\View.php(216): CodeIgniter\View\View->CodeIgniter\View\{closure}()
 4 SYSTEMPATH\Common.php(1135): CodeIgniter\View\View->render('utilisateurs/details-utilisateur', [], true)
 5 APPPATH\Controllers\Utilisateurs.php(121): view('utilisateurs/details-utilisateur', [...])
 6 SYSTEMPATH\CodeIgniter.php(896): App\Controllers\Utilisateurs->details_utilisateur('3')
 7 SYSTEMPATH\CodeIgniter.php(466): CodeIgniter\CodeIgniter->runController(Object(App\Controllers\Utilisateurs))
 8 SYSTEMPATH\CodeIgniter.php(349): CodeIgniter\CodeIgniter->handleRequest(null, Object(Config\Cache), false)
 9 FCPATH\index.php(55): CodeIgniter\CodeIgniter->run()
CRITICAL - 2022-07-01 03:26:30 --> Undefined variable $query
in APPPATH\Models\UtilisateursModel.php on line 47.
 1 APPPATH\Models\UtilisateursModel.php(47): CodeIgniter\Debug\Exceptions->errorHandler(2, 'Undefined variable $query', 'APPPATH\\Models\\UtilisateursModel.php', 47)
 2 APPPATH\Controllers\Utilisateurs.php(114): App\Models\UtilisateursModel->retournerParametreUtilisateur('1')
 3 SYSTEMPATH\CodeIgniter.php(896): App\Controllers\Utilisateurs->details_utilisateur('1')
 4 SYSTEMPATH\CodeIgniter.php(466): CodeIgniter\CodeIgniter->runController(Object(App\Controllers\Utilisateurs))
 5 SYSTEMPATH\CodeIgniter.php(349): CodeIgniter\CodeIgniter->handleRequest(null, Object(Config\Cache), false)
 6 FCPATH\index.php(55): CodeIgniter\CodeIgniter->run()
CRITICAL - 2022-07-01 03:26:33 --> Undefined variable $query
in APPPATH\Models\UtilisateursModel.php on line 47.
 1 APPPATH\Models\UtilisateursModel.php(47): CodeIgniter\Debug\Exceptions->errorHandler(2, 'Undefined variable $query', 'APPPATH\\Models\\UtilisateursModel.php', 47)
 2 APPPATH\Controllers\Utilisateurs.php(114): App\Models\UtilisateursModel->retournerParametreUtilisateur('1')
 3 SYSTEMPATH\CodeIgniter.php(896): App\Controllers\Utilisateurs->details_utilisateur('1')
 4 SYSTEMPATH\CodeIgniter.php(466): CodeIgniter\CodeIgniter->runController(Object(App\Controllers\Utilisateurs))
 5 SYSTEMPATH\CodeIgniter.php(349): CodeIgniter\CodeIgniter->handleRequest(null, Object(Config\Cache), false)
 6 FCPATH\index.php(55): CodeIgniter\CodeIgniter->run()
CRITICAL - 2022-07-01 03:30:33 --> Undefined property: stdClass::$agence_nom
in APPPATH\Views\utilisateurs\details-utilisateur.php on line 12.
 1 APPPATH\Views\utilisateurs\details-utilisateur.php(12): CodeIgniter\Debug\Exceptions->errorHandler(2, 'Undefined property: stdClass::$agence_nom', 'APPPATH\\Views\\utilisateurs\\details-utilisateur.php', 12)
 2 SYSTEMPATH\View\View.php(213): include('APPPATH\\Views\\utilisateurs\\details-utilisateur.php')
 3 SYSTEMPATH\View\View.php(216): CodeIgniter\View\View->CodeIgniter\View\{closure}()
 4 SYSTEMPATH\Common.php(1135): CodeIgniter\View\View->render('utilisateurs/details-utilisateur', [], true)
 5 APPPATH\Controllers\Utilisateurs.php(121): view('utilisateurs/details-utilisateur', [...])
 6 SYSTEMPATH\CodeIgniter.php(896): App\Controllers\Utilisateurs->details_utilisateur('1')
 7 SYSTEMPATH\CodeIgniter.php(466): CodeIgniter\CodeIgniter->runController(Object(App\Controllers\Utilisateurs))
 8 SYSTEMPATH\CodeIgniter.php(349): CodeIgniter\CodeIgniter->handleRequest(null, Object(Config\Cache), false)
 9 FCPATH\index.php(55): CodeIgniter\CodeIgniter->run()
CRITICAL - 2022-07-01 03:38:00 --> syntax error, unexpected token "}"
in APPPATH\Views\utilisateurs\details-utilisateur.php on line 11.
 1 SYSTEMPATH\View\View.php(216): CodeIgniter\View\View->CodeIgniter\View\{closure}()
 2 SYSTEMPATH\Common.php(1135): CodeIgniter\View\View->render('utilisateurs/details-utilisateur', [], true)
 3 APPPATH\Controllers\Utilisateurs.php(121): view('utilisateurs/details-utilisateur', [...])
 4 SYSTEMPATH\CodeIgniter.php(896): App\Controllers\Utilisateurs->details_utilisateur('3')
 5 SYSTEMPATH\CodeIgniter.php(466): CodeIgniter\CodeIgniter->runController(Object(App\Controllers\Utilisateurs))
 6 SYSTEMPATH\CodeIgniter.php(349): CodeIgniter\CodeIgniter->handleRequest(null, Object(Config\Cache), false)
 7 FCPATH\index.php(55): CodeIgniter\CodeIgniter->run()
CRITICAL - 2022-07-01 03:38:05 --> syntax error, unexpected token "}"
in APPPATH\Views\utilisateurs\details-utilisateur.php on line 11.
 1 SYSTEMPATH\View\View.php(216): CodeIgniter\View\View->CodeIgniter\View\{closure}()
 2 SYSTEMPATH\Common.php(1135): CodeIgniter\View\View->render('utilisateurs/details-utilisateur', [], true)
 3 APPPATH\Controllers\Utilisateurs.php(121): view('utilisateurs/details-utilisateur', [...])
 4 SYSTEMPATH\CodeIgniter.php(896): App\Controllers\Utilisateurs->details_utilisateur('3')
 5 SYSTEMPATH\CodeIgniter.php(466): CodeIgniter\CodeIgniter->runController(Object(App\Controllers\Utilisateurs))
 6 SYSTEMPATH\CodeIgniter.php(349): CodeIgniter\CodeIgniter->handleRequest(null, Object(Config\Cache), false)
 7 FCPATH\index.php(55): CodeIgniter\CodeIgniter->run()
