CRITICAL - 2022-07-05 03:03:47 --> syntax error, unexpected token "=", expecting ":"
in APPPATH\Views\utilisateurs\ajout-utilisateur.php on line 42.
 1 SYSTEMPATH\View\View.php(216): CodeIgniter\View\View->CodeIgniter\View\{closure}()
 2 SYSTEMPATH\Common.php(1135): CodeIgniter\View\View->render('utilisateurs/ajout-utilisateur', [], true)
 3 APPPATH\Controllers\Utilisateurs.php(56): view('utilisateurs/ajout-utilisateur', [...])
 4 SYSTEMPATH\CodeIgniter.php(896): App\Controllers\Utilisateurs->ajouter_un_utilisateur()
 5 SYSTEMPATH\CodeIgniter.php(466): CodeIgniter\CodeIgniter->runController(Object(App\Controllers\Utilisateurs))
 6 SYSTEMPATH\CodeIgniter.php(349): CodeIgniter\CodeIgniter->handleRequest(null, Object(Config\Cache), false)
 7 FCPATH\index.php(55): CodeIgniter\CodeIgniter->run()
CRITICAL - 2022-07-05 03:40:05 --> password_hash() expects at least 2 arguments, 1 given
in APPPATH\Controllers\Utilisateurs.php on line 62.
 1 APPPATH\Controllers\Utilisateurs.php(62): password_hash('Test1234')
 2 SYSTEMPATH\CodeIgniter.php(896): App\Controllers\Utilisateurs->ajouter_un_utilisateur()
 3 SYSTEMPATH\CodeIgniter.php(466): CodeIgniter\CodeIgniter->runController(Object(App\Controllers\Utilisateurs))
 4 SYSTEMPATH\CodeIgniter.php(349): CodeIgniter\CodeIgniter->handleRequest(null, Object(Config\Cache), false)
 5 FCPATH\index.php(55): CodeIgniter\CodeIgniter->run()
CRITICAL - 2022-07-05 04:36:17 --> Undefined variable $modelUtilisateurs
in APPPATH\Controllers\Utilisateurs.php on line 82.
 1 APPPATH\Controllers\Utilisateurs.php(82): CodeIgniter\Debug\Exceptions->errorHandler(2, 'Undefined variable $modelUtilisateurs', 'APPPATH\\Controllers\\Utilisateurs.php', 82)
 2 SYSTEMPATH\CodeIgniter.php(896): App\Controllers\Utilisateurs->ajouter_un_utilisateur()
 3 SYSTEMPATH\CodeIgniter.php(466): CodeIgniter\CodeIgniter->runController(Object(App\Controllers\Utilisateurs))
 4 SYSTEMPATH\CodeIgniter.php(349): CodeIgniter\CodeIgniter->handleRequest(null, Object(Config\Cache), false)
 5 FCPATH\index.php(55): CodeIgniter\CodeIgniter->run()
ERROR - 2022-07-05 04:38:04 --> Unknown column 'created_at' in 'field list'
CRITICAL - 2022-07-05 04:38:04 --> Unknown column 'created_at' in 'field list'
in SYSTEMPATH\Database\MySQLi\Connection.php on line 292.
 1 SYSTEMPATH\Database\MySQLi\Connection.php(292): mysqli->query('INSERT INTO `utilisateurs` (`agence_id`, `utilisateur_login`, `utilisateur_pseudo`, `utilisateur_email`, `utilisateur_pass_hash`, `utilisateur_tel1`, `utilisateur_tel2`, `utilisateur_date_derniere_activite`, `utilisateur_statut_blocage`, `utilisateur_niveau_acces`, `created_at`, `updated_at`) VALUES (\'2\', \'scmicro.test\', \'Test\', \'test@gmail.com\', \'$2y$10$brQySZMDEgiJkxFnRof3EufgImhJ7VYVtooRbJHPHPer7g6C5F0ii\', \'\', \'\', \'2022-07-05 04:38:04\', \'0\', \'2\', \'2022-07-05 04:38:04\', \'2022-07-05 04:38:04\')', 0)
 2 SYSTEMPATH\Database\BaseConnection.php(695): CodeIgniter\Database\MySQLi\Connection->execute('INSERT INTO `utilisateurs` (`agence_id`, `utilisateur_login`, `utilisateur_pseudo`, `utilisateur_email`, `utilisateur_pass_hash`, `utilisateur_tel1`, `utilisateur_tel2`, `utilisateur_date_derniere_activite`, `utilisateur_statut_blocage`, `utilisateur_niveau_acces`, `created_at`, `updated_at`) VALUES (\'2\', \'scmicro.test\', \'Test\', \'test@gmail.com\', \'$2y$10$brQySZMDEgiJkxFnRof3EufgImhJ7VYVtooRbJHPHPer7g6C5F0ii\', \'\', \'\', \'2022-07-05 04:38:04\', \'0\', \'2\', \'2022-07-05 04:38:04\', \'2022-07-05 04:38:04\')')
 3 SYSTEMPATH\Database\BaseConnection.php(609): CodeIgniter\Database\BaseConnection->simpleQuery('INSERT INTO `utilisateurs` (`agence_id`, `utilisateur_login`, `utilisateur_pseudo`, `utilisateur_email`, `utilisateur_pass_hash`, `utilisateur_tel1`, `utilisateur_tel2`, `utilisateur_date_derniere_activite`, `utilisateur_statut_blocage`, `utilisateur_niveau_acces`, `created_at`, `updated_at`) VALUES (\'2\', \'scmicro.test\', \'Test\', \'test@gmail.com\', \'$2y$10$brQySZMDEgiJkxFnRof3EufgImhJ7VYVtooRbJHPHPer7g6C5F0ii\', \'\', \'\', \'2022-07-05 04:38:04\', \'0\', \'2\', \'2022-07-05 04:38:04\', \'2022-07-05 04:38:04\')')
 4 SYSTEMPATH\Database\BaseBuilder.php(1904): CodeIgniter\Database\BaseConnection->query('INSERT INTO `utilisateurs` (`agence_id`, `utilisateur_login`, `utilisateur_pseudo`, `utilisateur_email`, `utilisateur_pass_hash`, `utilisateur_tel1`, `utilisateur_tel2`, `utilisateur_date_derniere_activite`, `utilisateur_statut_blocage`, `utilisateur_niveau_acces`, `created_at`, `updated_at`) VALUES (:agence_id:, :utilisateur_login:, :utilisateur_pseudo:, :utilisateur_email:, :utilisateur_pass_hash:, :utilisateur_tel1:, :utilisateur_tel2:, :utilisateur_date_derniere_activite:, :utilisateur_statut_blocage:, :utilisateur_niveau_acces:, :created_at:, :updated_at:)', [...], false)
 5 SYSTEMPATH\Model.php(278): CodeIgniter\Database\BaseBuilder->insert()
 6 SYSTEMPATH\BaseModel.php(738): CodeIgniter\Model->doInsert([...])
 7 SYSTEMPATH\Model.php(666): CodeIgniter\BaseModel->insert([...], false)
 8 SYSTEMPATH\BaseModel.php(658): CodeIgniter\Model->insert([...], false)
 9 APPPATH\Controllers\Utilisateurs.php(83): CodeIgniter\BaseModel->save([...])
10 SYSTEMPATH\CodeIgniter.php(896): App\Controllers\Utilisateurs->ajouter_un_utilisateur()
11 SYSTEMPATH\CodeIgniter.php(466): CodeIgniter\CodeIgniter->runController(Object(App\Controllers\Utilisateurs))
12 SYSTEMPATH\CodeIgniter.php(349): CodeIgniter\CodeIgniter->handleRequest(null, Object(Config\Cache), false)
13 FCPATH\index.php(55): CodeIgniter\CodeIgniter->run()
ERROR - 2022-07-05 04:39:47 --> Unknown column 'created_at' in 'field list'
CRITICAL - 2022-07-05 04:39:47 --> Unknown column 'created_at' in 'field list'
in SYSTEMPATH\Database\MySQLi\Connection.php on line 292.
 1 SYSTEMPATH\Database\MySQLi\Connection.php(292): mysqli->query('INSERT INTO `utilisateurs` (`agence_id`, `utilisateur_login`, `utilisateur_pseudo`, `utilisateur_email`, `utilisateur_pass_hash`, `utilisateur_tel1`, `utilisateur_tel2`, `utilisateur_date_derniere_activite`, `utilisateur_statut_blocage`, `utilisateur_niveau_acces`, `created_at`, `updated_at`) VALUES (\'2\', \'scmicro.test\', \'Test\', \'test@gmail.com\', \'$2y$10$m9e996Cyn.hQJUnYbqkB2OyC2.lb308ln7FeyFPfAWfyYgCF67Jmq\', \'\', \'\', \'2022-07-05 11:39:47\', \'0\', \'2\', \'2022-07-05 04:39:47\', \'2022-07-05 04:39:47\')', 0)
 2 SYSTEMPATH\Database\BaseConnection.php(695): CodeIgniter\Database\MySQLi\Connection->execute('INSERT INTO `utilisateurs` (`agence_id`, `utilisateur_login`, `utilisateur_pseudo`, `utilisateur_email`, `utilisateur_pass_hash`, `utilisateur_tel1`, `utilisateur_tel2`, `utilisateur_date_derniere_activite`, `utilisateur_statut_blocage`, `utilisateur_niveau_acces`, `created_at`, `updated_at`) VALUES (\'2\', \'scmicro.test\', \'Test\', \'test@gmail.com\', \'$2y$10$m9e996Cyn.hQJUnYbqkB2OyC2.lb308ln7FeyFPfAWfyYgCF67Jmq\', \'\', \'\', \'2022-07-05 11:39:47\', \'0\', \'2\', \'2022-07-05 04:39:47\', \'2022-07-05 04:39:47\')')
 3 SYSTEMPATH\Database\BaseConnection.php(609): CodeIgniter\Database\BaseConnection->simpleQuery('INSERT INTO `utilisateurs` (`agence_id`, `utilisateur_login`, `utilisateur_pseudo`, `utilisateur_email`, `utilisateur_pass_hash`, `utilisateur_tel1`, `utilisateur_tel2`, `utilisateur_date_derniere_activite`, `utilisateur_statut_blocage`, `utilisateur_niveau_acces`, `created_at`, `updated_at`) VALUES (\'2\', \'scmicro.test\', \'Test\', \'test@gmail.com\', \'$2y$10$m9e996Cyn.hQJUnYbqkB2OyC2.lb308ln7FeyFPfAWfyYgCF67Jmq\', \'\', \'\', \'2022-07-05 11:39:47\', \'0\', \'2\', \'2022-07-05 04:39:47\', \'2022-07-05 04:39:47\')')
 4 SYSTEMPATH\Database\BaseBuilder.php(1904): CodeIgniter\Database\BaseConnection->query('INSERT INTO `utilisateurs` (`agence_id`, `utilisateur_login`, `utilisateur_pseudo`, `utilisateur_email`, `utilisateur_pass_hash`, `utilisateur_tel1`, `utilisateur_tel2`, `utilisateur_date_derniere_activite`, `utilisateur_statut_blocage`, `utilisateur_niveau_acces`, `created_at`, `updated_at`) VALUES (:agence_id:, :utilisateur_login:, :utilisateur_pseudo:, :utilisateur_email:, :utilisateur_pass_hash:, :utilisateur_tel1:, :utilisateur_tel2:, :utilisateur_date_derniere_activite:, :utilisateur_statut_blocage:, :utilisateur_niveau_acces:, :created_at:, :updated_at:)', [...], false)
 5 SYSTEMPATH\Model.php(278): CodeIgniter\Database\BaseBuilder->insert()
 6 SYSTEMPATH\BaseModel.php(738): CodeIgniter\Model->doInsert([...])
 7 SYSTEMPATH\Model.php(666): CodeIgniter\BaseModel->insert([...], false)
 8 SYSTEMPATH\BaseModel.php(658): CodeIgniter\Model->insert([...], false)
 9 APPPATH\Controllers\Utilisateurs.php(83): CodeIgniter\BaseModel->save([...])
10 SYSTEMPATH\CodeIgniter.php(896): App\Controllers\Utilisateurs->ajouter_un_utilisateur()
11 SYSTEMPATH\CodeIgniter.php(466): CodeIgniter\CodeIgniter->runController(Object(App\Controllers\Utilisateurs))
12 SYSTEMPATH\CodeIgniter.php(349): CodeIgniter\CodeIgniter->handleRequest(null, Object(Config\Cache), false)
13 FCPATH\index.php(55): CodeIgniter\CodeIgniter->run()
CRITICAL - 2022-07-05 04:40:10 --> Undefined property: App\Controllers\Utilisateurs::$modelUtilisateurs
in APPPATH\Controllers\Utilisateurs.php on line 47.
 1 APPPATH\Controllers\Utilisateurs.php(47): CodeIgniter\Debug\Exceptions->errorHandler(2, 'Undefined property: App\\Controllers\\Utilisateurs::$modelUtilisateurs', 'APPPATH\\Controllers\\Utilisateurs.php', 47)
 2 SYSTEMPATH\CodeIgniter.php(896): App\Controllers\Utilisateurs->ajouter_un_utilisateur()
 3 SYSTEMPATH\CodeIgniter.php(466): CodeIgniter\CodeIgniter->runController(Object(App\Controllers\Utilisateurs))
 4 SYSTEMPATH\CodeIgniter.php(349): CodeIgniter\CodeIgniter->handleRequest(null, Object(Config\Cache), false)
 5 FCPATH\index.php(55): CodeIgniter\CodeIgniter->run()
ERROR - 2022-07-05 04:41:26 --> Unknown column 'created_at' in 'field list'
CRITICAL - 2022-07-05 04:41:26 --> Unknown column 'created_at' in 'field list'
in SYSTEMPATH\Database\MySQLi\Connection.php on line 292.
 1 SYSTEMPATH\Database\MySQLi\Connection.php(292): mysqli->query('INSERT INTO `utilisateurs` (`agence_id`, `utilisateur_login`, `utilisateur_pseudo`, `utilisateur_email`, `utilisateur_pass_hash`, `utilisateur_tel1`, `utilisateur_tel2`, `utilisateur_date_derniere_activite`, `utilisateur_statut_blocage`, `utilisateur_niveau_acces`, `created_at`, `updated_at`) VALUES (\'2\', \'scmicro.test\', \'Test\', \'test@gmail.com\', \'$2y$10$U2ecLOCsto0mB5MGlcvmYOKvsuxOVpneXJVx4TyLNlti1VOUnzqqK\', \'\', \'\', \'2022-07-05 11:41:26\', \'0\', \'2\', \'2022-07-05 04:41:26\', \'2022-07-05 04:41:26\')', 0)
 2 SYSTEMPATH\Database\BaseConnection.php(695): CodeIgniter\Database\MySQLi\Connection->execute('INSERT INTO `utilisateurs` (`agence_id`, `utilisateur_login`, `utilisateur_pseudo`, `utilisateur_email`, `utilisateur_pass_hash`, `utilisateur_tel1`, `utilisateur_tel2`, `utilisateur_date_derniere_activite`, `utilisateur_statut_blocage`, `utilisateur_niveau_acces`, `created_at`, `updated_at`) VALUES (\'2\', \'scmicro.test\', \'Test\', \'test@gmail.com\', \'$2y$10$U2ecLOCsto0mB5MGlcvmYOKvsuxOVpneXJVx4TyLNlti1VOUnzqqK\', \'\', \'\', \'2022-07-05 11:41:26\', \'0\', \'2\', \'2022-07-05 04:41:26\', \'2022-07-05 04:41:26\')')
 3 SYSTEMPATH\Database\BaseConnection.php(609): CodeIgniter\Database\BaseConnection->simpleQuery('INSERT INTO `utilisateurs` (`agence_id`, `utilisateur_login`, `utilisateur_pseudo`, `utilisateur_email`, `utilisateur_pass_hash`, `utilisateur_tel1`, `utilisateur_tel2`, `utilisateur_date_derniere_activite`, `utilisateur_statut_blocage`, `utilisateur_niveau_acces`, `created_at`, `updated_at`) VALUES (\'2\', \'scmicro.test\', \'Test\', \'test@gmail.com\', \'$2y$10$U2ecLOCsto0mB5MGlcvmYOKvsuxOVpneXJVx4TyLNlti1VOUnzqqK\', \'\', \'\', \'2022-07-05 11:41:26\', \'0\', \'2\', \'2022-07-05 04:41:26\', \'2022-07-05 04:41:26\')')
 4 SYSTEMPATH\Database\BaseBuilder.php(1904): CodeIgniter\Database\BaseConnection->query('INSERT INTO `utilisateurs` (`agence_id`, `utilisateur_login`, `utilisateur_pseudo`, `utilisateur_email`, `utilisateur_pass_hash`, `utilisateur_tel1`, `utilisateur_tel2`, `utilisateur_date_derniere_activite`, `utilisateur_statut_blocage`, `utilisateur_niveau_acces`, `created_at`, `updated_at`) VALUES (:agence_id:, :utilisateur_login:, :utilisateur_pseudo:, :utilisateur_email:, :utilisateur_pass_hash:, :utilisateur_tel1:, :utilisateur_tel2:, :utilisateur_date_derniere_activite:, :utilisateur_statut_blocage:, :utilisateur_niveau_acces:, :created_at:, :updated_at:)', [...], false)
 5 SYSTEMPATH\Model.php(278): CodeIgniter\Database\BaseBuilder->insert()
 6 SYSTEMPATH\BaseModel.php(738): CodeIgniter\Model->doInsert([...])
 7 SYSTEMPATH\Model.php(666): CodeIgniter\BaseModel->insert([...], false)
 8 SYSTEMPATH\BaseModel.php(658): CodeIgniter\Model->insert([...], false)
 9 APPPATH\Controllers\Utilisateurs.php(83): CodeIgniter\BaseModel->save([...])
10 SYSTEMPATH\CodeIgniter.php(896): App\Controllers\Utilisateurs->ajouter_un_utilisateur()
11 SYSTEMPATH\CodeIgniter.php(466): CodeIgniter\CodeIgniter->runController(Object(App\Controllers\Utilisateurs))
12 SYSTEMPATH\CodeIgniter.php(349): CodeIgniter\CodeIgniter->handleRequest(null, Object(Config\Cache), false)
13 FCPATH\index.php(55): CodeIgniter\CodeIgniter->run()
ERROR - 2022-07-05 04:45:10 --> Unknown column 'created_at' in 'field list'
CRITICAL - 2022-07-05 04:45:10 --> Unknown column 'created_at' in 'field list'
in SYSTEMPATH\Database\MySQLi\Connection.php on line 292.
 1 SYSTEMPATH\Database\MySQLi\Connection.php(292): mysqli->query('INSERT INTO `utilisateurs` (`agence_id`, `utilisateur_login`, `utilisateur_pseudo`, `utilisateur_email`, `utilisateur_pass_hash`, `utilisateur_tel1`, `utilisateur_tel2`, `utilisateur_date_derniere_activite`, `utilisateur_statut_blocage`, `utilisateur_niveau_acces`, `created_at`, `updated_at`) VALUES (\'1\', \'scmicro.test\', \'Test\', \'test@gmail.com\', \'$2y$10$F3sof7jToqeq7mK90OdYDOKNjML9qnGfxjCXOkJfcrhvWmFBCwMHi\', \'\', \'\', \'2022-07-05 11:45:10\', \'0\', \'2\', \'2022-07-05 04:45:10\', \'2022-07-05 04:45:10\')', 0)
 2 SYSTEMPATH\Database\BaseConnection.php(695): CodeIgniter\Database\MySQLi\Connection->execute('INSERT INTO `utilisateurs` (`agence_id`, `utilisateur_login`, `utilisateur_pseudo`, `utilisateur_email`, `utilisateur_pass_hash`, `utilisateur_tel1`, `utilisateur_tel2`, `utilisateur_date_derniere_activite`, `utilisateur_statut_blocage`, `utilisateur_niveau_acces`, `created_at`, `updated_at`) VALUES (\'1\', \'scmicro.test\', \'Test\', \'test@gmail.com\', \'$2y$10$F3sof7jToqeq7mK90OdYDOKNjML9qnGfxjCXOkJfcrhvWmFBCwMHi\', \'\', \'\', \'2022-07-05 11:45:10\', \'0\', \'2\', \'2022-07-05 04:45:10\', \'2022-07-05 04:45:10\')')
 3 SYSTEMPATH\Database\BaseConnection.php(609): CodeIgniter\Database\BaseConnection->simpleQuery('INSERT INTO `utilisateurs` (`agence_id`, `utilisateur_login`, `utilisateur_pseudo`, `utilisateur_email`, `utilisateur_pass_hash`, `utilisateur_tel1`, `utilisateur_tel2`, `utilisateur_date_derniere_activite`, `utilisateur_statut_blocage`, `utilisateur_niveau_acces`, `created_at`, `updated_at`) VALUES (\'1\', \'scmicro.test\', \'Test\', \'test@gmail.com\', \'$2y$10$F3sof7jToqeq7mK90OdYDOKNjML9qnGfxjCXOkJfcrhvWmFBCwMHi\', \'\', \'\', \'2022-07-05 11:45:10\', \'0\', \'2\', \'2022-07-05 04:45:10\', \'2022-07-05 04:45:10\')')
 4 SYSTEMPATH\Database\BaseBuilder.php(1904): CodeIgniter\Database\BaseConnection->query('INSERT INTO `utilisateurs` (`agence_id`, `utilisateur_login`, `utilisateur_pseudo`, `utilisateur_email`, `utilisateur_pass_hash`, `utilisateur_tel1`, `utilisateur_tel2`, `utilisateur_date_derniere_activite`, `utilisateur_statut_blocage`, `utilisateur_niveau_acces`, `created_at`, `updated_at`) VALUES (:agence_id:, :utilisateur_login:, :utilisateur_pseudo:, :utilisateur_email:, :utilisateur_pass_hash:, :utilisateur_tel1:, :utilisateur_tel2:, :utilisateur_date_derniere_activite:, :utilisateur_statut_blocage:, :utilisateur_niveau_acces:, :created_at:, :updated_at:)', [...], false)
 5 SYSTEMPATH\Model.php(278): CodeIgniter\Database\BaseBuilder->insert()
 6 SYSTEMPATH\BaseModel.php(738): CodeIgniter\Model->doInsert([...])
 7 SYSTEMPATH\Model.php(666): CodeIgniter\BaseModel->insert([...], false)
 8 SYSTEMPATH\BaseModel.php(658): CodeIgniter\Model->insert([...], false)
 9 APPPATH\Controllers\Utilisateurs.php(83): CodeIgniter\BaseModel->save([...])
10 SYSTEMPATH\CodeIgniter.php(896): App\Controllers\Utilisateurs->ajouter_un_utilisateur()
11 SYSTEMPATH\CodeIgniter.php(466): CodeIgniter\CodeIgniter->runController(Object(App\Controllers\Utilisateurs))
12 SYSTEMPATH\CodeIgniter.php(349): CodeIgniter\CodeIgniter->handleRequest(null, Object(Config\Cache), false)
13 FCPATH\index.php(55): CodeIgniter\CodeIgniter->run()
ERROR - 2022-07-05 04:51:17 --> Unknown column 'created_at' in 'field list'
CRITICAL - 2022-07-05 04:51:17 --> Unknown column 'created_at' in 'field list'
in SYSTEMPATH\Database\MySQLi\Connection.php on line 292.
 1 SYSTEMPATH\Database\MySQLi\Connection.php(292): mysqli->query('INSERT INTO `utilisateurs` (`agence_id`, `utilisateur_login`, `utilisateur_pseudo`, `utilisateur_email`, `utilisateur_pass_hash`, `utilisateur_token_mfa`, `utilisateur_tel1`, `utilisateur_tel2`, `utilisateur_date_derniere_activite`, `utilisateur_statut_blocage`, `utilisateur_niveau_acces`, `created_at`, `updated_at`) VALUES (\'1\', \'scmicro.test\', \'Test\', \'test@gmail.com\', \'$2y$10$MPbYODgXi32v2UyDIxi6PeCpeEBlOmgLGXsWLTlgnbz7IOUPD95BG\', 662408, \'\', \'\', \'2022-07-05 11:51:17\', \'0\', \'2\', \'2022-07-05 04:51:17\', \'2022-07-05 04:51:17\')', 0)
 2 SYSTEMPATH\Database\BaseConnection.php(695): CodeIgniter\Database\MySQLi\Connection->execute('INSERT INTO `utilisateurs` (`agence_id`, `utilisateur_login`, `utilisateur_pseudo`, `utilisateur_email`, `utilisateur_pass_hash`, `utilisateur_token_mfa`, `utilisateur_tel1`, `utilisateur_tel2`, `utilisateur_date_derniere_activite`, `utilisateur_statut_blocage`, `utilisateur_niveau_acces`, `created_at`, `updated_at`) VALUES (\'1\', \'scmicro.test\', \'Test\', \'test@gmail.com\', \'$2y$10$MPbYODgXi32v2UyDIxi6PeCpeEBlOmgLGXsWLTlgnbz7IOUPD95BG\', 662408, \'\', \'\', \'2022-07-05 11:51:17\', \'0\', \'2\', \'2022-07-05 04:51:17\', \'2022-07-05 04:51:17\')')
 3 SYSTEMPATH\Database\BaseConnection.php(609): CodeIgniter\Database\BaseConnection->simpleQuery('INSERT INTO `utilisateurs` (`agence_id`, `utilisateur_login`, `utilisateur_pseudo`, `utilisateur_email`, `utilisateur_pass_hash`, `utilisateur_token_mfa`, `utilisateur_tel1`, `utilisateur_tel2`, `utilisateur_date_derniere_activite`, `utilisateur_statut_blocage`, `utilisateur_niveau_acces`, `created_at`, `updated_at`) VALUES (\'1\', \'scmicro.test\', \'Test\', \'test@gmail.com\', \'$2y$10$MPbYODgXi32v2UyDIxi6PeCpeEBlOmgLGXsWLTlgnbz7IOUPD95BG\', 662408, \'\', \'\', \'2022-07-05 11:51:17\', \'0\', \'2\', \'2022-07-05 04:51:17\', \'2022-07-05 04:51:17\')')
 4 SYSTEMPATH\Database\BaseBuilder.php(1904): CodeIgniter\Database\BaseConnection->query('INSERT INTO `utilisateurs` (`agence_id`, `utilisateur_login`, `utilisateur_pseudo`, `utilisateur_email`, `utilisateur_pass_hash`, `utilisateur_token_mfa`, `utilisateur_tel1`, `utilisateur_tel2`, `utilisateur_date_derniere_activite`, `utilisateur_statut_blocage`, `utilisateur_niveau_acces`, `created_at`, `updated_at`) VALUES (:agence_id:, :utilisateur_login:, :utilisateur_pseudo:, :utilisateur_email:, :utilisateur_pass_hash:, :utilisateur_token_mfa:, :utilisateur_tel1:, :utilisateur_tel2:, :utilisateur_date_derniere_activite:, :utilisateur_statut_blocage:, :utilisateur_niveau_acces:, :created_at:, :updated_at:)', [...], false)
 5 SYSTEMPATH\Model.php(278): CodeIgniter\Database\BaseBuilder->insert()
 6 SYSTEMPATH\BaseModel.php(738): CodeIgniter\Model->doInsert([...])
 7 SYSTEMPATH\Model.php(666): CodeIgniter\BaseModel->insert([...], false)
 8 SYSTEMPATH\BaseModel.php(658): CodeIgniter\Model->insert([...], false)
 9 APPPATH\Controllers\Utilisateurs.php(90): CodeIgniter\BaseModel->save([...])
10 SYSTEMPATH\CodeIgniter.php(896): App\Controllers\Utilisateurs->ajouter_un_utilisateur()
11 SYSTEMPATH\CodeIgniter.php(466): CodeIgniter\CodeIgniter->runController(Object(App\Controllers\Utilisateurs))
12 SYSTEMPATH\CodeIgniter.php(349): CodeIgniter\CodeIgniter->handleRequest(null, Object(Config\Cache), false)
13 FCPATH\index.php(55): CodeIgniter\CodeIgniter->run()
CRITICAL - 2022-07-05 04:54:18 --> Undefined constant "App\Controllers\test"
in APPPATH\Controllers\Utilisateurs.php on line 80.
 1 SYSTEMPATH\CodeIgniter.php(896): App\Controllers\Utilisateurs->ajouter_un_utilisateur()
 2 SYSTEMPATH\CodeIgniter.php(466): CodeIgniter\CodeIgniter->runController(Object(App\Controllers\Utilisateurs))
 3 SYSTEMPATH\CodeIgniter.php(349): CodeIgniter\CodeIgniter->handleRequest(null, Object(Config\Cache), false)
 4 FCPATH\index.php(55): CodeIgniter\CodeIgniter->run()
ERROR - 2022-07-05 04:55:14 --> Unknown column 'created_at' in 'field list'
CRITICAL - 2022-07-05 04:55:14 --> Unknown column 'created_at' in 'field list'
in SYSTEMPATH\Database\MySQLi\Connection.php on line 292.
 1 SYSTEMPATH\Database\MySQLi\Connection.php(292): mysqli->query('INSERT INTO `utilisateurs` (`agence_id`, `utilisateur_login`, `utilisateur_pseudo`, `utilisateur_email`, `utilisateur_pass_hash`, `utilisateur_pass_modules_externes`, `utilisateur_uid_connexion_cookie`, `utilisateur_token_mfa`, `utilisateur_tel1`, `utilisateur_tel2`, `utilisateur_date_derniere_activite`, `utilisateur_statut_blocage`, `utilisateur_niveau_acces`, `created_at`, `updated_at`) VALUES (\'1\', \'scmicro.test\', \'Test\', \'test@gmail.com\', \'$2y$10$PyOW4116AZ2y2BExXcsVHuqXzDIVqd4zf7fC.fAu6YEp5Jzww27IK\', \'test\', \'test\', 430671, \'\', \'\', \'2022-07-05 11:55:14\', \'0\', \'2\', \'2022-07-05 04:55:14\', \'2022-07-05 04:55:14\')', 0)
 2 SYSTEMPATH\Database\BaseConnection.php(695): CodeIgniter\Database\MySQLi\Connection->execute('INSERT INTO `utilisateurs` (`agence_id`, `utilisateur_login`, `utilisateur_pseudo`, `utilisateur_email`, `utilisateur_pass_hash`, `utilisateur_pass_modules_externes`, `utilisateur_uid_connexion_cookie`, `utilisateur_token_mfa`, `utilisateur_tel1`, `utilisateur_tel2`, `utilisateur_date_derniere_activite`, `utilisateur_statut_blocage`, `utilisateur_niveau_acces`, `created_at`, `updated_at`) VALUES (\'1\', \'scmicro.test\', \'Test\', \'test@gmail.com\', \'$2y$10$PyOW4116AZ2y2BExXcsVHuqXzDIVqd4zf7fC.fAu6YEp5Jzww27IK\', \'test\', \'test\', 430671, \'\', \'\', \'2022-07-05 11:55:14\', \'0\', \'2\', \'2022-07-05 04:55:14\', \'2022-07-05 04:55:14\')')
 3 SYSTEMPATH\Database\BaseConnection.php(609): CodeIgniter\Database\BaseConnection->simpleQuery('INSERT INTO `utilisateurs` (`agence_id`, `utilisateur_login`, `utilisateur_pseudo`, `utilisateur_email`, `utilisateur_pass_hash`, `utilisateur_pass_modules_externes`, `utilisateur_uid_connexion_cookie`, `utilisateur_token_mfa`, `utilisateur_tel1`, `utilisateur_tel2`, `utilisateur_date_derniere_activite`, `utilisateur_statut_blocage`, `utilisateur_niveau_acces`, `created_at`, `updated_at`) VALUES (\'1\', \'scmicro.test\', \'Test\', \'test@gmail.com\', \'$2y$10$PyOW4116AZ2y2BExXcsVHuqXzDIVqd4zf7fC.fAu6YEp5Jzww27IK\', \'test\', \'test\', 430671, \'\', \'\', \'2022-07-05 11:55:14\', \'0\', \'2\', \'2022-07-05 04:55:14\', \'2022-07-05 04:55:14\')')
 4 SYSTEMPATH\Database\BaseBuilder.php(1904): CodeIgniter\Database\BaseConnection->query('INSERT INTO `utilisateurs` (`agence_id`, `utilisateur_login`, `utilisateur_pseudo`, `utilisateur_email`, `utilisateur_pass_hash`, `utilisateur_pass_modules_externes`, `utilisateur_uid_connexion_cookie`, `utilisateur_token_mfa`, `utilisateur_tel1`, `utilisateur_tel2`, `utilisateur_date_derniere_activite`, `utilisateur_statut_blocage`, `utilisateur_niveau_acces`, `created_at`, `updated_at`) VALUES (:agence_id:, :utilisateur_login:, :utilisateur_pseudo:, :utilisateur_email:, :utilisateur_pass_hash:, :utilisateur_pass_modules_externes:, :utilisateur_uid_connexion_cookie:, :utilisateur_token_mfa:, :utilisateur_tel1:, :utilisateur_tel2:, :utilisateur_date_derniere_activite:, :utilisateur_statut_blocage:, :utilisateur_niveau_acces:, :created_at:, :updated_at:)', [...], false)
 5 SYSTEMPATH\Model.php(278): CodeIgniter\Database\BaseBuilder->insert()
 6 SYSTEMPATH\BaseModel.php(738): CodeIgniter\Model->doInsert([...])
 7 SYSTEMPATH\Model.php(666): CodeIgniter\BaseModel->insert([...], false)
 8 SYSTEMPATH\BaseModel.php(658): CodeIgniter\Model->insert([...], false)
 9 APPPATH\Controllers\Utilisateurs.php(93): CodeIgniter\BaseModel->save([...])
10 SYSTEMPATH\CodeIgniter.php(896): App\Controllers\Utilisateurs->ajouter_un_utilisateur()
11 SYSTEMPATH\CodeIgniter.php(466): CodeIgniter\CodeIgniter->runController(Object(App\Controllers\Utilisateurs))
12 SYSTEMPATH\CodeIgniter.php(349): CodeIgniter\CodeIgniter->handleRequest(null, Object(Config\Cache), false)
13 FCPATH\index.php(55): CodeIgniter\CodeIgniter->run()
ERROR - 2022-07-05 04:56:47 --> Unknown column 'created_at' in 'field list'
CRITICAL - 2022-07-05 04:56:47 --> Unknown column 'created_at' in 'field list'
in SYSTEMPATH\Database\MySQLi\Connection.php on line 292.
 1 SYSTEMPATH\Database\MySQLi\Connection.php(292): mysqli->query('INSERT INTO `utilisateurs` (`agence_id`, `utilisateur_login`, `utilisateur_pseudo`, `utilisateur_email`, `utilisateur_pass_hash`, `utilisateur_pass_modules_externes`, `utilisateur_uid_connexion_cookie`, `utilisateur_token_mfa`, `utilisateur_tel1`, `utilisateur_tel2`, `utilisateur_date_derniere_activite`, `utilisateur_statut_blocage`, `utilisateur_niveau_acces`, `created_at`, `updated_at`) VALUES (\'1\', \'scmicro.test\', \'Test\', \'test@gmail.com\', \'$2y$10$iMbPnUmCVBNbp.G0cnCydeqG5DJxcqLnMSl56hs1oDXoMAanLdBxi\', \'test\', \'test\', 822754, \'\', \'\', \'2022-07-05 11:56:47\', \'0\', \'2\', \'2022-07-05 04:56:47\', \'2022-07-05 04:56:47\')', 0)
 2 SYSTEMPATH\Database\BaseConnection.php(695): CodeIgniter\Database\MySQLi\Connection->execute('INSERT INTO `utilisateurs` (`agence_id`, `utilisateur_login`, `utilisateur_pseudo`, `utilisateur_email`, `utilisateur_pass_hash`, `utilisateur_pass_modules_externes`, `utilisateur_uid_connexion_cookie`, `utilisateur_token_mfa`, `utilisateur_tel1`, `utilisateur_tel2`, `utilisateur_date_derniere_activite`, `utilisateur_statut_blocage`, `utilisateur_niveau_acces`, `created_at`, `updated_at`) VALUES (\'1\', \'scmicro.test\', \'Test\', \'test@gmail.com\', \'$2y$10$iMbPnUmCVBNbp.G0cnCydeqG5DJxcqLnMSl56hs1oDXoMAanLdBxi\', \'test\', \'test\', 822754, \'\', \'\', \'2022-07-05 11:56:47\', \'0\', \'2\', \'2022-07-05 04:56:47\', \'2022-07-05 04:56:47\')')
 3 SYSTEMPATH\Database\BaseConnection.php(609): CodeIgniter\Database\BaseConnection->simpleQuery('INSERT INTO `utilisateurs` (`agence_id`, `utilisateur_login`, `utilisateur_pseudo`, `utilisateur_email`, `utilisateur_pass_hash`, `utilisateur_pass_modules_externes`, `utilisateur_uid_connexion_cookie`, `utilisateur_token_mfa`, `utilisateur_tel1`, `utilisateur_tel2`, `utilisateur_date_derniere_activite`, `utilisateur_statut_blocage`, `utilisateur_niveau_acces`, `created_at`, `updated_at`) VALUES (\'1\', \'scmicro.test\', \'Test\', \'test@gmail.com\', \'$2y$10$iMbPnUmCVBNbp.G0cnCydeqG5DJxcqLnMSl56hs1oDXoMAanLdBxi\', \'test\', \'test\', 822754, \'\', \'\', \'2022-07-05 11:56:47\', \'0\', \'2\', \'2022-07-05 04:56:47\', \'2022-07-05 04:56:47\')')
 4 SYSTEMPATH\Database\BaseBuilder.php(1904): CodeIgniter\Database\BaseConnection->query('INSERT INTO `utilisateurs` (`agence_id`, `utilisateur_login`, `utilisateur_pseudo`, `utilisateur_email`, `utilisateur_pass_hash`, `utilisateur_pass_modules_externes`, `utilisateur_uid_connexion_cookie`, `utilisateur_token_mfa`, `utilisateur_tel1`, `utilisateur_tel2`, `utilisateur_date_derniere_activite`, `utilisateur_statut_blocage`, `utilisateur_niveau_acces`, `created_at`, `updated_at`) VALUES (:agence_id:, :utilisateur_login:, :utilisateur_pseudo:, :utilisateur_email:, :utilisateur_pass_hash:, :utilisateur_pass_modules_externes:, :utilisateur_uid_connexion_cookie:, :utilisateur_token_mfa:, :utilisateur_tel1:, :utilisateur_tel2:, :utilisateur_date_derniere_activite:, :utilisateur_statut_blocage:, :utilisateur_niveau_acces:, :created_at:, :updated_at:)', [...], false)
 5 SYSTEMPATH\Model.php(278): CodeIgniter\Database\BaseBuilder->insert()
 6 SYSTEMPATH\BaseModel.php(738): CodeIgniter\Model->doInsert([...])
 7 SYSTEMPATH\Model.php(666): CodeIgniter\BaseModel->insert([...], false)
 8 SYSTEMPATH\BaseModel.php(658): CodeIgniter\Model->insert([...], false)
 9 APPPATH\Controllers\Utilisateurs.php(93): CodeIgniter\BaseModel->save([...])
10 SYSTEMPATH\CodeIgniter.php(896): App\Controllers\Utilisateurs->ajouter_un_utilisateur()
11 SYSTEMPATH\CodeIgniter.php(466): CodeIgniter\CodeIgniter->runController(Object(App\Controllers\Utilisateurs))
12 SYSTEMPATH\CodeIgniter.php(349): CodeIgniter\CodeIgniter->handleRequest(null, Object(Config\Cache), false)
13 FCPATH\index.php(55): CodeIgniter\CodeIgniter->run()
ERROR - 2022-07-05 05:02:09 --> Unknown column 'created_at' in 'field list'
CRITICAL - 2022-07-05 05:02:09 --> Unknown column 'created_at' in 'field list'
in SYSTEMPATH\Database\MySQLi\Connection.php on line 292.
 1 SYSTEMPATH\Database\MySQLi\Connection.php(292): mysqli->query('INSERT INTO `utilisateurs` (`agence_id`, `utilisateur_login`, `utilisateur_pseudo`, `utilisateur_email`, `utilisateur_pass_hash`, `utilisateur_pass_modules_externes`, `utilisateur_uid_connexion_cookie`, `utilisateur_token_mfa`, `utilisateur_tel1`, `utilisateur_tel2`, `utilisateur_date_derniere_activite`, `utilisateur_statut_blocage`, `utilisateur_niveau_acces`, `created_at`, `updated_at`) VALUES (\'1\', \'scmicro.test\', \'Test\', \'test@gmail.com\', \'$2y$10$DgwzlNrhqkrQ1ETj0hdt2u3dg8x7axLewVsTtfWqURV6tk0G8jlI6\', \'test\', \'test\', 949729, \'0102030405\', \'\', \'2022-07-05 12:02:09\', \'0\', \'2\', \'2022-07-05 05:02:09\', \'2022-07-05 05:02:09\')', 0)
 2 SYSTEMPATH\Database\BaseConnection.php(695): CodeIgniter\Database\MySQLi\Connection->execute('INSERT INTO `utilisateurs` (`agence_id`, `utilisateur_login`, `utilisateur_pseudo`, `utilisateur_email`, `utilisateur_pass_hash`, `utilisateur_pass_modules_externes`, `utilisateur_uid_connexion_cookie`, `utilisateur_token_mfa`, `utilisateur_tel1`, `utilisateur_tel2`, `utilisateur_date_derniere_activite`, `utilisateur_statut_blocage`, `utilisateur_niveau_acces`, `created_at`, `updated_at`) VALUES (\'1\', \'scmicro.test\', \'Test\', \'test@gmail.com\', \'$2y$10$DgwzlNrhqkrQ1ETj0hdt2u3dg8x7axLewVsTtfWqURV6tk0G8jlI6\', \'test\', \'test\', 949729, \'0102030405\', \'\', \'2022-07-05 12:02:09\', \'0\', \'2\', \'2022-07-05 05:02:09\', \'2022-07-05 05:02:09\')')
 3 SYSTEMPATH\Database\BaseConnection.php(609): CodeIgniter\Database\BaseConnection->simpleQuery('INSERT INTO `utilisateurs` (`agence_id`, `utilisateur_login`, `utilisateur_pseudo`, `utilisateur_email`, `utilisateur_pass_hash`, `utilisateur_pass_modules_externes`, `utilisateur_uid_connexion_cookie`, `utilisateur_token_mfa`, `utilisateur_tel1`, `utilisateur_tel2`, `utilisateur_date_derniere_activite`, `utilisateur_statut_blocage`, `utilisateur_niveau_acces`, `created_at`, `updated_at`) VALUES (\'1\', \'scmicro.test\', \'Test\', \'test@gmail.com\', \'$2y$10$DgwzlNrhqkrQ1ETj0hdt2u3dg8x7axLewVsTtfWqURV6tk0G8jlI6\', \'test\', \'test\', 949729, \'0102030405\', \'\', \'2022-07-05 12:02:09\', \'0\', \'2\', \'2022-07-05 05:02:09\', \'2022-07-05 05:02:09\')')
 4 SYSTEMPATH\Database\BaseBuilder.php(1904): CodeIgniter\Database\BaseConnection->query('INSERT INTO `utilisateurs` (`agence_id`, `utilisateur_login`, `utilisateur_pseudo`, `utilisateur_email`, `utilisateur_pass_hash`, `utilisateur_pass_modules_externes`, `utilisateur_uid_connexion_cookie`, `utilisateur_token_mfa`, `utilisateur_tel1`, `utilisateur_tel2`, `utilisateur_date_derniere_activite`, `utilisateur_statut_blocage`, `utilisateur_niveau_acces`, `created_at`, `updated_at`) VALUES (:agence_id:, :utilisateur_login:, :utilisateur_pseudo:, :utilisateur_email:, :utilisateur_pass_hash:, :utilisateur_pass_modules_externes:, :utilisateur_uid_connexion_cookie:, :utilisateur_token_mfa:, :utilisateur_tel1:, :utilisateur_tel2:, :utilisateur_date_derniere_activite:, :utilisateur_statut_blocage:, :utilisateur_niveau_acces:, :created_at:, :updated_at:)', [...], false)
 5 SYSTEMPATH\Model.php(278): CodeIgniter\Database\BaseBuilder->insert()
 6 SYSTEMPATH\BaseModel.php(738): CodeIgniter\Model->doInsert([...])
 7 SYSTEMPATH\Model.php(666): CodeIgniter\BaseModel->insert([...], false)
 8 SYSTEMPATH\BaseModel.php(658): CodeIgniter\Model->insert([...], false)
 9 APPPATH\Controllers\Utilisateurs.php(93): CodeIgniter\BaseModel->save([...])
10 SYSTEMPATH\CodeIgniter.php(896): App\Controllers\Utilisateurs->ajouter_un_utilisateur()
11 SYSTEMPATH\CodeIgniter.php(466): CodeIgniter\CodeIgniter->runController(Object(App\Controllers\Utilisateurs))
12 SYSTEMPATH\CodeIgniter.php(349): CodeIgniter\CodeIgniter->handleRequest(null, Object(Config\Cache), false)
13 FCPATH\index.php(55): CodeIgniter\CodeIgniter->run()
ERROR - 2022-07-05 05:03:42 --> Unknown column 'created_at' in 'field list'
CRITICAL - 2022-07-05 05:03:42 --> Unknown column 'created_at' in 'field list'
in SYSTEMPATH\Database\MySQLi\Connection.php on line 292.
 1 SYSTEMPATH\Database\MySQLi\Connection.php(292): mysqli->query('INSERT INTO `utilisateurs` (`agence_id`, `utilisateur_login`, `utilisateur_pseudo`, `utilisateur_email`, `utilisateur_pass_hash`, `utilisateur_pass_modules_externes`, `utilisateur_uid_connexion_cookie`, `utilisateur_token_mfa`, `utilisateur_tel1`, `utilisateur_tel2`, `utilisateur_date_derniere_activite`, `utilisateur_statut_blocage`, `utilisateur_niveau_acces`, `created_at`, `updated_at`) VALUES (\'2\', \'scmicro.test\', \'Test\', \'test@gmail.com\', \'$2y$10$ocl368FT6cI50e4k3Y4Cu.ah2Dafrzn1gPneBCbLNn7A5ySccxCiS\', \'test\', \'test\', 367790, \'\', \'\', \'2022-07-05 12:03:42\', \'0\', \'2\', \'2022-07-05 05:03:42\', \'2022-07-05 05:03:42\')', 0)
 2 SYSTEMPATH\Database\BaseConnection.php(695): CodeIgniter\Database\MySQLi\Connection->execute('INSERT INTO `utilisateurs` (`agence_id`, `utilisateur_login`, `utilisateur_pseudo`, `utilisateur_email`, `utilisateur_pass_hash`, `utilisateur_pass_modules_externes`, `utilisateur_uid_connexion_cookie`, `utilisateur_token_mfa`, `utilisateur_tel1`, `utilisateur_tel2`, `utilisateur_date_derniere_activite`, `utilisateur_statut_blocage`, `utilisateur_niveau_acces`, `created_at`, `updated_at`) VALUES (\'2\', \'scmicro.test\', \'Test\', \'test@gmail.com\', \'$2y$10$ocl368FT6cI50e4k3Y4Cu.ah2Dafrzn1gPneBCbLNn7A5ySccxCiS\', \'test\', \'test\', 367790, \'\', \'\', \'2022-07-05 12:03:42\', \'0\', \'2\', \'2022-07-05 05:03:42\', \'2022-07-05 05:03:42\')')
 3 SYSTEMPATH\Database\BaseConnection.php(609): CodeIgniter\Database\BaseConnection->simpleQuery('INSERT INTO `utilisateurs` (`agence_id`, `utilisateur_login`, `utilisateur_pseudo`, `utilisateur_email`, `utilisateur_pass_hash`, `utilisateur_pass_modules_externes`, `utilisateur_uid_connexion_cookie`, `utilisateur_token_mfa`, `utilisateur_tel1`, `utilisateur_tel2`, `utilisateur_date_derniere_activite`, `utilisateur_statut_blocage`, `utilisateur_niveau_acces`, `created_at`, `updated_at`) VALUES (\'2\', \'scmicro.test\', \'Test\', \'test@gmail.com\', \'$2y$10$ocl368FT6cI50e4k3Y4Cu.ah2Dafrzn1gPneBCbLNn7A5ySccxCiS\', \'test\', \'test\', 367790, \'\', \'\', \'2022-07-05 12:03:42\', \'0\', \'2\', \'2022-07-05 05:03:42\', \'2022-07-05 05:03:42\')')
 4 SYSTEMPATH\Database\BaseBuilder.php(1904): CodeIgniter\Database\BaseConnection->query('INSERT INTO `utilisateurs` (`agence_id`, `utilisateur_login`, `utilisateur_pseudo`, `utilisateur_email`, `utilisateur_pass_hash`, `utilisateur_pass_modules_externes`, `utilisateur_uid_connexion_cookie`, `utilisateur_token_mfa`, `utilisateur_tel1`, `utilisateur_tel2`, `utilisateur_date_derniere_activite`, `utilisateur_statut_blocage`, `utilisateur_niveau_acces`, `created_at`, `updated_at`) VALUES (:agence_id:, :utilisateur_login:, :utilisateur_pseudo:, :utilisateur_email:, :utilisateur_pass_hash:, :utilisateur_pass_modules_externes:, :utilisateur_uid_connexion_cookie:, :utilisateur_token_mfa:, :utilisateur_tel1:, :utilisateur_tel2:, :utilisateur_date_derniere_activite:, :utilisateur_statut_blocage:, :utilisateur_niveau_acces:, :created_at:, :updated_at:)', [...], false)
 5 SYSTEMPATH\Model.php(278): CodeIgniter\Database\BaseBuilder->insert()
 6 SYSTEMPATH\BaseModel.php(738): CodeIgniter\Model->doInsert([...])
 7 SYSTEMPATH\Model.php(666): CodeIgniter\BaseModel->insert([...], true)
 8 APPPATH\Controllers\Utilisateurs.php(93): CodeIgniter\Model->insert([...])
 9 SYSTEMPATH\CodeIgniter.php(896): App\Controllers\Utilisateurs->ajouter_un_utilisateur()
10 SYSTEMPATH\CodeIgniter.php(466): CodeIgniter\CodeIgniter->runController(Object(App\Controllers\Utilisateurs))
11 SYSTEMPATH\CodeIgniter.php(349): CodeIgniter\CodeIgniter->handleRequest(null, Object(Config\Cache), false)
12 FCPATH\index.php(55): CodeIgniter\CodeIgniter->run()
ERROR - 2022-07-05 05:04:46 --> Unknown column 'created_at' in 'field list'
CRITICAL - 2022-07-05 05:04:46 --> Unknown column 'created_at' in 'field list'
in SYSTEMPATH\Database\MySQLi\Connection.php on line 292.
 1 SYSTEMPATH\Database\MySQLi\Connection.php(292): mysqli->query('INSERT INTO `utilisateurs` (`agence_id`, `utilisateur_login`, `utilisateur_pseudo`, `utilisateur_email`, `utilisateur_pass_hash`, `utilisateur_pass_modules_externes`, `utilisateur_uid_connexion_cookie`, `utilisateur_token_mfa`, `utilisateur_tel1`, `utilisateur_tel2`, `utilisateur_date_derniere_activite`, `utilisateur_statut_blocage`, `utilisateur_niveau_acces`, `created_at`, `updated_at`) VALUES (\'2\', \'scmicro.test\', \'Test\', \'test@gmail.com\', \'$2y$10$sx2WzqK5aLWeFQhAKst/Ce2MesyBs2eZVG7rQoAXtfejrgariUNJC\', \'test\', \'test\', 507230, \'\', \'\', \'2022-07-05 12:04:46\', \'0\', \'2\', \'2022-07-05 05:04:46\', \'2022-07-05 05:04:46\')', 0)
 2 SYSTEMPATH\Database\BaseConnection.php(695): CodeIgniter\Database\MySQLi\Connection->execute('INSERT INTO `utilisateurs` (`agence_id`, `utilisateur_login`, `utilisateur_pseudo`, `utilisateur_email`, `utilisateur_pass_hash`, `utilisateur_pass_modules_externes`, `utilisateur_uid_connexion_cookie`, `utilisateur_token_mfa`, `utilisateur_tel1`, `utilisateur_tel2`, `utilisateur_date_derniere_activite`, `utilisateur_statut_blocage`, `utilisateur_niveau_acces`, `created_at`, `updated_at`) VALUES (\'2\', \'scmicro.test\', \'Test\', \'test@gmail.com\', \'$2y$10$sx2WzqK5aLWeFQhAKst/Ce2MesyBs2eZVG7rQoAXtfejrgariUNJC\', \'test\', \'test\', 507230, \'\', \'\', \'2022-07-05 12:04:46\', \'0\', \'2\', \'2022-07-05 05:04:46\', \'2022-07-05 05:04:46\')')
 3 SYSTEMPATH\Database\BaseConnection.php(609): CodeIgniter\Database\BaseConnection->simpleQuery('INSERT INTO `utilisateurs` (`agence_id`, `utilisateur_login`, `utilisateur_pseudo`, `utilisateur_email`, `utilisateur_pass_hash`, `utilisateur_pass_modules_externes`, `utilisateur_uid_connexion_cookie`, `utilisateur_token_mfa`, `utilisateur_tel1`, `utilisateur_tel2`, `utilisateur_date_derniere_activite`, `utilisateur_statut_blocage`, `utilisateur_niveau_acces`, `created_at`, `updated_at`) VALUES (\'2\', \'scmicro.test\', \'Test\', \'test@gmail.com\', \'$2y$10$sx2WzqK5aLWeFQhAKst/Ce2MesyBs2eZVG7rQoAXtfejrgariUNJC\', \'test\', \'test\', 507230, \'\', \'\', \'2022-07-05 12:04:46\', \'0\', \'2\', \'2022-07-05 05:04:46\', \'2022-07-05 05:04:46\')')
 4 SYSTEMPATH\Database\BaseBuilder.php(1904): CodeIgniter\Database\BaseConnection->query('INSERT INTO `utilisateurs` (`agence_id`, `utilisateur_login`, `utilisateur_pseudo`, `utilisateur_email`, `utilisateur_pass_hash`, `utilisateur_pass_modules_externes`, `utilisateur_uid_connexion_cookie`, `utilisateur_token_mfa`, `utilisateur_tel1`, `utilisateur_tel2`, `utilisateur_date_derniere_activite`, `utilisateur_statut_blocage`, `utilisateur_niveau_acces`, `created_at`, `updated_at`) VALUES (:agence_id:, :utilisateur_login:, :utilisateur_pseudo:, :utilisateur_email:, :utilisateur_pass_hash:, :utilisateur_pass_modules_externes:, :utilisateur_uid_connexion_cookie:, :utilisateur_token_mfa:, :utilisateur_tel1:, :utilisateur_tel2:, :utilisateur_date_derniere_activite:, :utilisateur_statut_blocage:, :utilisateur_niveau_acces:, :created_at:, :updated_at:)', [...], false)
 5 SYSTEMPATH\Model.php(278): CodeIgniter\Database\BaseBuilder->insert()
 6 SYSTEMPATH\BaseModel.php(738): CodeIgniter\Model->doInsert([...])
 7 SYSTEMPATH\Model.php(666): CodeIgniter\BaseModel->insert([...], true)
 8 APPPATH\Controllers\Utilisateurs.php(93): CodeIgniter\Model->insert([...])
 9 SYSTEMPATH\CodeIgniter.php(896): App\Controllers\Utilisateurs->ajouter_un_utilisateur()
10 SYSTEMPATH\CodeIgniter.php(466): CodeIgniter\CodeIgniter->runController(Object(App\Controllers\Utilisateurs))
11 SYSTEMPATH\CodeIgniter.php(349): CodeIgniter\CodeIgniter->handleRequest(null, Object(Config\Cache), false)
12 FCPATH\index.php(55): CodeIgniter\CodeIgniter->run()
ERROR - 2022-07-05 05:05:26 --> Unknown column 'created_at' in 'field list'
CRITICAL - 2022-07-05 05:05:26 --> Unknown column 'created_at' in 'field list'
in SYSTEMPATH\Database\MySQLi\Connection.php on line 292.
 1 SYSTEMPATH\Database\MySQLi\Connection.php(292): mysqli->query('INSERT IGNORE INTO `utilisateurs` (`agence_id`, `utilisateur_login`, `utilisateur_pseudo`, `utilisateur_email`, `utilisateur_pass_hash`, `utilisateur_pass_modules_externes`, `utilisateur_uid_connexion_cookie`, `utilisateur_token_mfa`, `utilisateur_tel1`, `utilisateur_tel2`, `utilisateur_date_derniere_activite`, `utilisateur_statut_blocage`, `utilisateur_niveau_acces`, `created_at`, `updated_at`) VALUES (\'2\', \'scmicro.test\', \'Test\', \'test@gmail.com\', \'$2y$10$xi1gecON.6QGwZMeJ208q.sih.ZAaUrFUSy46aqS1uTAQLdFii89m\', \'test\', \'test\', 276439, \'\', \'\', \'2022-07-05 12:05:26\', \'0\', \'2\', \'2022-07-05 05:05:26\', \'2022-07-05 05:05:26\')', 0)
 2 SYSTEMPATH\Database\BaseConnection.php(695): CodeIgniter\Database\MySQLi\Connection->execute('INSERT IGNORE INTO `utilisateurs` (`agence_id`, `utilisateur_login`, `utilisateur_pseudo`, `utilisateur_email`, `utilisateur_pass_hash`, `utilisateur_pass_modules_externes`, `utilisateur_uid_connexion_cookie`, `utilisateur_token_mfa`, `utilisateur_tel1`, `utilisateur_tel2`, `utilisateur_date_derniere_activite`, `utilisateur_statut_blocage`, `utilisateur_niveau_acces`, `created_at`, `updated_at`) VALUES (\'2\', \'scmicro.test\', \'Test\', \'test@gmail.com\', \'$2y$10$xi1gecON.6QGwZMeJ208q.sih.ZAaUrFUSy46aqS1uTAQLdFii89m\', \'test\', \'test\', 276439, \'\', \'\', \'2022-07-05 12:05:26\', \'0\', \'2\', \'2022-07-05 05:05:26\', \'2022-07-05 05:05:26\')')
 3 SYSTEMPATH\Database\BaseConnection.php(609): CodeIgniter\Database\BaseConnection->simpleQuery('INSERT IGNORE INTO `utilisateurs` (`agence_id`, `utilisateur_login`, `utilisateur_pseudo`, `utilisateur_email`, `utilisateur_pass_hash`, `utilisateur_pass_modules_externes`, `utilisateur_uid_connexion_cookie`, `utilisateur_token_mfa`, `utilisateur_tel1`, `utilisateur_tel2`, `utilisateur_date_derniere_activite`, `utilisateur_statut_blocage`, `utilisateur_niveau_acces`, `created_at`, `updated_at`) VALUES (\'2\', \'scmicro.test\', \'Test\', \'test@gmail.com\', \'$2y$10$xi1gecON.6QGwZMeJ208q.sih.ZAaUrFUSy46aqS1uTAQLdFii89m\', \'test\', \'test\', 276439, \'\', \'\', \'2022-07-05 12:05:26\', \'0\', \'2\', \'2022-07-05 05:05:26\', \'2022-07-05 05:05:26\')')
 4 SYSTEMPATH\Database\BaseBuilder.php(1904): CodeIgniter\Database\BaseConnection->query('INSERT IGNORE INTO `utilisateurs` (`agence_id`, `utilisateur_login`, `utilisateur_pseudo`, `utilisateur_email`, `utilisateur_pass_hash`, `utilisateur_pass_modules_externes`, `utilisateur_uid_connexion_cookie`, `utilisateur_token_mfa`, `utilisateur_tel1`, `utilisateur_tel2`, `utilisateur_date_derniere_activite`, `utilisateur_statut_blocage`, `utilisateur_niveau_acces`, `created_at`, `updated_at`) VALUES (:agence_id:, :utilisateur_login:, :utilisateur_pseudo:, :utilisateur_email:, :utilisateur_pass_hash:, :utilisateur_pass_modules_externes:, :utilisateur_uid_connexion_cookie:, :utilisateur_token_mfa:, :utilisateur_tel1:, :utilisateur_tel2:, :utilisateur_date_derniere_activite:, :utilisateur_statut_blocage:, :utilisateur_niveau_acces:, :created_at:, :updated_at:)', [...], false)
 5 SYSTEMPATH\Model.php(278): CodeIgniter\Database\BaseBuilder->insert()
 6 SYSTEMPATH\BaseModel.php(738): CodeIgniter\Model->doInsert([...])
 7 SYSTEMPATH\Model.php(666): CodeIgniter\BaseModel->insert([...], true)
 8 APPPATH\Controllers\Utilisateurs.php(93): CodeIgniter\Model->insert([...])
 9 SYSTEMPATH\CodeIgniter.php(896): App\Controllers\Utilisateurs->ajouter_un_utilisateur()
10 SYSTEMPATH\CodeIgniter.php(466): CodeIgniter\CodeIgniter->runController(Object(App\Controllers\Utilisateurs))
11 SYSTEMPATH\CodeIgniter.php(349): CodeIgniter\CodeIgniter->handleRequest(null, Object(Config\Cache), false)
12 FCPATH\index.php(55): CodeIgniter\CodeIgniter->run()
ERROR - 2022-07-05 07:05:45 --> Unknown column 'created_at' in 'field list'
CRITICAL - 2022-07-05 07:05:45 --> Unknown column 'created_at' in 'field list'
in SYSTEMPATH\Database\MySQLi\Connection.php on line 292.
 1 SYSTEMPATH\Database\MySQLi\Connection.php(292): mysqli->query('INSERT INTO `utilisateurs` (`agence_id`, `utilisateur_login`, `utilisateur_pseudo`, `utilisateur_email`, `utilisateur_pass_hash`, `utilisateur_pass_modules_externes`, `utilisateur_uid_connexion_cookie`, `utilisateur_token_mfa`, `utilisateur_token_mfa_datetime_generation`, `utilisateur_tel1`, `utilisateur_tel2`, `utilisateur_date_derniere_activite`, `utilisateur_statut_blocage`, `utilisateur_niveau_acces`, `created_at`, `updated_at`) VALUES (\'2\', \'scmicro.test\', \'Test\', \'test@gmail.com\', \'$2y$10$o3Np2uRNfepirts3n3QwhuzGBjoywljiS5u6jS8NbLDPGdszEzj/C\', \'test\', \'test\', 216715, \'2022-07-05 14:20:45\', \'\', \'\', \'2022-07-05 14:05:45\', \'0\', \'2\', \'2022-07-05 07:05:45\', \'2022-07-05 07:05:45\')', 0)
 2 SYSTEMPATH\Database\BaseConnection.php(695): CodeIgniter\Database\MySQLi\Connection->execute('INSERT INTO `utilisateurs` (`agence_id`, `utilisateur_login`, `utilisateur_pseudo`, `utilisateur_email`, `utilisateur_pass_hash`, `utilisateur_pass_modules_externes`, `utilisateur_uid_connexion_cookie`, `utilisateur_token_mfa`, `utilisateur_token_mfa_datetime_generation`, `utilisateur_tel1`, `utilisateur_tel2`, `utilisateur_date_derniere_activite`, `utilisateur_statut_blocage`, `utilisateur_niveau_acces`, `created_at`, `updated_at`) VALUES (\'2\', \'scmicro.test\', \'Test\', \'test@gmail.com\', \'$2y$10$o3Np2uRNfepirts3n3QwhuzGBjoywljiS5u6jS8NbLDPGdszEzj/C\', \'test\', \'test\', 216715, \'2022-07-05 14:20:45\', \'\', \'\', \'2022-07-05 14:05:45\', \'0\', \'2\', \'2022-07-05 07:05:45\', \'2022-07-05 07:05:45\')')
 3 SYSTEMPATH\Database\BaseConnection.php(609): CodeIgniter\Database\BaseConnection->simpleQuery('INSERT INTO `utilisateurs` (`agence_id`, `utilisateur_login`, `utilisateur_pseudo`, `utilisateur_email`, `utilisateur_pass_hash`, `utilisateur_pass_modules_externes`, `utilisateur_uid_connexion_cookie`, `utilisateur_token_mfa`, `utilisateur_token_mfa_datetime_generation`, `utilisateur_tel1`, `utilisateur_tel2`, `utilisateur_date_derniere_activite`, `utilisateur_statut_blocage`, `utilisateur_niveau_acces`, `created_at`, `updated_at`) VALUES (\'2\', \'scmicro.test\', \'Test\', \'test@gmail.com\', \'$2y$10$o3Np2uRNfepirts3n3QwhuzGBjoywljiS5u6jS8NbLDPGdszEzj/C\', \'test\', \'test\', 216715, \'2022-07-05 14:20:45\', \'\', \'\', \'2022-07-05 14:05:45\', \'0\', \'2\', \'2022-07-05 07:05:45\', \'2022-07-05 07:05:45\')')
 4 SYSTEMPATH\Database\BaseBuilder.php(1904): CodeIgniter\Database\BaseConnection->query('INSERT INTO `utilisateurs` (`agence_id`, `utilisateur_login`, `utilisateur_pseudo`, `utilisateur_email`, `utilisateur_pass_hash`, `utilisateur_pass_modules_externes`, `utilisateur_uid_connexion_cookie`, `utilisateur_token_mfa`, `utilisateur_token_mfa_datetime_generation`, `utilisateur_tel1`, `utilisateur_tel2`, `utilisateur_date_derniere_activite`, `utilisateur_statut_blocage`, `utilisateur_niveau_acces`, `created_at`, `updated_at`) VALUES (:agence_id:, :utilisateur_login:, :utilisateur_pseudo:, :utilisateur_email:, :utilisateur_pass_hash:, :utilisateur_pass_modules_externes:, :utilisateur_uid_connexion_cookie:, :utilisateur_token_mfa:, :utilisateur_token_mfa_datetime_generation:, :utilisateur_tel1:, :utilisateur_tel2:, :utilisateur_date_derniere_activite:, :utilisateur_statut_blocage:, :utilisateur_niveau_acces:, :created_at:, :updated_at:)', [...], false)
 5 SYSTEMPATH\Model.php(278): CodeIgniter\Database\BaseBuilder->insert()
 6 SYSTEMPATH\BaseModel.php(738): CodeIgniter\Model->doInsert([...])
 7 SYSTEMPATH\Model.php(666): CodeIgniter\BaseModel->insert([...], true)
 8 APPPATH\Controllers\Utilisateurs.php(94): CodeIgniter\Model->insert([...])
 9 SYSTEMPATH\CodeIgniter.php(896): App\Controllers\Utilisateurs->ajouter_un_utilisateur()
10 SYSTEMPATH\CodeIgniter.php(466): CodeIgniter\CodeIgniter->runController(Object(App\Controllers\Utilisateurs))
11 SYSTEMPATH\CodeIgniter.php(349): CodeIgniter\CodeIgniter->handleRequest(null, Object(Config\Cache), false)
12 FCPATH\index.php(55): CodeIgniter\CodeIgniter->run()
ERROR - 2022-07-05 07:21:25 --> Unknown column 'created_at' in 'field list'
CRITICAL - 2022-07-05 07:21:25 --> Unknown column 'created_at' in 'field list'
in SYSTEMPATH\Database\MySQLi\Connection.php on line 292.
 1 SYSTEMPATH\Database\MySQLi\Connection.php(292): mysqli->query('INSERT INTO `utilisateurs` (`agence_id`, `utilisateur_login`, `utilisateur_pseudo`, `utilisateur_email`, `utilisateur_pass_hash`, `utilisateur_pass_modules_externes`, `utilisateur_uid_connexion_cookie`, `utilisateur_token_mfa`, `utilisateur_token_mfa_datetime_generation`, `utilisateur_tel1`, `utilisateur_tel2`, `utilisateur_date_derniere_activite`, `utilisateur_statut_blocage`, `utilisateur_niveau_acces`, `created_at`, `updated_at`) VALUES (\'1\', \'scmicro.test\', \'Test\', \'test@gmail.com\', \'$2y$10$6/wE54YnuRdqKJhsFo2P0u1hHCATP4Z8RufSCdUkOjDU82JE9Q1xC\', \'test\', \'test\', 718333, \'2022-07-05 14:36:25\', \'\', \'\', \'2022-07-05 14:21:25\', 0, 2, \'2022-07-05 07:21:25\', \'2022-07-05 07:21:25\')', 0)
 2 SYSTEMPATH\Database\BaseConnection.php(695): CodeIgniter\Database\MySQLi\Connection->execute('INSERT INTO `utilisateurs` (`agence_id`, `utilisateur_login`, `utilisateur_pseudo`, `utilisateur_email`, `utilisateur_pass_hash`, `utilisateur_pass_modules_externes`, `utilisateur_uid_connexion_cookie`, `utilisateur_token_mfa`, `utilisateur_token_mfa_datetime_generation`, `utilisateur_tel1`, `utilisateur_tel2`, `utilisateur_date_derniere_activite`, `utilisateur_statut_blocage`, `utilisateur_niveau_acces`, `created_at`, `updated_at`) VALUES (\'1\', \'scmicro.test\', \'Test\', \'test@gmail.com\', \'$2y$10$6/wE54YnuRdqKJhsFo2P0u1hHCATP4Z8RufSCdUkOjDU82JE9Q1xC\', \'test\', \'test\', 718333, \'2022-07-05 14:36:25\', \'\', \'\', \'2022-07-05 14:21:25\', 0, 2, \'2022-07-05 07:21:25\', \'2022-07-05 07:21:25\')')
 3 SYSTEMPATH\Database\BaseConnection.php(609): CodeIgniter\Database\BaseConnection->simpleQuery('INSERT INTO `utilisateurs` (`agence_id`, `utilisateur_login`, `utilisateur_pseudo`, `utilisateur_email`, `utilisateur_pass_hash`, `utilisateur_pass_modules_externes`, `utilisateur_uid_connexion_cookie`, `utilisateur_token_mfa`, `utilisateur_token_mfa_datetime_generation`, `utilisateur_tel1`, `utilisateur_tel2`, `utilisateur_date_derniere_activite`, `utilisateur_statut_blocage`, `utilisateur_niveau_acces`, `created_at`, `updated_at`) VALUES (\'1\', \'scmicro.test\', \'Test\', \'test@gmail.com\', \'$2y$10$6/wE54YnuRdqKJhsFo2P0u1hHCATP4Z8RufSCdUkOjDU82JE9Q1xC\', \'test\', \'test\', 718333, \'2022-07-05 14:36:25\', \'\', \'\', \'2022-07-05 14:21:25\', 0, 2, \'2022-07-05 07:21:25\', \'2022-07-05 07:21:25\')')
 4 SYSTEMPATH\Database\BaseBuilder.php(1904): CodeIgniter\Database\BaseConnection->query('INSERT INTO `utilisateurs` (`agence_id`, `utilisateur_login`, `utilisateur_pseudo`, `utilisateur_email`, `utilisateur_pass_hash`, `utilisateur_pass_modules_externes`, `utilisateur_uid_connexion_cookie`, `utilisateur_token_mfa`, `utilisateur_token_mfa_datetime_generation`, `utilisateur_tel1`, `utilisateur_tel2`, `utilisateur_date_derniere_activite`, `utilisateur_statut_blocage`, `utilisateur_niveau_acces`, `created_at`, `updated_at`) VALUES (:agence_id:, :utilisateur_login:, :utilisateur_pseudo:, :utilisateur_email:, :utilisateur_pass_hash:, :utilisateur_pass_modules_externes:, :utilisateur_uid_connexion_cookie:, :utilisateur_token_mfa:, :utilisateur_token_mfa_datetime_generation:, :utilisateur_tel1:, :utilisateur_tel2:, :utilisateur_date_derniere_activite:, :utilisateur_statut_blocage:, :utilisateur_niveau_acces:, :created_at:, :updated_at:)', [...], false)
 5 SYSTEMPATH\Model.php(278): CodeIgniter\Database\BaseBuilder->insert()
 6 SYSTEMPATH\BaseModel.php(738): CodeIgniter\Model->doInsert([...])
 7 SYSTEMPATH\Model.php(666): CodeIgniter\BaseModel->insert([...], true)
 8 APPPATH\Controllers\Utilisateurs.php(94): CodeIgniter\Model->insert([...])
 9 SYSTEMPATH\CodeIgniter.php(896): App\Controllers\Utilisateurs->ajouter_un_utilisateur()
10 SYSTEMPATH\CodeIgniter.php(466): CodeIgniter\CodeIgniter->runController(Object(App\Controllers\Utilisateurs))
11 SYSTEMPATH\CodeIgniter.php(349): CodeIgniter\CodeIgniter->handleRequest(null, Object(Config\Cache), false)
12 FCPATH\index.php(55): CodeIgniter\CodeIgniter->run()
ERROR - 2022-07-05 07:23:32 --> Unknown column 'created_at' in 'field list'
CRITICAL - 2022-07-05 07:23:32 --> Unknown column 'created_at' in 'field list'
in SYSTEMPATH\Database\MySQLi\Connection.php on line 292.
 1 SYSTEMPATH\Database\MySQLi\Connection.php(292): mysqli->query('INSERT INTO `utilisateurs` (`agence_id`, `utilisateur_login`, `utilisateur_pseudo`, `utilisateur_email`, `utilisateur_pass_hash`, `utilisateur_pass_modules_externes`, `utilisateur_uid_connexion_cookie`, `utilisateur_token_mfa`, `utilisateur_token_mfa_datetime_generation`, `utilisateur_tel1`, `utilisateur_tel2`, `utilisateur_date_derniere_activite`, `utilisateur_statut_blocage`, `utilisateur_niveau_acces`, `created_at`, `updated_at`) VALUES (\'1\', \'scmicro.test\', \'Test\', \'test@gmail.com\', \'$2y$10$nF9DfQ0QkO0UECC0fLa.keuOsz0cZfvCuPsdaX/ZsSSLhzPY3u2rS\', \'test\', \'test\', 900941, \'2022-07-05 14:38:32\', \'\', \'\', \'2022-07-05 14:23:32\', 0, 2, \'2022-07-05 07:23:32\', \'2022-07-05 07:23:32\')', 0)
 2 SYSTEMPATH\Database\BaseConnection.php(695): CodeIgniter\Database\MySQLi\Connection->execute('INSERT INTO `utilisateurs` (`agence_id`, `utilisateur_login`, `utilisateur_pseudo`, `utilisateur_email`, `utilisateur_pass_hash`, `utilisateur_pass_modules_externes`, `utilisateur_uid_connexion_cookie`, `utilisateur_token_mfa`, `utilisateur_token_mfa_datetime_generation`, `utilisateur_tel1`, `utilisateur_tel2`, `utilisateur_date_derniere_activite`, `utilisateur_statut_blocage`, `utilisateur_niveau_acces`, `created_at`, `updated_at`) VALUES (\'1\', \'scmicro.test\', \'Test\', \'test@gmail.com\', \'$2y$10$nF9DfQ0QkO0UECC0fLa.keuOsz0cZfvCuPsdaX/ZsSSLhzPY3u2rS\', \'test\', \'test\', 900941, \'2022-07-05 14:38:32\', \'\', \'\', \'2022-07-05 14:23:32\', 0, 2, \'2022-07-05 07:23:32\', \'2022-07-05 07:23:32\')')
 3 SYSTEMPATH\Database\BaseConnection.php(609): CodeIgniter\Database\BaseConnection->simpleQuery('INSERT INTO `utilisateurs` (`agence_id`, `utilisateur_login`, `utilisateur_pseudo`, `utilisateur_email`, `utilisateur_pass_hash`, `utilisateur_pass_modules_externes`, `utilisateur_uid_connexion_cookie`, `utilisateur_token_mfa`, `utilisateur_token_mfa_datetime_generation`, `utilisateur_tel1`, `utilisateur_tel2`, `utilisateur_date_derniere_activite`, `utilisateur_statut_blocage`, `utilisateur_niveau_acces`, `created_at`, `updated_at`) VALUES (\'1\', \'scmicro.test\', \'Test\', \'test@gmail.com\', \'$2y$10$nF9DfQ0QkO0UECC0fLa.keuOsz0cZfvCuPsdaX/ZsSSLhzPY3u2rS\', \'test\', \'test\', 900941, \'2022-07-05 14:38:32\', \'\', \'\', \'2022-07-05 14:23:32\', 0, 2, \'2022-07-05 07:23:32\', \'2022-07-05 07:23:32\')')
 4 SYSTEMPATH\Database\BaseBuilder.php(1904): CodeIgniter\Database\BaseConnection->query('INSERT INTO `utilisateurs` (`agence_id`, `utilisateur_login`, `utilisateur_pseudo`, `utilisateur_email`, `utilisateur_pass_hash`, `utilisateur_pass_modules_externes`, `utilisateur_uid_connexion_cookie`, `utilisateur_token_mfa`, `utilisateur_token_mfa_datetime_generation`, `utilisateur_tel1`, `utilisateur_tel2`, `utilisateur_date_derniere_activite`, `utilisateur_statut_blocage`, `utilisateur_niveau_acces`, `created_at`, `updated_at`) VALUES (:agence_id:, :utilisateur_login:, :utilisateur_pseudo:, :utilisateur_email:, :utilisateur_pass_hash:, :utilisateur_pass_modules_externes:, :utilisateur_uid_connexion_cookie:, :utilisateur_token_mfa:, :utilisateur_token_mfa_datetime_generation:, :utilisateur_tel1:, :utilisateur_tel2:, :utilisateur_date_derniere_activite:, :utilisateur_statut_blocage:, :utilisateur_niveau_acces:, :created_at:, :updated_at:)', [...], false)
 5 SYSTEMPATH\Model.php(278): CodeIgniter\Database\BaseBuilder->insert()
 6 SYSTEMPATH\BaseModel.php(738): CodeIgniter\Model->doInsert([...])
 7 SYSTEMPATH\Model.php(666): CodeIgniter\BaseModel->insert([...], true)
 8 APPPATH\Controllers\Utilisateurs.php(96): CodeIgniter\Model->insert([...])
 9 SYSTEMPATH\CodeIgniter.php(896): App\Controllers\Utilisateurs->ajouter_un_utilisateur()
10 SYSTEMPATH\CodeIgniter.php(466): CodeIgniter\CodeIgniter->runController(Object(App\Controllers\Utilisateurs))
11 SYSTEMPATH\CodeIgniter.php(349): CodeIgniter\CodeIgniter->handleRequest(null, Object(Config\Cache), false)
12 FCPATH\index.php(55): CodeIgniter\CodeIgniter->run()
ERROR - 2022-07-05 07:24:19 --> Unknown column 'created_at' in 'field list'
CRITICAL - 2022-07-05 07:24:19 --> Unknown column 'created_at' in 'field list'
in SYSTEMPATH\Database\MySQLi\Connection.php on line 292.
 1 SYSTEMPATH\Database\MySQLi\Connection.php(292): mysqli->query('INSERT INTO `utilisateurs` (`agence_id`, `utilisateur_login`, `utilisateur_pseudo`, `utilisateur_email`, `utilisateur_pass_hash`, `utilisateur_pass_modules_externes`, `utilisateur_uid_connexion_cookie`, `utilisateur_token_mfa`, `utilisateur_token_mfa_datetime_generation`, `utilisateur_tel1`, `utilisateur_tel2`, `utilisateur_date_derniere_activite`, `utilisateur_statut_blocage`, `utilisateur_niveau_acces`, `created_at`, `updated_at`) VALUES (\'1\', \'scmicro.test\', \'Test\', \'test@gmail.com\', \'$2y$10$lpYpBDcw3kvWYzyiD3gjmeegWvgw2KTQGRR8l8i4RZJ7QQ.DVn0fy\', \'test\', \'test\', 765801, \'2022-07-05 14:39:19\', \'\', \'\', \'2022-07-05 14:24:19\', 0, 2, \'2022-07-05 14:39:19\', \'2022-07-05 14:39:19\')', 0)
 2 SYSTEMPATH\Database\BaseConnection.php(695): CodeIgniter\Database\MySQLi\Connection->execute('INSERT INTO `utilisateurs` (`agence_id`, `utilisateur_login`, `utilisateur_pseudo`, `utilisateur_email`, `utilisateur_pass_hash`, `utilisateur_pass_modules_externes`, `utilisateur_uid_connexion_cookie`, `utilisateur_token_mfa`, `utilisateur_token_mfa_datetime_generation`, `utilisateur_tel1`, `utilisateur_tel2`, `utilisateur_date_derniere_activite`, `utilisateur_statut_blocage`, `utilisateur_niveau_acces`, `created_at`, `updated_at`) VALUES (\'1\', \'scmicro.test\', \'Test\', \'test@gmail.com\', \'$2y$10$lpYpBDcw3kvWYzyiD3gjmeegWvgw2KTQGRR8l8i4RZJ7QQ.DVn0fy\', \'test\', \'test\', 765801, \'2022-07-05 14:39:19\', \'\', \'\', \'2022-07-05 14:24:19\', 0, 2, \'2022-07-05 14:39:19\', \'2022-07-05 14:39:19\')')
 3 SYSTEMPATH\Database\BaseConnection.php(609): CodeIgniter\Database\BaseConnection->simpleQuery('INSERT INTO `utilisateurs` (`agence_id`, `utilisateur_login`, `utilisateur_pseudo`, `utilisateur_email`, `utilisateur_pass_hash`, `utilisateur_pass_modules_externes`, `utilisateur_uid_connexion_cookie`, `utilisateur_token_mfa`, `utilisateur_token_mfa_datetime_generation`, `utilisateur_tel1`, `utilisateur_tel2`, `utilisateur_date_derniere_activite`, `utilisateur_statut_blocage`, `utilisateur_niveau_acces`, `created_at`, `updated_at`) VALUES (\'1\', \'scmicro.test\', \'Test\', \'test@gmail.com\', \'$2y$10$lpYpBDcw3kvWYzyiD3gjmeegWvgw2KTQGRR8l8i4RZJ7QQ.DVn0fy\', \'test\', \'test\', 765801, \'2022-07-05 14:39:19\', \'\', \'\', \'2022-07-05 14:24:19\', 0, 2, \'2022-07-05 14:39:19\', \'2022-07-05 14:39:19\')')
 4 SYSTEMPATH\Database\BaseBuilder.php(1904): CodeIgniter\Database\BaseConnection->query('INSERT INTO `utilisateurs` (`agence_id`, `utilisateur_login`, `utilisateur_pseudo`, `utilisateur_email`, `utilisateur_pass_hash`, `utilisateur_pass_modules_externes`, `utilisateur_uid_connexion_cookie`, `utilisateur_token_mfa`, `utilisateur_token_mfa_datetime_generation`, `utilisateur_tel1`, `utilisateur_tel2`, `utilisateur_date_derniere_activite`, `utilisateur_statut_blocage`, `utilisateur_niveau_acces`, `created_at`, `updated_at`) VALUES (:agence_id:, :utilisateur_login:, :utilisateur_pseudo:, :utilisateur_email:, :utilisateur_pass_hash:, :utilisateur_pass_modules_externes:, :utilisateur_uid_connexion_cookie:, :utilisateur_token_mfa:, :utilisateur_token_mfa_datetime_generation:, :utilisateur_tel1:, :utilisateur_tel2:, :utilisateur_date_derniere_activite:, :utilisateur_statut_blocage:, :utilisateur_niveau_acces:, :created_at:, :updated_at:)', [...], false)
 5 SYSTEMPATH\Model.php(278): CodeIgniter\Database\BaseBuilder->insert()
 6 SYSTEMPATH\BaseModel.php(738): CodeIgniter\Model->doInsert([...])
 7 SYSTEMPATH\Model.php(666): CodeIgniter\BaseModel->insert([...], true)
 8 APPPATH\Controllers\Utilisateurs.php(96): CodeIgniter\Model->insert([...])
 9 SYSTEMPATH\CodeIgniter.php(896): App\Controllers\Utilisateurs->ajouter_un_utilisateur()
10 SYSTEMPATH\CodeIgniter.php(466): CodeIgniter\CodeIgniter->runController(Object(App\Controllers\Utilisateurs))
11 SYSTEMPATH\CodeIgniter.php(349): CodeIgniter\CodeIgniter->handleRequest(null, Object(Config\Cache), false)
12 FCPATH\index.php(55): CodeIgniter\CodeIgniter->run()
ERROR - 2022-07-05 07:27:35 --> Unknown column 'created_at' in 'field list'
CRITICAL - 2022-07-05 07:27:35 --> Unknown column 'created_at' in 'field list'
in SYSTEMPATH\Database\MySQLi\Connection.php on line 292.
 1 SYSTEMPATH\Database\MySQLi\Connection.php(292): mysqli->query('INSERT INTO `utilisateurs` (`agence_id`, `utilisateur_login`, `utilisateur_pseudo`, `utilisateur_email`, `utilisateur_pass_hash`, `utilisateur_pass_modules_externes`, `utilisateur_uid_connexion_cookie`, `utilisateur_token_mfa`, `utilisateur_token_mfa_datetime_generation`, `utilisateur_tel1`, `utilisateur_tel2`, `utilisateur_date_derniere_activite`, `utilisateur_statut_blocage`, `utilisateur_niveau_acces`, `created_at`, `updated_at`) VALUES (\'1\', \'scmicro.test\', \'Test\', \'test@gmail.com\', \'$2y$10$pIqs98vFudzAA32VphR64eEwU4VWtoD4xkLhxP0JcEfU4xurI02Hq\', \'test\', \'test\', 230595, \'2022-07-05 14:42:35\', \'\', \'\', \'2022-07-05 14:27:35\', 0, 2, \'2022-07-05 07:27:35\', \'2022-07-05 07:27:35\')', 0)
 2 SYSTEMPATH\Database\BaseConnection.php(695): CodeIgniter\Database\MySQLi\Connection->execute('INSERT INTO `utilisateurs` (`agence_id`, `utilisateur_login`, `utilisateur_pseudo`, `utilisateur_email`, `utilisateur_pass_hash`, `utilisateur_pass_modules_externes`, `utilisateur_uid_connexion_cookie`, `utilisateur_token_mfa`, `utilisateur_token_mfa_datetime_generation`, `utilisateur_tel1`, `utilisateur_tel2`, `utilisateur_date_derniere_activite`, `utilisateur_statut_blocage`, `utilisateur_niveau_acces`, `created_at`, `updated_at`) VALUES (\'1\', \'scmicro.test\', \'Test\', \'test@gmail.com\', \'$2y$10$pIqs98vFudzAA32VphR64eEwU4VWtoD4xkLhxP0JcEfU4xurI02Hq\', \'test\', \'test\', 230595, \'2022-07-05 14:42:35\', \'\', \'\', \'2022-07-05 14:27:35\', 0, 2, \'2022-07-05 07:27:35\', \'2022-07-05 07:27:35\')')
 3 SYSTEMPATH\Database\BaseConnection.php(609): CodeIgniter\Database\BaseConnection->simpleQuery('INSERT INTO `utilisateurs` (`agence_id`, `utilisateur_login`, `utilisateur_pseudo`, `utilisateur_email`, `utilisateur_pass_hash`, `utilisateur_pass_modules_externes`, `utilisateur_uid_connexion_cookie`, `utilisateur_token_mfa`, `utilisateur_token_mfa_datetime_generation`, `utilisateur_tel1`, `utilisateur_tel2`, `utilisateur_date_derniere_activite`, `utilisateur_statut_blocage`, `utilisateur_niveau_acces`, `created_at`, `updated_at`) VALUES (\'1\', \'scmicro.test\', \'Test\', \'test@gmail.com\', \'$2y$10$pIqs98vFudzAA32VphR64eEwU4VWtoD4xkLhxP0JcEfU4xurI02Hq\', \'test\', \'test\', 230595, \'2022-07-05 14:42:35\', \'\', \'\', \'2022-07-05 14:27:35\', 0, 2, \'2022-07-05 07:27:35\', \'2022-07-05 07:27:35\')')
 4 SYSTEMPATH\Database\BaseBuilder.php(1904): CodeIgniter\Database\BaseConnection->query('INSERT INTO `utilisateurs` (`agence_id`, `utilisateur_login`, `utilisateur_pseudo`, `utilisateur_email`, `utilisateur_pass_hash`, `utilisateur_pass_modules_externes`, `utilisateur_uid_connexion_cookie`, `utilisateur_token_mfa`, `utilisateur_token_mfa_datetime_generation`, `utilisateur_tel1`, `utilisateur_tel2`, `utilisateur_date_derniere_activite`, `utilisateur_statut_blocage`, `utilisateur_niveau_acces`, `created_at`, `updated_at`) VALUES (:agence_id:, :utilisateur_login:, :utilisateur_pseudo:, :utilisateur_email:, :utilisateur_pass_hash:, :utilisateur_pass_modules_externes:, :utilisateur_uid_connexion_cookie:, :utilisateur_token_mfa:, :utilisateur_token_mfa_datetime_generation:, :utilisateur_tel1:, :utilisateur_tel2:, :utilisateur_date_derniere_activite:, :utilisateur_statut_blocage:, :utilisateur_niveau_acces:, :created_at:, :updated_at:)', [...], false)
 5 SYSTEMPATH\Model.php(278): CodeIgniter\Database\BaseBuilder->insert()
 6 SYSTEMPATH\BaseModel.php(738): CodeIgniter\Model->doInsert([...])
 7 SYSTEMPATH\Model.php(666): CodeIgniter\BaseModel->insert([...], true)
 8 APPPATH\Controllers\Utilisateurs.php(94): CodeIgniter\Model->insert([...])
 9 SYSTEMPATH\CodeIgniter.php(896): App\Controllers\Utilisateurs->ajouter_un_utilisateur()
10 SYSTEMPATH\CodeIgniter.php(466): CodeIgniter\CodeIgniter->runController(Object(App\Controllers\Utilisateurs))
11 SYSTEMPATH\CodeIgniter.php(349): CodeIgniter\CodeIgniter->handleRequest(null, Object(Config\Cache), false)
12 FCPATH\index.php(55): CodeIgniter\CodeIgniter->run()
ERROR - 2022-07-05 07:31:23 --> Unknown column 'created_at' in 'field list'
CRITICAL - 2022-07-05 07:31:23 --> Unknown column 'created_at' in 'field list'
in SYSTEMPATH\Database\MySQLi\Connection.php on line 292.
 1 SYSTEMPATH\Database\MySQLi\Connection.php(292): mysqli->query('INSERT INTO `utilisateurs` (`agence_id`, `utilisateur_login`, `utilisateur_pseudo`, `utilisateur_email`, `utilisateur_pass_hash`, `utilisateur_pass_modules_externes`, `utilisateur_uid_connexion_cookie`, `utilisateur_token_mfa`, `utilisateur_token_mfa_datetime_generation`, `utilisateur_tel1`, `utilisateur_tel2`, `utilisateur_date_derniere_activite`, `utilisateur_statut_blocage`, `utilisateur_niveau_acces`, `created_at`, `updated_at`) VALUES (\'1\', \'scmicro.test\', \'Test\', \'test@gmail.com\', \'$2y$10$Ymi0B7vhN0ulHPkhFfG7ZuSAfZnQEV8piYP3L7xm5hziNSHnWAMcK\', \'test\', \'test\', 162033, \'2022-07-05 14:46:23\', \'\', \'\', \'2022-07-05 14:31:23\', 0, 2, \'2022-07-05 07:31:23\', \'2022-07-05 07:31:23\')', 0)
 2 SYSTEMPATH\Database\BaseConnection.php(695): CodeIgniter\Database\MySQLi\Connection->execute('INSERT INTO `utilisateurs` (`agence_id`, `utilisateur_login`, `utilisateur_pseudo`, `utilisateur_email`, `utilisateur_pass_hash`, `utilisateur_pass_modules_externes`, `utilisateur_uid_connexion_cookie`, `utilisateur_token_mfa`, `utilisateur_token_mfa_datetime_generation`, `utilisateur_tel1`, `utilisateur_tel2`, `utilisateur_date_derniere_activite`, `utilisateur_statut_blocage`, `utilisateur_niveau_acces`, `created_at`, `updated_at`) VALUES (\'1\', \'scmicro.test\', \'Test\', \'test@gmail.com\', \'$2y$10$Ymi0B7vhN0ulHPkhFfG7ZuSAfZnQEV8piYP3L7xm5hziNSHnWAMcK\', \'test\', \'test\', 162033, \'2022-07-05 14:46:23\', \'\', \'\', \'2022-07-05 14:31:23\', 0, 2, \'2022-07-05 07:31:23\', \'2022-07-05 07:31:23\')')
 3 SYSTEMPATH\Database\BaseConnection.php(609): CodeIgniter\Database\BaseConnection->simpleQuery('INSERT INTO `utilisateurs` (`agence_id`, `utilisateur_login`, `utilisateur_pseudo`, `utilisateur_email`, `utilisateur_pass_hash`, `utilisateur_pass_modules_externes`, `utilisateur_uid_connexion_cookie`, `utilisateur_token_mfa`, `utilisateur_token_mfa_datetime_generation`, `utilisateur_tel1`, `utilisateur_tel2`, `utilisateur_date_derniere_activite`, `utilisateur_statut_blocage`, `utilisateur_niveau_acces`, `created_at`, `updated_at`) VALUES (\'1\', \'scmicro.test\', \'Test\', \'test@gmail.com\', \'$2y$10$Ymi0B7vhN0ulHPkhFfG7ZuSAfZnQEV8piYP3L7xm5hziNSHnWAMcK\', \'test\', \'test\', 162033, \'2022-07-05 14:46:23\', \'\', \'\', \'2022-07-05 14:31:23\', 0, 2, \'2022-07-05 07:31:23\', \'2022-07-05 07:31:23\')')
 4 SYSTEMPATH\Database\BaseBuilder.php(1904): CodeIgniter\Database\BaseConnection->query('INSERT INTO `utilisateurs` (`agence_id`, `utilisateur_login`, `utilisateur_pseudo`, `utilisateur_email`, `utilisateur_pass_hash`, `utilisateur_pass_modules_externes`, `utilisateur_uid_connexion_cookie`, `utilisateur_token_mfa`, `utilisateur_token_mfa_datetime_generation`, `utilisateur_tel1`, `utilisateur_tel2`, `utilisateur_date_derniere_activite`, `utilisateur_statut_blocage`, `utilisateur_niveau_acces`, `created_at`, `updated_at`) VALUES (:agence_id:, :utilisateur_login:, :utilisateur_pseudo:, :utilisateur_email:, :utilisateur_pass_hash:, :utilisateur_pass_modules_externes:, :utilisateur_uid_connexion_cookie:, :utilisateur_token_mfa:, :utilisateur_token_mfa_datetime_generation:, :utilisateur_tel1:, :utilisateur_tel2:, :utilisateur_date_derniere_activite:, :utilisateur_statut_blocage:, :utilisateur_niveau_acces:, :created_at:, :updated_at:)', [...], false)
 5 SYSTEMPATH\Model.php(278): CodeIgniter\Database\BaseBuilder->insert()
 6 SYSTEMPATH\BaseModel.php(738): CodeIgniter\Model->doInsert([...])
 7 SYSTEMPATH\Model.php(666): CodeIgniter\BaseModel->insert([...], true)
 8 APPPATH\Controllers\Utilisateurs.php(94): CodeIgniter\Model->insert([...])
 9 SYSTEMPATH\CodeIgniter.php(896): App\Controllers\Utilisateurs->ajouter_un_utilisateur()
10 SYSTEMPATH\CodeIgniter.php(466): CodeIgniter\CodeIgniter->runController(Object(App\Controllers\Utilisateurs))
11 SYSTEMPATH\CodeIgniter.php(349): CodeIgniter\CodeIgniter->handleRequest(null, Object(Config\Cache), false)
12 FCPATH\index.php(55): CodeIgniter\CodeIgniter->run()
ERROR - 2022-07-05 07:32:38 --> Unknown column 'created_at' in 'field list'
CRITICAL - 2022-07-05 07:32:38 --> Unknown column 'created_at' in 'field list'
in SYSTEMPATH\Database\MySQLi\Connection.php on line 292.
 1 SYSTEMPATH\Database\MySQLi\Connection.php(292): mysqli->query('INSERT INTO `utilisateurs` (`agence_id`, `utilisateur_login`, `utilisateur_pseudo`, `utilisateur_email`, `utilisateur_pass_hash`, `utilisateur_pass_modules_externes`, `utilisateur_uid_connexion_cookie`, `utilisateur_token_mfa`, `utilisateur_token_mfa_datetime_generation`, `utilisateur_tel1`, `utilisateur_tel2`, `utilisateur_date_derniere_activite`, `utilisateur_statut_blocage`, `utilisateur_niveau_acces`, `created_at`, `updated_at`) VALUES (\'2\', \'scmicro.test\', \'Test\', \'test@gmail.com\', \'$2y$10$g/Sm/.ORjUKqeXNJvGvtZe4uLLXiqebPdPR2jcoZDUWr1Mc2Yw9my\', \'test\', \'test\', 849911, \'2022-07-05 14:47:38\', \'\', \'\', \'2022-07-05 14:32:38\', 0, 2, \'2022-07-05 07:32:38\', \'2022-07-05 07:32:38\')', 0)
 2 SYSTEMPATH\Database\BaseConnection.php(695): CodeIgniter\Database\MySQLi\Connection->execute('INSERT INTO `utilisateurs` (`agence_id`, `utilisateur_login`, `utilisateur_pseudo`, `utilisateur_email`, `utilisateur_pass_hash`, `utilisateur_pass_modules_externes`, `utilisateur_uid_connexion_cookie`, `utilisateur_token_mfa`, `utilisateur_token_mfa_datetime_generation`, `utilisateur_tel1`, `utilisateur_tel2`, `utilisateur_date_derniere_activite`, `utilisateur_statut_blocage`, `utilisateur_niveau_acces`, `created_at`, `updated_at`) VALUES (\'2\', \'scmicro.test\', \'Test\', \'test@gmail.com\', \'$2y$10$g/Sm/.ORjUKqeXNJvGvtZe4uLLXiqebPdPR2jcoZDUWr1Mc2Yw9my\', \'test\', \'test\', 849911, \'2022-07-05 14:47:38\', \'\', \'\', \'2022-07-05 14:32:38\', 0, 2, \'2022-07-05 07:32:38\', \'2022-07-05 07:32:38\')')
 3 SYSTEMPATH\Database\BaseConnection.php(609): CodeIgniter\Database\BaseConnection->simpleQuery('INSERT INTO `utilisateurs` (`agence_id`, `utilisateur_login`, `utilisateur_pseudo`, `utilisateur_email`, `utilisateur_pass_hash`, `utilisateur_pass_modules_externes`, `utilisateur_uid_connexion_cookie`, `utilisateur_token_mfa`, `utilisateur_token_mfa_datetime_generation`, `utilisateur_tel1`, `utilisateur_tel2`, `utilisateur_date_derniere_activite`, `utilisateur_statut_blocage`, `utilisateur_niveau_acces`, `created_at`, `updated_at`) VALUES (\'2\', \'scmicro.test\', \'Test\', \'test@gmail.com\', \'$2y$10$g/Sm/.ORjUKqeXNJvGvtZe4uLLXiqebPdPR2jcoZDUWr1Mc2Yw9my\', \'test\', \'test\', 849911, \'2022-07-05 14:47:38\', \'\', \'\', \'2022-07-05 14:32:38\', 0, 2, \'2022-07-05 07:32:38\', \'2022-07-05 07:32:38\')')
 4 SYSTEMPATH\Database\BaseBuilder.php(1904): CodeIgniter\Database\BaseConnection->query('INSERT INTO `utilisateurs` (`agence_id`, `utilisateur_login`, `utilisateur_pseudo`, `utilisateur_email`, `utilisateur_pass_hash`, `utilisateur_pass_modules_externes`, `utilisateur_uid_connexion_cookie`, `utilisateur_token_mfa`, `utilisateur_token_mfa_datetime_generation`, `utilisateur_tel1`, `utilisateur_tel2`, `utilisateur_date_derniere_activite`, `utilisateur_statut_blocage`, `utilisateur_niveau_acces`, `created_at`, `updated_at`) VALUES (:agence_id:, :utilisateur_login:, :utilisateur_pseudo:, :utilisateur_email:, :utilisateur_pass_hash:, :utilisateur_pass_modules_externes:, :utilisateur_uid_connexion_cookie:, :utilisateur_token_mfa:, :utilisateur_token_mfa_datetime_generation:, :utilisateur_tel1:, :utilisateur_tel2:, :utilisateur_date_derniere_activite:, :utilisateur_statut_blocage:, :utilisateur_niveau_acces:, :created_at:, :updated_at:)', [...], false)
 5 SYSTEMPATH\Model.php(278): CodeIgniter\Database\BaseBuilder->insert()
 6 SYSTEMPATH\BaseModel.php(738): CodeIgniter\Model->doInsert([...])
 7 SYSTEMPATH\Model.php(666): CodeIgniter\BaseModel->insert([...], true)
 8 APPPATH\Controllers\Utilisateurs.php(94): CodeIgniter\Model->insert([...])
 9 SYSTEMPATH\CodeIgniter.php(896): App\Controllers\Utilisateurs->ajouter_un_utilisateur()
10 SYSTEMPATH\CodeIgniter.php(466): CodeIgniter\CodeIgniter->runController(Object(App\Controllers\Utilisateurs))
11 SYSTEMPATH\CodeIgniter.php(349): CodeIgniter\CodeIgniter->handleRequest(null, Object(Config\Cache), false)
12 FCPATH\index.php(55): CodeIgniter\CodeIgniter->run()
ERROR - 2022-07-05 07:39:24 --> Unknown column 'created_at' in 'field list'
CRITICAL - 2022-07-05 07:39:24 --> Unknown column 'created_at' in 'field list'
in SYSTEMPATH\Database\MySQLi\Connection.php on line 292.
 1 SYSTEMPATH\Database\MySQLi\Connection.php(292): mysqli->query('INSERT INTO `utilisateurs` (`agence_id`, `utilisateur_login`, `utilisateur_pseudo`, `utilisateur_email`, `utilisateur_pass_hash`, `utilisateur_pass_modules_externes`, `utilisateur_uid_connexion_cookie`, `utilisateur_token_mfa`, `utilisateur_token_mfa_datetime_generation`, `utilisateur_tel1`, `utilisateur_tel2`, `utilisateur_date_derniere_activite`, `utilisateur_statut_blocage`, `utilisateur_niveau_acces`, `created_at`, `updated_at`) VALUES (\'2\', \'scmicro.test\', \'Test\', \'test@gmail.com\', \'$2y$10$1fXg5fstJmu4ZXDbI8WGmea/.jRrgem9lt9GygLB9IVFRf/IxNS0O\', \'test\', \'test\', 195302, \'2022-07-05 14:54:24\', \'\', \'\', \'2022-07-05 14:39:24\', 0, 2, \'2022-07-05 07:39:24\', \'2022-07-05 07:39:24\')', 0)
 2 SYSTEMPATH\Database\BaseConnection.php(695): CodeIgniter\Database\MySQLi\Connection->execute('INSERT INTO `utilisateurs` (`agence_id`, `utilisateur_login`, `utilisateur_pseudo`, `utilisateur_email`, `utilisateur_pass_hash`, `utilisateur_pass_modules_externes`, `utilisateur_uid_connexion_cookie`, `utilisateur_token_mfa`, `utilisateur_token_mfa_datetime_generation`, `utilisateur_tel1`, `utilisateur_tel2`, `utilisateur_date_derniere_activite`, `utilisateur_statut_blocage`, `utilisateur_niveau_acces`, `created_at`, `updated_at`) VALUES (\'2\', \'scmicro.test\', \'Test\', \'test@gmail.com\', \'$2y$10$1fXg5fstJmu4ZXDbI8WGmea/.jRrgem9lt9GygLB9IVFRf/IxNS0O\', \'test\', \'test\', 195302, \'2022-07-05 14:54:24\', \'\', \'\', \'2022-07-05 14:39:24\', 0, 2, \'2022-07-05 07:39:24\', \'2022-07-05 07:39:24\')')
 3 SYSTEMPATH\Database\BaseConnection.php(609): CodeIgniter\Database\BaseConnection->simpleQuery('INSERT INTO `utilisateurs` (`agence_id`, `utilisateur_login`, `utilisateur_pseudo`, `utilisateur_email`, `utilisateur_pass_hash`, `utilisateur_pass_modules_externes`, `utilisateur_uid_connexion_cookie`, `utilisateur_token_mfa`, `utilisateur_token_mfa_datetime_generation`, `utilisateur_tel1`, `utilisateur_tel2`, `utilisateur_date_derniere_activite`, `utilisateur_statut_blocage`, `utilisateur_niveau_acces`, `created_at`, `updated_at`) VALUES (\'2\', \'scmicro.test\', \'Test\', \'test@gmail.com\', \'$2y$10$1fXg5fstJmu4ZXDbI8WGmea/.jRrgem9lt9GygLB9IVFRf/IxNS0O\', \'test\', \'test\', 195302, \'2022-07-05 14:54:24\', \'\', \'\', \'2022-07-05 14:39:24\', 0, 2, \'2022-07-05 07:39:24\', \'2022-07-05 07:39:24\')')
 4 SYSTEMPATH\Database\BaseBuilder.php(1904): CodeIgniter\Database\BaseConnection->query('INSERT INTO `utilisateurs` (`agence_id`, `utilisateur_login`, `utilisateur_pseudo`, `utilisateur_email`, `utilisateur_pass_hash`, `utilisateur_pass_modules_externes`, `utilisateur_uid_connexion_cookie`, `utilisateur_token_mfa`, `utilisateur_token_mfa_datetime_generation`, `utilisateur_tel1`, `utilisateur_tel2`, `utilisateur_date_derniere_activite`, `utilisateur_statut_blocage`, `utilisateur_niveau_acces`, `created_at`, `updated_at`) VALUES (:agence_id:, :utilisateur_login:, :utilisateur_pseudo:, :utilisateur_email:, :utilisateur_pass_hash:, :utilisateur_pass_modules_externes:, :utilisateur_uid_connexion_cookie:, :utilisateur_token_mfa:, :utilisateur_token_mfa_datetime_generation:, :utilisateur_tel1:, :utilisateur_tel2:, :utilisateur_date_derniere_activite:, :utilisateur_statut_blocage:, :utilisateur_niveau_acces:, :created_at:, :updated_at:)', [...], false)
 5 SYSTEMPATH\Model.php(278): CodeIgniter\Database\BaseBuilder->insert()
 6 SYSTEMPATH\BaseModel.php(738): CodeIgniter\Model->doInsert([...])
 7 SYSTEMPATH\Model.php(666): CodeIgniter\BaseModel->insert([...], true)
 8 APPPATH\Controllers\Utilisateurs.php(94): CodeIgniter\Model->insert([...])
 9 SYSTEMPATH\CodeIgniter.php(896): App\Controllers\Utilisateurs->ajouter_un_utilisateur()
10 SYSTEMPATH\CodeIgniter.php(466): CodeIgniter\CodeIgniter->runController(Object(App\Controllers\Utilisateurs))
11 SYSTEMPATH\CodeIgniter.php(349): CodeIgniter\CodeIgniter->handleRequest(null, Object(Config\Cache), false)
12 FCPATH\index.php(55): CodeIgniter\CodeIgniter->run()
ERROR - 2022-07-05 07:39:32 --> Unknown column 'created_at' in 'field list'
CRITICAL - 2022-07-05 07:39:32 --> Unknown column 'created_at' in 'field list'
in SYSTEMPATH\Database\MySQLi\Connection.php on line 292.
 1 SYSTEMPATH\Database\MySQLi\Connection.php(292): mysqli->query('INSERT INTO `utilisateurs` (`agence_id`, `utilisateur_login`, `utilisateur_pseudo`, `utilisateur_email`, `utilisateur_pass_hash`, `utilisateur_pass_modules_externes`, `utilisateur_uid_connexion_cookie`, `utilisateur_token_mfa`, `utilisateur_token_mfa_datetime_generation`, `utilisateur_tel1`, `utilisateur_tel2`, `utilisateur_date_derniere_activite`, `utilisateur_statut_blocage`, `utilisateur_niveau_acces`, `created_at`, `updated_at`) VALUES (\'1\', \'scmicro.test\', \'Test\', \'test@gmail.com\', \'$2y$10$y7m8a6t1Gd06ydbs2nNJuuJ.sQv7d9o/5ABJm4j2CgjSQPzsp5Rly\', \'test\', \'test\', 564903, \'2022-07-05 14:54:32\', \'\', \'\', \'2022-07-05 14:39:32\', 0, 2, \'2022-07-05 07:39:32\', \'2022-07-05 07:39:32\')', 0)
 2 SYSTEMPATH\Database\BaseConnection.php(695): CodeIgniter\Database\MySQLi\Connection->execute('INSERT INTO `utilisateurs` (`agence_id`, `utilisateur_login`, `utilisateur_pseudo`, `utilisateur_email`, `utilisateur_pass_hash`, `utilisateur_pass_modules_externes`, `utilisateur_uid_connexion_cookie`, `utilisateur_token_mfa`, `utilisateur_token_mfa_datetime_generation`, `utilisateur_tel1`, `utilisateur_tel2`, `utilisateur_date_derniere_activite`, `utilisateur_statut_blocage`, `utilisateur_niveau_acces`, `created_at`, `updated_at`) VALUES (\'1\', \'scmicro.test\', \'Test\', \'test@gmail.com\', \'$2y$10$y7m8a6t1Gd06ydbs2nNJuuJ.sQv7d9o/5ABJm4j2CgjSQPzsp5Rly\', \'test\', \'test\', 564903, \'2022-07-05 14:54:32\', \'\', \'\', \'2022-07-05 14:39:32\', 0, 2, \'2022-07-05 07:39:32\', \'2022-07-05 07:39:32\')')
 3 SYSTEMPATH\Database\BaseConnection.php(609): CodeIgniter\Database\BaseConnection->simpleQuery('INSERT INTO `utilisateurs` (`agence_id`, `utilisateur_login`, `utilisateur_pseudo`, `utilisateur_email`, `utilisateur_pass_hash`, `utilisateur_pass_modules_externes`, `utilisateur_uid_connexion_cookie`, `utilisateur_token_mfa`, `utilisateur_token_mfa_datetime_generation`, `utilisateur_tel1`, `utilisateur_tel2`, `utilisateur_date_derniere_activite`, `utilisateur_statut_blocage`, `utilisateur_niveau_acces`, `created_at`, `updated_at`) VALUES (\'1\', \'scmicro.test\', \'Test\', \'test@gmail.com\', \'$2y$10$y7m8a6t1Gd06ydbs2nNJuuJ.sQv7d9o/5ABJm4j2CgjSQPzsp5Rly\', \'test\', \'test\', 564903, \'2022-07-05 14:54:32\', \'\', \'\', \'2022-07-05 14:39:32\', 0, 2, \'2022-07-05 07:39:32\', \'2022-07-05 07:39:32\')')
 4 SYSTEMPATH\Database\BaseBuilder.php(1904): CodeIgniter\Database\BaseConnection->query('INSERT INTO `utilisateurs` (`agence_id`, `utilisateur_login`, `utilisateur_pseudo`, `utilisateur_email`, `utilisateur_pass_hash`, `utilisateur_pass_modules_externes`, `utilisateur_uid_connexion_cookie`, `utilisateur_token_mfa`, `utilisateur_token_mfa_datetime_generation`, `utilisateur_tel1`, `utilisateur_tel2`, `utilisateur_date_derniere_activite`, `utilisateur_statut_blocage`, `utilisateur_niveau_acces`, `created_at`, `updated_at`) VALUES (:agence_id:, :utilisateur_login:, :utilisateur_pseudo:, :utilisateur_email:, :utilisateur_pass_hash:, :utilisateur_pass_modules_externes:, :utilisateur_uid_connexion_cookie:, :utilisateur_token_mfa:, :utilisateur_token_mfa_datetime_generation:, :utilisateur_tel1:, :utilisateur_tel2:, :utilisateur_date_derniere_activite:, :utilisateur_statut_blocage:, :utilisateur_niveau_acces:, :created_at:, :updated_at:)', [...], false)
 5 SYSTEMPATH\Model.php(278): CodeIgniter\Database\BaseBuilder->insert()
 6 SYSTEMPATH\BaseModel.php(738): CodeIgniter\Model->doInsert([...])
 7 SYSTEMPATH\Model.php(666): CodeIgniter\BaseModel->insert([...], true)
 8 APPPATH\Controllers\Utilisateurs.php(94): CodeIgniter\Model->insert([...])
 9 SYSTEMPATH\CodeIgniter.php(896): App\Controllers\Utilisateurs->ajouter_un_utilisateur()
10 SYSTEMPATH\CodeIgniter.php(466): CodeIgniter\CodeIgniter->runController(Object(App\Controllers\Utilisateurs))
11 SYSTEMPATH\CodeIgniter.php(349): CodeIgniter\CodeIgniter->handleRequest(null, Object(Config\Cache), false)
12 FCPATH\index.php(55): CodeIgniter\CodeIgniter->run()
CRITICAL - 2022-07-05 07:47:22 --> Undefined variable $UtilisateurID
in APPPATH\Controllers\Utilisateurs.php on line 160.
 1 APPPATH\Controllers\Utilisateurs.php(160): CodeIgniter\Debug\Exceptions->errorHandler(2, 'Undefined variable $UtilisateurID', 'APPPATH\\Controllers\\Utilisateurs.php', 160)
 2 SYSTEMPATH\CodeIgniter.php(896): App\Controllers\Utilisateurs->modifier_un_profil_utilisateur()
 3 SYSTEMPATH\CodeIgniter.php(466): CodeIgniter\CodeIgniter->runController(Object(App\Controllers\Utilisateurs))
 4 SYSTEMPATH\CodeIgniter.php(349): CodeIgniter\CodeIgniter->handleRequest(null, Object(Config\Cache), false)
 5 FCPATH\index.php(55): CodeIgniter\CodeIgniter->run()
CRITICAL - 2022-07-05 07:50:21 --> Undefined variable $UtilisateurID
in APPPATH\Controllers\Utilisateurs.php on line 160.
 1 APPPATH\Controllers\Utilisateurs.php(160): CodeIgniter\Debug\Exceptions->errorHandler(2, 'Undefined variable $UtilisateurID', 'APPPATH\\Controllers\\Utilisateurs.php', 160)
 2 SYSTEMPATH\CodeIgniter.php(896): App\Controllers\Utilisateurs->modifier_un_profil_utilisateur()
 3 SYSTEMPATH\CodeIgniter.php(466): CodeIgniter\CodeIgniter->runController(Object(App\Controllers\Utilisateurs))
 4 SYSTEMPATH\CodeIgniter.php(349): CodeIgniter\CodeIgniter->handleRequest(null, Object(Config\Cache), false)
 5 FCPATH\index.php(55): CodeIgniter\CodeIgniter->run()
CRITICAL - 2022-07-05 07:50:37 --> Invalid file: agences/liste-des-utilisateurs-modification.php
in SYSTEMPATH\Exceptions\FrameworkException.php on line 33.
 1 SYSTEMPATH\View\View.php(201): CodeIgniter\Exceptions\FrameworkException::forInvalidFile('agences/liste-des-utilisateurs-modification.php')
 2 SYSTEMPATH\Common.php(1135): CodeIgniter\View\View->render('agences/liste-des-utilisateurs-modification', [], true)
 3 APPPATH\Controllers\Utilisateurs.php(162): view('agences/liste-des-utilisateurs-modification', [...])
 4 SYSTEMPATH\CodeIgniter.php(896): App\Controllers\Utilisateurs->modifier_un_profil_utilisateur()
 5 SYSTEMPATH\CodeIgniter.php(466): CodeIgniter\CodeIgniter->runController(Object(App\Controllers\Utilisateurs))
 6 SYSTEMPATH\CodeIgniter.php(349): CodeIgniter\CodeIgniter->handleRequest(null, Object(Config\Cache), false)
 7 FCPATH\index.php(55): CodeIgniter\CodeIgniter->run()
CRITICAL - 2022-07-05 07:55:50 --> Undefined variable $lesAgences
in APPPATH\Views\utilisateurs\modification-utilisateur.php on line 37.
 1 APPPATH\Views\utilisateurs\modification-utilisateur.php(37): CodeIgniter\Debug\Exceptions->errorHandler(2, 'Undefined variable $lesAgences', 'APPPATH\\Views\\utilisateurs\\modification-utilisateur.php', 37)
 2 SYSTEMPATH\View\View.php(213): include('APPPATH\\Views\\utilisateurs\\modification-utilisateur.php')
 3 SYSTEMPATH\View\View.php(216): CodeIgniter\View\View->CodeIgniter\View\{closure}()
 4 SYSTEMPATH\Common.php(1135): CodeIgniter\View\View->render('utilisateurs/modification-utilisateur', [], true)
 5 APPPATH\Controllers\Utilisateurs.php(171): view('utilisateurs/modification-utilisateur', [...])
 6 SYSTEMPATH\CodeIgniter.php(896): App\Controllers\Utilisateurs->modifier_un_profil_utilisateur('4')
 7 SYSTEMPATH\CodeIgniter.php(466): CodeIgniter\CodeIgniter->runController(Object(App\Controllers\Utilisateurs))
 8 SYSTEMPATH\CodeIgniter.php(349): CodeIgniter\CodeIgniter->handleRequest(null, Object(Config\Cache), false)
 9 FCPATH\index.php(55): CodeIgniter\CodeIgniter->run()
CRITICAL - 2022-07-05 07:56:00 --> Undefined variable $lesAgences
in APPPATH\Views\utilisateurs\modification-utilisateur.php on line 37.
 1 APPPATH\Views\utilisateurs\modification-utilisateur.php(37): CodeIgniter\Debug\Exceptions->errorHandler(2, 'Undefined variable $lesAgences', 'APPPATH\\Views\\utilisateurs\\modification-utilisateur.php', 37)
 2 SYSTEMPATH\View\View.php(213): include('APPPATH\\Views\\utilisateurs\\modification-utilisateur.php')
 3 SYSTEMPATH\View\View.php(216): CodeIgniter\View\View->CodeIgniter\View\{closure}()
 4 SYSTEMPATH\Common.php(1135): CodeIgniter\View\View->render('utilisateurs/modification-utilisateur', [], true)
 5 APPPATH\Controllers\Utilisateurs.php(171): view('utilisateurs/modification-utilisateur', [...])
 6 SYSTEMPATH\CodeIgniter.php(896): App\Controllers\Utilisateurs->modifier_un_profil_utilisateur('4')
 7 SYSTEMPATH\CodeIgniter.php(466): CodeIgniter\CodeIgniter->runController(Object(App\Controllers\Utilisateurs))
 8 SYSTEMPATH\CodeIgniter.php(349): CodeIgniter\CodeIgniter->handleRequest(null, Object(Config\Cache), false)
 9 FCPATH\index.php(55): CodeIgniter\CodeIgniter->run()
CRITICAL - 2022-07-05 07:57:07 --> Undefined variable $lesUtilisateurs
in APPPATH\Views\utilisateurs\liste-des-utilisateurs-modification.php on line 24.
 1 APPPATH\Views\utilisateurs\liste-des-utilisateurs-modification.php(24): CodeIgniter\Debug\Exceptions->errorHandler(2, 'Undefined variable $lesUtilisateurs', 'APPPATH\\Views\\utilisateurs\\liste-des-utilisateurs-modification.php', 24)
 2 SYSTEMPATH\View\View.php(213): include('APPPATH\\Views\\utilisateurs\\liste-des-utilisateurs-modification.php')
 3 SYSTEMPATH\View\View.php(216): CodeIgniter\View\View->CodeIgniter\View\{closure}()
 4 SYSTEMPATH\Common.php(1135): CodeIgniter\View\View->render('utilisateurs/liste-des-utilisateurs-modification', [], true)
 5 APPPATH\Controllers\Utilisateurs.php(170): view('utilisateurs/liste-des-utilisateurs-modification', [...])
 6 SYSTEMPATH\CodeIgniter.php(896): App\Controllers\Utilisateurs->modifier_un_profil_utilisateur('4')
 7 SYSTEMPATH\CodeIgniter.php(466): CodeIgniter\CodeIgniter->runController(Object(App\Controllers\Utilisateurs))
 8 SYSTEMPATH\CodeIgniter.php(349): CodeIgniter\CodeIgniter->handleRequest(null, Object(Config\Cache), false)
 9 FCPATH\index.php(55): CodeIgniter\CodeIgniter->run()
CRITICAL - 2022-07-05 08:03:47 --> Undefined array key "utilisateur_email"
in APPPATH\Views\utilisateurs\modification-utilisateur.php on line 53.
 1 APPPATH\Views\utilisateurs\modification-utilisateur.php(53): CodeIgniter\Debug\Exceptions->errorHandler(2, 'Undefined array key "utilisateur_email"', 'APPPATH\\Views\\utilisateurs\\modification-utilisateur.php', 53)
 2 SYSTEMPATH\View\View.php(213): include('APPPATH\\Views\\utilisateurs\\modification-utilisateur.php')
 3 SYSTEMPATH\View\View.php(216): CodeIgniter\View\View->CodeIgniter\View\{closure}()
 4 SYSTEMPATH\Common.php(1135): CodeIgniter\View\View->render('utilisateurs/modification-utilisateur', [], true)
 5 APPPATH\Controllers\Utilisateurs.php(172): view('utilisateurs/modification-utilisateur', [...])
 6 SYSTEMPATH\CodeIgniter.php(896): App\Controllers\Utilisateurs->modifier_un_profil_utilisateur('4')
 7 SYSTEMPATH\CodeIgniter.php(466): CodeIgniter\CodeIgniter->runController(Object(App\Controllers\Utilisateurs))
 8 SYSTEMPATH\CodeIgniter.php(349): CodeIgniter\CodeIgniter->handleRequest(null, Object(Config\Cache), false)
 9 FCPATH\index.php(55): CodeIgniter\CodeIgniter->run()
CRITICAL - 2022-07-05 08:04:40 --> Undefined array key "utilisateur_email"
in APPPATH\Views\utilisateurs\modification-utilisateur.php on line 53.
 1 APPPATH\Views\utilisateurs\modification-utilisateur.php(53): CodeIgniter\Debug\Exceptions->errorHandler(2, 'Undefined array key "utilisateur_email"', 'APPPATH\\Views\\utilisateurs\\modification-utilisateur.php', 53)
 2 SYSTEMPATH\View\View.php(213): include('APPPATH\\Views\\utilisateurs\\modification-utilisateur.php')
 3 SYSTEMPATH\View\View.php(216): CodeIgniter\View\View->CodeIgniter\View\{closure}()
 4 SYSTEMPATH\Common.php(1135): CodeIgniter\View\View->render('utilisateurs/modification-utilisateur', [], true)
 5 APPPATH\Controllers\Utilisateurs.php(172): view('utilisateurs/modification-utilisateur', [...])
 6 SYSTEMPATH\CodeIgniter.php(896): App\Controllers\Utilisateurs->modifier_un_profil_utilisateur('4')
 7 SYSTEMPATH\CodeIgniter.php(466): CodeIgniter\CodeIgniter->runController(Object(App\Controllers\Utilisateurs))
 8 SYSTEMPATH\CodeIgniter.php(349): CodeIgniter\CodeIgniter->handleRequest(null, Object(Config\Cache), false)
 9 FCPATH\index.php(55): CodeIgniter\CodeIgniter->run()
CRITICAL - 2022-07-05 08:07:45 --> Undefined array key "utilisateur_login"
in APPPATH\Views\utilisateurs\modification-utilisateur.php on line 20.
 1 APPPATH\Views\utilisateurs\modification-utilisateur.php(20): CodeIgniter\Debug\Exceptions->errorHandler(2, 'Undefined array key "utilisateur_login"', 'APPPATH\\Views\\utilisateurs\\modification-utilisateur.php', 20)
 2 SYSTEMPATH\View\View.php(213): include('APPPATH\\Views\\utilisateurs\\modification-utilisateur.php')
 3 SYSTEMPATH\View\View.php(216): CodeIgniter\View\View->CodeIgniter\View\{closure}()
 4 SYSTEMPATH\Common.php(1135): CodeIgniter\View\View->render('utilisateurs/modification-utilisateur', [], true)
 5 APPPATH\Controllers\Utilisateurs.php(172): view('utilisateurs/modification-utilisateur', [...])
 6 SYSTEMPATH\CodeIgniter.php(896): App\Controllers\Utilisateurs->modifier_un_profil_utilisateur('4')
 7 SYSTEMPATH\CodeIgniter.php(466): CodeIgniter\CodeIgniter->runController(Object(App\Controllers\Utilisateurs))
 8 SYSTEMPATH\CodeIgniter.php(349): CodeIgniter\CodeIgniter->handleRequest(null, Object(Config\Cache), false)
 9 FCPATH\index.php(55): CodeIgniter\CodeIgniter->run()
