CRITICAL - 2022-06-29 02:30:16 --> Undefined variable $Titre
in APPPATH\Views\agences\ajout.php on line 10.
 1 APPPATH\Views\agences\ajout.php(10): CodeIgniter\Debug\Exceptions->errorHandler(2, 'Undefined variable $Titre', 'APPPATH\\Views\\agences\\ajout.php', 10)
 2 SYSTEMPATH\View\View.php(213): include('APPPATH\\Views\\agences\\ajout.php')
 3 SYSTEMPATH\View\View.php(216): CodeIgniter\View\View->CodeIgniter\View\{closure}()
 4 SYSTEMPATH\Common.php(1135): CodeIgniter\View\View->render('agences/ajout', [], true)
 5 APPPATH\Controllers\Agences.php(66): view('agences/ajout', [...])
 6 SYSTEMPATH\CodeIgniter.php(896): App\Controllers\Agences->ajout()
 7 SYSTEMPATH\CodeIgniter.php(466): CodeIgniter\CodeIgniter->runController(Object(App\Controllers\Agences))
 8 SYSTEMPATH\CodeIgniter.php(349): CodeIgniter\CodeIgniter->handleRequest(null, Object(Config\Cache), false)
 9 FCPATH\index.php(55): CodeIgniter\CodeIgniter->run()
CRITICAL - 2022-06-29 03:11:03 --> Invalid file: agences/ajout.php
in SYSTEMPATH\Exceptions\FrameworkException.php on line 33.
 1 SYSTEMPATH\View\View.php(201): CodeIgniter\Exceptions\FrameworkException::forInvalidFile('agences/ajout.php')
 2 SYSTEMPATH\Common.php(1135): CodeIgniter\View\View->render('agences/ajout', [], true)
 3 APPPATH\Controllers\Agences.php(65): view('agences/ajout', [...])
 4 SYSTEMPATH\CodeIgniter.php(896): App\Controllers\Agences->ajouter_une_agence()
 5 SYSTEMPATH\CodeIgniter.php(466): CodeIgniter\CodeIgniter->runController(Object(App\Controllers\Agences))
 6 SYSTEMPATH\CodeIgniter.php(349): CodeIgniter\CodeIgniter->handleRequest(null, Object(Config\Cache), false)
 7 FCPATH\index.php(55): CodeIgniter\CodeIgniter->run()
